{"/home/runner/work/spore-tskit/spore-tskit/src/index.ts": {"path":"/home/runner/work/spore-tskit/spore-tskit/src/index.ts","statementMap":{"0":{"start":{"line":1,"column":0},"end":{"line":1,"column":null}},"1":{"start":{"line":2,"column":0},"end":{"line":2,"column":null}},"2":{"start":{"line":3,"column":0},"end":{"line":3,"column":null}},"3":{"start":{"line":4,"column":0},"end":{"line":4,"column":null}},"4":{"start":{"line":5,"column":0},"end":{"line":5,"column":null}},"5":{"start":{"line":6,"column":0},"end":{"line":6,"column":null}},"6":{"start":{"line":7,"column":0},"end":{"line":7,"column":null}}},"fnMap":{},"branchMap":{},"s":{"0":7,"1":7,"2":7,"3":7,"4":7,"5":7,"6":7},"f":{},"b":{}}
,"/home/runner/work/spore-tskit/spore-tskit/src/dom/eventOccurInside.ts": {"path":"/home/runner/work/spore-tskit/spore-tskit/src/dom/eventOccurInside.ts","statementMap":{"0":{"start":{"line":18,"column":2},"end":{"line":22,"column":null}},"1":{"start":{"line":19,"column":15},"end":{"line":19,"column":null}},"2":{"start":{"line":21,"column":4},"end":{"line":21,"column":11}},"3":{"start":{"line":23,"column":2},"end":{"line":23,"column":9}},"4":{"start":{"line":17,"column":0},"end":{"line":17,"column":16}},"5":{"start":{"line":26,"column":0},"end":{"line":26,"column":15}}},"fnMap":{"0":{"name":"eventOccurInside","decl":{"start":{"line":17,"column":16},"end":{"line":17,"column":33}},"loc":{"start":{"line":17,"column":64},"end":{"line":24,"column":null}}}},"branchMap":{"0":{"loc":{"start":{"line":18,"column":2},"end":{"line":22,"column":null}},"type":"if","locations":[{"start":{"line":18,"column":2},"end":{"line":22,"column":null}}]},"1":{"loc":{"start":{"line":18,"column":6},"end":{"line":18,"column":37}},"type":"binary-expr","locations":[{"start":{"line":18,"column":6},"end":{"line":18,"column":10}},{"start":{"line":18,"column":14},"end":{"line":18,"column":23}},{"start":{"line":18,"column":23},"end":{"line":18,"column":37}}]}},"s":{"0":2,"1":2,"2":2,"3":0,"4":7,"5":7},"f":{"0":2},"b":{"0":[2],"1":[2,2,2]}}
,"/home/runner/work/spore-tskit/spore-tskit/src/dom/index.ts": {"path":"/home/runner/work/spore-tskit/spore-tskit/src/dom/index.ts","statementMap":{"0":{"start":{"line":7,"column":0},"end":{"line":7,"column":9}},"1":{"start":{"line":7,"column":9},"end":{"line":7,"column":25}},"2":{"start":{"line":8,"column":0},"end":{"line":8,"column":9}},"3":{"start":{"line":8,"column":9},"end":{"line":8,"column":22}}},"fnMap":{"0":{"name":"(anonymous_0)","decl":{"start":{"line":7,"column":9},"end":{"line":7,"column":25}},"loc":{"start":{"line":7,"column":9},"end":{"line":7,"column":null}}},"1":{"name":"(anonymous_1)","decl":{"start":{"line":8,"column":9},"end":{"line":8,"column":22}},"loc":{"start":{"line":8,"column":9},"end":{"line":8,"column":null}}}},"branchMap":{},"s":{"0":7,"1":9,"2":7,"3":9},"f":{"0":2,"1":2},"b":{}}
,"/home/runner/work/spore-tskit/spore-tskit/src/dom/isHTMLElement.ts": {"path":"/home/runner/work/spore-tskit/spore-tskit/src/dom/isHTMLElement.ts","statementMap":{"0":{"start":{"line":11,"column":15},"end":{"line":11,"column":null}},"1":{"start":{"line":12,"column":2},"end":{"line":12,"column":9}},"2":{"start":{"line":10,"column":0},"end":{"line":10,"column":16}},"3":{"start":{"line":19,"column":0},"end":{"line":19,"column":15}}},"fnMap":{"0":{"name":"isHTMLElement","decl":{"start":{"line":10,"column":16},"end":{"line":10,"column":30}},"loc":{"start":{"line":10,"column":43},"end":{"line":17,"column":null}}}},"branchMap":{"0":{"loc":{"start":{"line":13,"column":4},"end":{"line":15,"column":null}},"type":"binary-expr","locations":[{"start":{"line":13,"column":4},"end":{"line":13,"column":8}},{"start":{"line":14,"column":7},"end":{"line":14,"column":null}},{"start":{"line":15,"column":7},"end":{"line":15,"column":null}}]}},"s":{"0":2,"1":2,"2":7,"3":7},"f":{"0":2},"b":{"0":[2,2,1]}}
,"/home/runner/work/spore-tskit/spore-tskit/src/fn/index.ts": {"path":"/home/runner/work/spore-tskit/spore-tskit/src/fn/index.ts","statementMap":{"0":{"start":{"line":7,"column":0},"end":{"line":7,"column":9}},"1":{"start":{"line":7,"column":9},"end":{"line":7,"column":16}},"2":{"start":{"line":8,"column":0},"end":{"line":8,"column":9}},"3":{"start":{"line":8,"column":9},"end":{"line":8,"column":19}},"4":{"start":{"line":9,"column":0},"end":{"line":9,"column":9}},"5":{"start":{"line":9,"column":9},"end":{"line":9,"column":24}},"6":{"start":{"line":10,"column":0},"end":{"line":10,"column":9}},"7":{"start":{"line":10,"column":9},"end":{"line":10,"column":17}},"8":{"start":{"line":11,"column":0},"end":{"line":11,"column":9}},"9":{"start":{"line":11,"column":9},"end":{"line":11,"column":19}}},"fnMap":{"0":{"name":"(anonymous_0)","decl":{"start":{"line":7,"column":9},"end":{"line":7,"column":16}},"loc":{"start":{"line":7,"column":9},"end":{"line":7,"column":null}}},"1":{"name":"(anonymous_1)","decl":{"start":{"line":8,"column":9},"end":{"line":8,"column":19}},"loc":{"start":{"line":8,"column":9},"end":{"line":8,"column":null}}},"2":{"name":"(anonymous_2)","decl":{"start":{"line":9,"column":9},"end":{"line":9,"column":24}},"loc":{"start":{"line":9,"column":9},"end":{"line":9,"column":null}}},"3":{"name":"(anonymous_3)","decl":{"start":{"line":10,"column":9},"end":{"line":10,"column":17}},"loc":{"start":{"line":10,"column":9},"end":{"line":10,"column":null}}},"4":{"name":"(anonymous_4)","decl":{"start":{"line":11,"column":9},"end":{"line":11,"column":19}},"loc":{"start":{"line":11,"column":9},"end":{"line":11,"column":null}}}},"branchMap":{},"s":{"0":7,"1":8,"2":7,"3":8,"4":7,"5":10,"6":7,"7":8,"8":7,"9":8},"f":{"0":1,"1":1,"2":3,"3":1,"4":1},"b":{}}
,"/home/runner/work/spore-tskit/spore-tskit/src/fn/setLock.ts": {"path":"/home/runner/work/spore-tskit/spore-tskit/src/fn/setLock.ts","statementMap":{"0":{"start":{"line":23,"column":27},"end":{"line":23,"column":null}},"1":{"start":{"line":24,"column":2},"end":{"line":24,"column":9}},"2":{"start":{"line":24,"column":10},"end":{"line":24,"column":28}},"3":{"start":{"line":25,"column":4},"end":{"line":25,"column":null}},"4":{"start":{"line":25,"column":15},"end":{"line":25,"column":null}},"5":{"start":{"line":26,"column":4},"end":{"line":26,"column":9}},"6":{"start":{"line":27,"column":6},"end":{"line":27,"column":11}},"7":{"start":{"line":29,"column":4},"end":{"line":29,"column":6}},"8":{"start":{"line":19,"column":0},"end":{"line":19,"column":16}},"9":{"start":{"line":33,"column":0},"end":{"line":33,"column":15}}},"fnMap":{"0":{"name":"setLock","decl":{"start":{"line":19,"column":16},"end":{"line":19,"column":null}},"loc":{"start":{"line":21,"column":15},"end":{"line":31,"column":null}}},"1":{"name":"(anonymous_1)","decl":{"start":{"line":24,"column":9},"end":{"line":24,"column":10}},"loc":{"start":{"line":24,"column":9},"end":{"line":30,"column":null}}},"2":{"name":"(anonymous_2)","decl":{"start":{"line":26,"column":23},"end":{"line":26,"column":null}},"loc":{"start":{"line":26,"column":23},"end":{"line":28,"column":7}}}},"branchMap":{"0":{"loc":{"start":{"line":25,"column":4},"end":{"line":25,"column":null}},"type":"if","locations":[{"start":{"line":25,"column":4},"end":{"line":25,"column":null}}]}},"s":{"0":1,"1":1,"2":6,"3":3,"4":1,"5":2,"6":2,"7":2,"8":7,"9":7},"f":{"0":1,"1":3,"2":2},"b":{"0":[1]}}
,"/home/runner/work/spore-tskit/spore-tskit/src/fn/setPrepare.ts": {"path":"/home/runner/work/spore-tskit/spore-tskit/src/fn/setPrepare.ts","statementMap":{"0":{"start":{"line":54,"column":28},"end":{"line":54,"column":null}},"1":{"start":{"line":55,"column":18},"end":{"line":55,"column":null}},"2":{"start":{"line":58,"column":18},"end":{"line":64,"column":null}},"3":{"start":{"line":59,"column":4},"end":{"line":63,"column":null}},"4":{"start":{"line":60,"column":6},"end":{"line":60,"column":8}},"5":{"start":{"line":62,"column":6},"end":{"line":62,"column":11}},"6":{"start":{"line":66,"column":2},"end":{"line":66,"column":9}},"7":{"start":{"line":67,"column":4},"end":{"line":67,"column":13}},"8":{"start":{"line":68,"column":4},"end":{"line":68,"column":11}},"9":{"start":{"line":69,"column":4},"end":{"line":72,"column":null}},"10":{"start":{"line":70,"column":17},"end":{"line":70,"column":22}},"11":{"start":{"line":71,"column":6},"end":{"line":71,"column":8}},"12":{"start":{"line":75,"column":2},"end":{"line":75,"column":9}},"13":{"start":{"line":53,"column":0},"end":{"line":53,"column":16}},"14":{"start":{"line":78,"column":0},"end":{"line":78,"column":15}}},"fnMap":{"0":{"name":"setPrepare","decl":{"start":{"line":53,"column":16},"end":{"line":53,"column":26}},"loc":{"start":{"line":53,"column":26},"end":{"line":76,"column":null}}},"1":{"name":"(anonymous_1)","decl":{"start":{"line":58,"column":18},"end":{"line":58,"column":19}},"loc":{"start":{"line":58,"column":31},"end":{"line":64,"column":null}}},"2":{"name":"(anonymous_2)","decl":{"start":{"line":66,"column":17},"end":{"line":66,"column":18}},"loc":{"start":{"line":66,"column":31},"end":{"line":73,"column":null}}}},"branchMap":{"0":{"loc":{"start":{"line":59,"column":4},"end":{"line":63,"column":null}},"type":"if","locations":[{"start":{"line":59,"column":4},"end":{"line":63,"column":null}},{"start":{"line":61,"column":11},"end":{"line":63,"column":null}}]}},"s":{"0":1,"1":1,"2":1,"3":3,"4":1,"5":2,"6":1,"7":1,"8":1,"9":1,"10":2,"11":2,"12":1,"13":7,"14":7},"f":{"0":1,"1":3,"2":1},"b":{"0":[1,2]}}
,"/home/runner/work/spore-tskit/spore-tskit/src/fn/setPromiseCache.ts": {"path":"/home/runner/work/spore-tskit/spore-tskit/src/fn/setPromiseCache.ts","statementMap":{"0":{"start":{"line":29,"column":0},"end":{"line":29,"column":16}},"1":{"start":{"line":31,"column":2},"end":{"line":31,"column":null}},"2":{"start":{"line":31,"column":2},"end":{"line":31,"column":23}},"3":{"start":{"line":33,"column":29},"end":{"line":33,"column":null}},"4":{"start":{"line":34,"column":26},"end":{"line":34,"column":null}},"5":{"start":{"line":35,"column":2},"end":{"line":35,"column":10}},"6":{"start":{"line":35,"column":17},"end":{"line":35,"column":35}},"7":{"start":{"line":36,"column":8},"end":{"line":36,"column":10}},"8":{"start":{"line":37,"column":10},"end":{"line":37,"column":13}},"9":{"start":{"line":38,"column":4},"end":{"line":43,"column":null}},"10":{"start":{"line":42,"column":6},"end":{"line":42,"column":8}},"11":{"start":{"line":44,"column":4},"end":{"line":47,"column":null}},"12":{"start":{"line":45,"column":6},"end":{"line":45,"column":15}},"13":{"start":{"line":46,"column":6},"end":{"line":46,"column":8}},"14":{"start":{"line":48,"column":9},"end":{"line":48,"column":15}},"15":{"start":{"line":48,"column":4},"end":{"line":48,"column":6}},"16":{"start":{"line":49,"column":4},"end":{"line":49,"column":11}},"17":{"start":{"line":53,"column":0},"end":{"line":53,"column":15}}},"fnMap":{"0":{"name":"setPromiseCache","decl":{"start":{"line":29,"column":16},"end":{"line":29,"column":null}},"loc":{"start":{"line":31,"column":23},"end":{"line":51,"column":null}}},"1":{"name":"(anonymous_14)","decl":{"start":{"line":35,"column":10},"end":{"line":35,"column":17}},"loc":{"start":{"line":35,"column":10},"end":{"line":50,"column":null}}}},"branchMap":{"0":{"loc":{"start":{"line":31,"column":2},"end":{"line":31,"column":null}},"type":"if","locations":[{"start":{"line":31,"column":2},"end":{"line":31,"column":null}}]},"1":{"loc":{"start":{"line":38,"column":4},"end":{"line":43,"column":null}},"type":"if","locations":[{"start":{"line":38,"column":4},"end":{"line":43,"column":null}}]},"2":{"loc":{"start":{"line":39,"column":6},"end":{"line":40,"column":null}},"type":"binary-expr","locations":[{"start":{"line":39,"column":6},"end":{"line":39,"column":null}},{"start":{"line":40,"column":10},"end":{"line":40,"column":null}}]},"3":{"loc":{"start":{"line":44,"column":4},"end":{"line":47,"column":null}},"type":"if","locations":[{"start":{"line":44,"column":4},"end":{"line":47,"column":null}}]}},"s":{"0":10,"1":3,"2":2,"3":3,"4":3,"5":3,"6":16,"7":8,"8":8,"9":8,"10":5,"11":8,"12":5,"13":5,"14":8,"15":8,"16":8,"17":7},"f":{"0":3,"1":8},"b":{"0":[2],"1":[5],"2":[8,8],"3":[5]}}
,"/home/runner/work/spore-tskit/spore-tskit/src/fn/setQueue.ts": {"path":"/home/runner/work/spore-tskit/spore-tskit/src/fn/setQueue.ts","statementMap":{"0":{"start":{"line":23,"column":28},"end":{"line":23,"column":null}},"1":{"start":{"line":24,"column":26},"end":{"line":24,"column":null}},"2":{"start":{"line":25,"column":2},"end":{"line":25,"column":9}},"3":{"start":{"line":25,"column":10},"end":{"line":25,"column":28}},"4":{"start":{"line":26,"column":4},"end":{"line":26,"column":7}},"5":{"start":{"line":27,"column":6},"end":{"line":29,"column":null}},"6":{"start":{"line":28,"column":8},"end":{"line":28,"column":10}},"7":{"start":{"line":31,"column":4},"end":{"line":40,"column":null}},"8":{"start":{"line":32,"column":6},"end":{"line":32,"column":11}},"9":{"start":{"line":33,"column":8},"end":{"line":38,"column":null}},"10":{"start":{"line":34,"column":10},"end":{"line":34,"column":23}},"11":{"start":{"line":35,"column":10},"end":{"line":35,"column":15}},"12":{"start":{"line":37,"column":10},"end":{"line":37,"column":13}},"13":{"start":{"line":22,"column":0},"end":{"line":22,"column":16}},"14":{"start":{"line":44,"column":0},"end":{"line":44,"column":15}}},"fnMap":{"0":{"name":"setQueue","decl":{"start":{"line":22,"column":16},"end":{"line":22,"column":25}},"loc":{"start":{"line":22,"column":52},"end":{"line":42,"column":null}}},"1":{"name":"(anonymous_1)","decl":{"start":{"line":25,"column":9},"end":{"line":25,"column":10}},"loc":{"start":{"line":25,"column":9},"end":{"line":41,"column":null}}},"2":{"name":"(anonymous_2)","decl":{"start":{"line":26,"column":13},"end":{"line":26,"column":null}},"loc":{"start":{"line":26,"column":13},"end":{"line":30,"column":null}}},"3":{"name":"(anonymous_3)","decl":{"start":{"line":32,"column":26},"end":{"line":32,"column":null}},"loc":{"start":{"line":32,"column":26},"end":{"line":39,"column":9}}}},"branchMap":{"0":{"loc":{"start":{"line":27,"column":6},"end":{"line":29,"column":null}},"type":"if","locations":[{"start":{"line":27,"column":6},"end":{"line":29,"column":null}}]},"1":{"loc":{"start":{"line":31,"column":4},"end":{"line":40,"column":null}},"type":"if","locations":[{"start":{"line":31,"column":4},"end":{"line":40,"column":null}}]},"2":{"loc":{"start":{"line":33,"column":8},"end":{"line":38,"column":null}},"type":"if","locations":[{"start":{"line":33,"column":8},"end":{"line":38,"column":null}},{"start":{"line":36,"column":15},"end":{"line":38,"column":null}}]}},"s":{"0":1,"1":1,"2":1,"3":4,"4":2,"5":2,"6":2,"7":2,"8":1,"9":3,"10":1,"11":1,"12":2,"13":7,"14":7},"f":{"0":1,"1":2,"2":2,"3":3},"b":{"0":[2],"1":[1],"2":[1,2]}}
,"/home/runner/work/spore-tskit/spore-tskit/src/fn/setRegular.ts": {"path":"/home/runner/work/spore-tskit/spore-tskit/src/fn/setRegular.ts","statementMap":{"0":{"start":{"line":27,"column":15},"end":{"line":27,"column":null}},"1":{"start":{"line":28,"column":28},"end":{"line":28,"column":null}},"2":{"start":{"line":29,"column":2},"end":{"line":29,"column":9}},"3":{"start":{"line":29,"column":10},"end":{"line":29,"column":28}},"4":{"start":{"line":30,"column":4},"end":{"line":30,"column":10}},"5":{"start":{"line":31,"column":4},"end":{"line":42,"column":null}},"6":{"start":{"line":32,"column":6},"end":{"line":32,"column":11}},"7":{"start":{"line":33,"column":8},"end":{"line":35,"column":null}},"8":{"start":{"line":34,"column":10},"end":{"line":34,"column":12}},"9":{"start":{"line":36,"column":8},"end":{"line":39,"column":null}},"10":{"start":{"line":37,"column":10},"end":{"line":37,"column":23}},"11":{"start":{"line":38,"column":10},"end":{"line":38,"column":15}},"12":{"start":{"line":40,"column":8},"end":{"line":40,"column":14}},"13":{"start":{"line":26,"column":0},"end":{"line":26,"column":16}},"14":{"start":{"line":46,"column":0},"end":{"line":46,"column":15}}},"fnMap":{"0":{"name":"setRegular","decl":{"start":{"line":26,"column":16},"end":{"line":26,"column":27}},"loc":{"start":{"line":26,"column":54},"end":{"line":44,"column":null}}},"1":{"name":"(anonymous_1)","decl":{"start":{"line":29,"column":9},"end":{"line":29,"column":10}},"loc":{"start":{"line":29,"column":9},"end":{"line":43,"column":null}}},"2":{"name":"(anonymous_2)","decl":{"start":{"line":32,"column":26},"end":{"line":32,"column":null}},"loc":{"start":{"line":32,"column":26},"end":{"line":41,"column":9}}}},"branchMap":{"0":{"loc":{"start":{"line":31,"column":4},"end":{"line":42,"column":null}},"type":"if","locations":[{"start":{"line":31,"column":4},"end":{"line":42,"column":null}}]},"1":{"loc":{"start":{"line":33,"column":8},"end":{"line":35,"column":null}},"type":"if","locations":[{"start":{"line":33,"column":8},"end":{"line":35,"column":null}}]},"2":{"loc":{"start":{"line":36,"column":8},"end":{"line":39,"column":null}},"type":"if","locations":[{"start":{"line":36,"column":8},"end":{"line":39,"column":null}}]}},"s":{"0":1,"1":1,"2":1,"3":22,"4":11,"5":11,"6":1,"7":3,"8":3,"9":3,"10":0,"11":0,"12":3,"13":7,"14":7},"f":{"0":1,"1":11,"2":3},"b":{"0":[1],"1":[3],"2":[0]}}
,"/home/runner/work/spore-tskit/spore-tskit/src/io/getScript.ts": {"path":"/home/runner/work/spore-tskit/spore-tskit/src/io/getScript.ts","statementMap":{"0":{"start":{"line":23,"column":2},"end":{"line":23,"column":9}},"1":{"start":{"line":24,"column":14},"end":{"line":24,"column":null}},"2":{"start":{"line":29,"column":19},"end":{"line":29,"column":27}},"3":{"start":{"line":30,"column":4},"end":{"line":30,"column":10}},"4":{"start":{"line":31,"column":4},"end":{"line":31,"column":10}},"5":{"start":{"line":33,"column":4},"end":{"line":35,"column":null}},"6":{"start":{"line":34,"column":6},"end":{"line":34,"column":12}},"7":{"start":{"line":38,"column":4},"end":{"line":38,"column":10}},"8":{"start":{"line":39,"column":6},"end":{"line":39,"column":12}},"9":{"start":{"line":40,"column":6},"end":{"line":40,"column":null}},"10":{"start":{"line":43,"column":17},"end":{"line":43,"column":25}},"11":{"start":{"line":44,"column":4},"end":{"line":44,"column":8}},"12":{"start":{"line":19,"column":0},"end":{"line":19,"column":16}},"13":{"start":{"line":48,"column":0},"end":{"line":48,"column":15}}},"fnMap":{"0":{"name":"getScript","decl":{"start":{"line":19,"column":16},"end":{"line":19,"column":null}},"loc":{"start":{"line":21,"column":32},"end":{"line":46,"column":null}}},"1":{"name":"(anonymous_3)","decl":{"start":{"line":23,"column":21},"end":{"line":23,"column":22}},"loc":{"start":{"line":23,"column":29},"end":{"line":45,"column":null}}},"2":{"name":"(anonymous_4)","decl":{"start":{"line":38,"column":20},"end":{"line":38,"column":null}},"loc":{"start":{"line":38,"column":20},"end":{"line":41,"column":null}}}},"branchMap":{"0":{"loc":{"start":{"line":33,"column":4},"end":{"line":35,"column":null}},"type":"if","locations":[{"start":{"line":33,"column":4},"end":{"line":35,"column":null}}]}},"s":{"0":2,"1":2,"2":2,"3":2,"4":2,"5":2,"6":0,"7":2,"8":2,"9":2,"10":2,"11":2,"12":7,"13":7},"f":{"0":2,"1":2,"2":2},"b":{"0":[0]}}
,"/home/runner/work/spore-tskit/spore-tskit/src/io/index.ts": {"path":"/home/runner/work/spore-tskit/spore-tskit/src/io/index.ts","statementMap":{"0":{"start":{"line":7,"column":0},"end":{"line":7,"column":9}},"1":{"start":{"line":7,"column":9},"end":{"line":7,"column":18}},"2":{"start":{"line":8,"column":0},"end":{"line":8,"column":9}},"3":{"start":{"line":8,"column":9},"end":{"line":8,"column":16}}},"fnMap":{"0":{"name":"(anonymous_0)","decl":{"start":{"line":7,"column":9},"end":{"line":7,"column":18}},"loc":{"start":{"line":7,"column":9},"end":{"line":7,"column":null}}},"1":{"name":"(anonymous_1)","decl":{"start":{"line":8,"column":9},"end":{"line":8,"column":16}},"loc":{"start":{"line":8,"column":9},"end":{"line":8,"column":null}}}},"branchMap":{},"s":{"0":7,"1":8,"2":7,"3":9},"f":{"0":1,"1":2},"b":{}}
,"/home/runner/work/spore-tskit/spore-tskit/src/io/loadSdk.ts": {"path":"/home/runner/work/spore-tskit/spore-tskit/src/io/loadSdk.ts","statementMap":{"0":{"start":{"line":18,"column":0},"end":{"line":18,"column":null}},"1":{"start":{"line":19,"column":0},"end":{"line":19,"column":null}},"2":{"start":{"line":20,"column":0},"end":{"line":20,"column":null}},"3":{"start":{"line":32,"column":19},"end":{"line":32,"column":null}},"4":{"start":{"line":34,"column":28},"end":{"line":34,"column":null}},"5":{"start":{"line":36,"column":0},"end":{"line":44,"column":null}},"6":{"start":{"line":37,"column":2},"end":{"line":37,"column":7}},"7":{"start":{"line":39,"column":2},"end":{"line":39,"column":7}},"8":{"start":{"line":40,"column":2},"end":{"line":43,"column":null}},"9":{"start":{"line":41,"column":4},"end":{"line":41,"column":9}},"10":{"start":{"line":42,"column":4},"end":{"line":42,"column":8}},"11":{"start":{"line":47,"column":12},"end":{"line":47,"column":null}},"12":{"start":{"line":58,"column":6},"end":{"line":55,"column":null}},"13":{"start":{"line":58,"column":6},"end":{"line":56,"column":null}},"14":{"start":{"line":58,"column":6},"end":{"line":57,"column":null}},"15":{"start":{"line":60,"column":11},"end":{"line":60,"column":17}},"16":{"start":{"line":61,"column":2},"end":{"line":63,"column":null}},"17":{"start":{"line":62,"column":4},"end":{"line":62,"column":11}},"18":{"start":{"line":65,"column":2},"end":{"line":65,"column":4}},"19":{"start":{"line":67,"column":16},"end":{"line":67,"column":20}},"20":{"start":{"line":68,"column":2},"end":{"line":68,"column":7}},"21":{"start":{"line":70,"column":2},"end":{"line":70,"column":9}},"22":{"start":{"line":46,"column":0},"end":{"line":46,"column":16}},"23":{"start":{"line":73,"column":0},"end":{"line":73,"column":15}}},"fnMap":{"0":{"name":"loadSdk","decl":{"start":{"line":46,"column":16},"end":{"line":46,"column":24}},"loc":{"start":{"line":46,"column":51},"end":{"line":71,"column":null}}},"1":{"name":"(anonymous_4)","decl":{"start":{"line":67,"column":10},"end":{"line":67,"column":16}},"loc":{"start":{"line":67,"column":10},"end":{"line":67,"column":null}}}},"branchMap":{"0":{"loc":{"start":{"line":36,"column":0},"end":{"line":44,"column":null}},"type":"if","locations":[{"start":{"line":36,"column":0},"end":{"line":44,"column":null}},{"start":{"line":38,"column":7},"end":{"line":44,"column":null}}]},"1":{"loc":{"start":{"line":40,"column":2},"end":{"line":43,"column":null}},"type":"if","locations":[{"start":{"line":40,"column":2},"end":{"line":43,"column":null}}]},"2":{"loc":{"start":{"line":61,"column":2},"end":{"line":63,"column":null}},"type":"if","locations":[{"start":{"line":61,"column":2},"end":{"line":63,"column":null}}]}},"s":{"0":7,"1":7,"2":7,"3":7,"4":7,"5":7,"6":0,"7":7,"8":7,"9":7,"10":7,"11":2,"12":2,"13":2,"14":2,"15":2,"16":2,"17":1,"18":1,"19":1,"20":1,"21":1,"22":7,"23":7},"f":{"0":2,"1":1},"b":{"0":[0,7],"1":[7],"2":[1]}}
,"/home/runner/work/spore-tskit/spore-tskit/src/num/commaFormat.ts": {"path":"/home/runner/work/spore-tskit/spore-tskit/src/num/commaFormat.ts","statementMap":{"0":{"start":{"line":14,"column":16},"end":{"line":14,"column":19}},"1":{"start":{"line":15,"column":2},"end":{"line":17,"column":null}},"2":{"start":{"line":16,"column":4},"end":{"line":16,"column":9}},"3":{"start":{"line":18,"column":2},"end":{"line":20,"column":null}},"4":{"start":{"line":19,"column":4},"end":{"line":19,"column":9}},"5":{"start":{"line":21,"column":2},"end":{"line":21,"column":9}},"6":{"start":{"line":13,"column":0},"end":{"line":13,"column":16}},"7":{"start":{"line":24,"column":0},"end":{"line":24,"column":15}}},"fnMap":{"0":{"name":"commaFormat","decl":{"start":{"line":13,"column":16},"end":{"line":13,"column":28}},"loc":{"start":{"line":13,"column":39},"end":{"line":22,"column":null}}}},"branchMap":{"0":{"loc":{"start":{"line":15,"column":2},"end":{"line":17,"column":null}},"type":"if","locations":[{"start":{"line":15,"column":2},"end":{"line":17,"column":null}}]},"1":{"loc":{"start":{"line":18,"column":2},"end":{"line":20,"column":null}},"type":"if","locations":[{"start":{"line":18,"column":2},"end":{"line":20,"column":null}}]}},"s":{"0":3,"1":3,"2":3,"3":3,"4":1,"5":3,"6":7,"7":7},"f":{"0":3},"b":{"0":[3],"1":[1]}}
,"/home/runner/work/spore-tskit/spore-tskit/src/num/fixAccuracy.ts": {"path":"/home/runner/work/spore-tskit/spore-tskit/src/num/fixAccuracy.ts","statementMap":{"0":{"start":{"line":16,"column":2},"end":{"line":16,"column":null}},"1":{"start":{"line":16,"column":2},"end":{"line":16,"column":23}},"2":{"start":{"line":18,"column":2},"end":{"line":18,"column":9}},"3":{"start":{"line":14,"column":0},"end":{"line":14,"column":16}},"4":{"start":{"line":21,"column":0},"end":{"line":21,"column":15}}},"fnMap":{"0":{"name":"fixAccuracy","decl":{"start":{"line":14,"column":16},"end":{"line":14,"column":null}},"loc":{"start":{"line":16,"column":23},"end":{"line":19,"column":null}}}},"branchMap":{"0":{"loc":{"start":{"line":16,"column":2},"end":{"line":16,"column":null}},"type":"if","locations":[{"start":{"line":16,"column":2},"end":{"line":16,"column":null}}]}},"s":{"0":2,"1":2,"2":2,"3":7,"4":7},"f":{"0":2},"b":{"0":[2]}}
,"/home/runner/work/spore-tskit/spore-tskit/src/num/index.ts": {"path":"/home/runner/work/spore-tskit/spore-tskit/src/num/index.ts","statementMap":{"0":{"start":{"line":7,"column":0},"end":{"line":7,"column":9}},"1":{"start":{"line":7,"column":9},"end":{"line":7,"column":20}},"2":{"start":{"line":8,"column":0},"end":{"line":8,"column":9}},"3":{"start":{"line":8,"column":9},"end":{"line":8,"column":20}}},"fnMap":{"0":{"name":"(anonymous_0)","decl":{"start":{"line":7,"column":9},"end":{"line":7,"column":20}},"loc":{"start":{"line":7,"column":9},"end":{"line":7,"column":null}}},"1":{"name":"(anonymous_1)","decl":{"start":{"line":8,"column":9},"end":{"line":8,"column":20}},"loc":{"start":{"line":8,"column":9},"end":{"line":8,"column":null}}}},"branchMap":{},"s":{"0":7,"1":10,"2":7,"3":9},"f":{"0":3,"1":2},"b":{}}
,"/home/runner/work/spore-tskit/spore-tskit/src/str/byteLength.ts": {"path":"/home/runner/work/spore-tskit/spore-tskit/src/str/byteLength.ts","statementMap":{"0":{"start":{"line":13,"column":15},"end":{"line":13,"column":null}},"1":{"start":{"line":14,"column":2},"end":{"line":16,"column":null}},"2":{"start":{"line":15,"column":4},"end":{"line":15,"column":11}},"3":{"start":{"line":17,"column":2},"end":{"line":17,"column":8}},"4":{"start":{"line":18,"column":2},"end":{"line":18,"column":10}},"5":{"start":{"line":12,"column":0},"end":{"line":12,"column":16}},"6":{"start":{"line":21,"column":0},"end":{"line":21,"column":15}}},"fnMap":{"0":{"name":"byteLength","decl":{"start":{"line":12,"column":16},"end":{"line":12,"column":27}},"loc":{"start":{"line":12,"column":38},"end":{"line":19,"column":null}}}},"branchMap":{"0":{"loc":{"start":{"line":14,"column":2},"end":{"line":16,"column":null}},"type":"if","locations":[{"start":{"line":14,"column":2},"end":{"line":16,"column":null}}]},"1":{"loc":{"start":{"line":18,"column":24},"end":{"line":18,"column":null}},"type":"cond-expr","locations":[{"start":{"line":18,"column":34},"end":{"line":18,"column":38}},{"start":{"line":18,"column":38},"end":{"line":18,"column":null}}]}},"s":{"0":9,"1":9,"2":1,"3":8,"4":8,"5":7,"6":7},"f":{"0":9},"b":{"0":[1],"1":[1,7]}}
,"/home/runner/work/spore-tskit/spore-tskit/src/str/dbcToSbc.ts": {"path":"/home/runner/work/spore-tskit/spore-tskit/src/str/dbcToSbc.ts","statementMap":{"0":{"start":{"line":12,"column":2},"end":{"line":12,"column":9}},"1":{"start":{"line":14,"column":27},"end":{"line":14,"column":28}},"2":{"start":{"line":11,"column":0},"end":{"line":11,"column":16}},"3":{"start":{"line":18,"column":0},"end":{"line":18,"column":15}}},"fnMap":{"0":{"name":"dbcToSbc","decl":{"start":{"line":11,"column":16},"end":{"line":11,"column":25}},"loc":{"start":{"line":11,"column":36},"end":{"line":16,"column":null}}},"1":{"name":"(anonymous_1)","decl":{"start":{"line":14,"column":4},"end":{"line":14,"column":5}},"loc":{"start":{"line":14,"column":14},"end":{"line":14,"column":null}}}},"branchMap":{},"s":{"0":1,"1":10,"2":7,"3":7},"f":{"0":1,"1":10},"b":{}}
,"/home/runner/work/spore-tskit/spore-tskit/src/str/decodeHTML.ts": {"path":"/home/runner/work/spore-tskit/spore-tskit/src/str/decodeHTML.ts","statementMap":{"0":{"start":{"line":12,"column":2},"end":{"line":12,"column":9}},"1":{"start":{"line":11,"column":0},"end":{"line":11,"column":16}},"2":{"start":{"line":21,"column":0},"end":{"line":21,"column":15}}},"fnMap":{"0":{"name":"decodeHTML","decl":{"start":{"line":11,"column":16},"end":{"line":11,"column":27}},"loc":{"start":{"line":11,"column":38},"end":{"line":19,"column":null}}}},"branchMap":{},"s":{"0":1,"1":7,"2":7},"f":{"0":1},"b":{}}
,"/home/runner/work/spore-tskit/spore-tskit/src/str/encodeHTML.ts": {"path":"/home/runner/work/spore-tskit/spore-tskit/src/str/encodeHTML.ts","statementMap":{"0":{"start":{"line":13,"column":2},"end":{"line":13,"column":9}},"1":{"start":{"line":12,"column":0},"end":{"line":12,"column":16}},"2":{"start":{"line":22,"column":0},"end":{"line":22,"column":15}}},"fnMap":{"0":{"name":"encodeHTML","decl":{"start":{"line":12,"column":16},"end":{"line":12,"column":27}},"loc":{"start":{"line":12,"column":38},"end":{"line":20,"column":null}}}},"branchMap":{},"s":{"0":1,"1":7,"2":7},"f":{"0":1},"b":{}}
,"/home/runner/work/spore-tskit/spore-tskit/src/str/getLeftByteString.ts": {"path":"/home/runner/work/spore-tskit/spore-tskit/src/str/getLeftByteString.ts","statementMap":{"0":{"start":{"line":14,"column":0},"end":{"line":14,"column":null}},"1":{"start":{"line":17,"column":19},"end":{"line":17,"column":22}},"2":{"start":{"line":19,"column":22},"end":{"line":21,"column":null}},"3":{"start":{"line":22,"column":11},"end":{"line":22,"column":14}},"4":{"start":{"line":23,"column":2},"end":{"line":25,"column":null}},"5":{"start":{"line":24,"column":4},"end":{"line":24,"column":6}},"6":{"start":{"line":26,"column":2},"end":{"line":26,"column":9}},"7":{"start":{"line":16,"column":0},"end":{"line":16,"column":16}},"8":{"start":{"line":29,"column":0},"end":{"line":29,"column":15}}},"fnMap":{"0":{"name":"getLeftByteString","decl":{"start":{"line":16,"column":16},"end":{"line":16,"column":34}},"loc":{"start":{"line":16,"column":59},"end":{"line":27,"column":null}}}},"branchMap":{"0":{"loc":{"start":{"line":23,"column":2},"end":{"line":25,"column":null}},"type":"if","locations":[{"start":{"line":23,"column":2},"end":{"line":25,"column":null}}]},"1":{"loc":{"start":{"line":23,"column":6},"end":{"line":23,"column":41}},"type":"binary-expr","locations":[{"start":{"line":23,"column":6},"end":{"line":23,"column":31}},{"start":{"line":23,"column":31},"end":{"line":23,"column":41}}]}},"s":{"0":7,"1":6,"2":6,"3":6,"4":6,"5":0,"6":6,"7":7,"8":7},"f":{"0":6},"b":{"0":[0],"1":[6,0]}}
,"/home/runner/work/spore-tskit/spore-tskit/src/str/getRnd36.ts": {"path":"/home/runner/work/spore-tskit/spore-tskit/src/str/getRnd36.ts","statementMap":{"0":{"start":{"line":12,"column":18},"end":{"line":12,"column":29}},"1":{"start":{"line":13,"column":2},"end":{"line":13,"column":9}},"2":{"start":{"line":11,"column":0},"end":{"line":11,"column":16}},"3":{"start":{"line":16,"column":0},"end":{"line":16,"column":15}}},"fnMap":{"0":{"name":"getRnd36","decl":{"start":{"line":11,"column":16},"end":{"line":11,"column":25}},"loc":{"start":{"line":11,"column":37},"end":{"line":14,"column":null}}}},"branchMap":{"0":{"loc":{"start":{"line":12,"column":18},"end":{"line":12,"column":29}},"type":"binary-expr","locations":[{"start":{"line":12,"column":18},"end":{"line":12,"column":21}},{"start":{"line":12,"column":25},"end":{"line":12,"column":29}}]}},"s":{"0":3,"1":3,"2":7,"3":7},"f":{"0":3},"b":{"0":[3,2]}}
,"/home/runner/work/spore-tskit/spore-tskit/src/str/getTime36.ts": {"path":"/home/runner/work/spore-tskit/spore-tskit/src/str/getTime36.ts","statementMap":{"0":{"start":{"line":13,"column":17},"end":{"line":13,"column":55}},"1":{"start":{"line":14,"column":2},"end":{"line":14,"column":9}},"2":{"start":{"line":12,"column":0},"end":{"line":12,"column":16}},"3":{"start":{"line":17,"column":0},"end":{"line":17,"column":15}}},"fnMap":{"0":{"name":"getTime36","decl":{"start":{"line":12,"column":16},"end":{"line":12,"column":26}},"loc":{"start":{"line":12,"column":41},"end":{"line":15,"column":null}}}},"branchMap":{"0":{"loc":{"start":{"line":13,"column":17},"end":{"line":13,"column":55}},"type":"cond-expr","locations":[{"start":{"line":13,"column":24},"end":{"line":13,"column":28}},{"start":{"line":13,"column":51},"end":{"line":13,"column":55}}]}},"s":{"0":2,"1":2,"2":7,"3":7},"f":{"0":2},"b":{"0":[1,1]}}
,"/home/runner/work/spore-tskit/spore-tskit/src/str/index.ts": {"path":"/home/runner/work/spore-tskit/spore-tskit/src/str/index.ts","statementMap":{"0":{"start":{"line":6,"column":0},"end":{"line":6,"column":9}},"1":{"start":{"line":6,"column":9},"end":{"line":6,"column":19}},"2":{"start":{"line":7,"column":0},"end":{"line":7,"column":9}},"3":{"start":{"line":7,"column":9},"end":{"line":7,"column":17}},"4":{"start":{"line":8,"column":0},"end":{"line":8,"column":9}},"5":{"start":{"line":8,"column":9},"end":{"line":8,"column":19}},"6":{"start":{"line":9,"column":0},"end":{"line":9,"column":9}},"7":{"start":{"line":9,"column":9},"end":{"line":9,"column":19}},"8":{"start":{"line":10,"column":0},"end":{"line":10,"column":9}},"9":{"start":{"line":10,"column":9},"end":{"line":10,"column":26}},"10":{"start":{"line":11,"column":0},"end":{"line":11,"column":9}},"11":{"start":{"line":11,"column":9},"end":{"line":11,"column":17}},"12":{"start":{"line":12,"column":0},"end":{"line":12,"column":9}},"13":{"start":{"line":12,"column":9},"end":{"line":12,"column":18}},"14":{"start":{"line":13,"column":0},"end":{"line":13,"column":9}},"15":{"start":{"line":13,"column":9},"end":{"line":13,"column":16}},"16":{"start":{"line":14,"column":0},"end":{"line":14,"column":9}},"17":{"start":{"line":14,"column":9},"end":{"line":14,"column":25}}},"fnMap":{"0":{"name":"(anonymous_0)","decl":{"start":{"line":6,"column":9},"end":{"line":6,"column":19}},"loc":{"start":{"line":6,"column":9},"end":{"line":6,"column":null}}},"1":{"name":"(anonymous_1)","decl":{"start":{"line":7,"column":9},"end":{"line":7,"column":17}},"loc":{"start":{"line":7,"column":9},"end":{"line":7,"column":null}}},"2":{"name":"(anonymous_2)","decl":{"start":{"line":8,"column":9},"end":{"line":8,"column":19}},"loc":{"start":{"line":8,"column":9},"end":{"line":8,"column":null}}},"3":{"name":"(anonymous_3)","decl":{"start":{"line":9,"column":9},"end":{"line":9,"column":19}},"loc":{"start":{"line":9,"column":9},"end":{"line":9,"column":null}}},"4":{"name":"(anonymous_4)","decl":{"start":{"line":10,"column":9},"end":{"line":10,"column":26}},"loc":{"start":{"line":10,"column":9},"end":{"line":10,"column":null}}},"5":{"name":"(anonymous_5)","decl":{"start":{"line":11,"column":9},"end":{"line":11,"column":17}},"loc":{"start":{"line":11,"column":9},"end":{"line":11,"column":null}}},"6":{"name":"(anonymous_6)","decl":{"start":{"line":12,"column":9},"end":{"line":12,"column":18}},"loc":{"start":{"line":12,"column":9},"end":{"line":12,"column":null}}},"7":{"name":"(anonymous_7)","decl":{"start":{"line":13,"column":9},"end":{"line":13,"column":16}},"loc":{"start":{"line":13,"column":9},"end":{"line":13,"column":null}}},"8":{"name":"(anonymous_8)","decl":{"start":{"line":14,"column":9},"end":{"line":14,"column":25}},"loc":{"start":{"line":14,"column":9},"end":{"line":14,"column":null}}}},"branchMap":{},"s":{"0":7,"1":10,"2":7,"3":8,"4":7,"5":8,"6":7,"7":8,"8":7,"9":13,"10":7,"11":10,"12":7,"13":9,"14":7,"15":9,"16":7,"17":8},"f":{"0":3,"1":1,"2":1,"3":1,"4":6,"5":3,"6":2,"7":2,"8":1},"b":{}}
,"/home/runner/work/spore-tskit/spore-tskit/src/str/ipToHex.ts": {"path":"/home/runner/work/spore-tskit/spore-tskit/src/str/ipToHex.ts","statementMap":{"0":{"start":{"line":12,"column":2},"end":{"line":12,"column":9}},"1":{"start":{"line":13,"column":14},"end":{"line":13,"column":null}},"2":{"start":{"line":14,"column":4},"end":{"line":14,"column":7}},"3":{"start":{"line":15,"column":4},"end":{"line":15,"column":7}},"4":{"start":{"line":16,"column":4},"end":{"line":18,"column":null}},"5":{"start":{"line":17,"column":6},"end":{"line":17,"column":9}},"6":{"start":{"line":19,"column":4},"end":{"line":19,"column":11}},"7":{"start":{"line":11,"column":0},"end":{"line":11,"column":16}},"8":{"start":{"line":23,"column":0},"end":{"line":23,"column":15}}},"fnMap":{"0":{"name":"ipToHex","decl":{"start":{"line":11,"column":16},"end":{"line":11,"column":24}},"loc":{"start":{"line":11,"column":34},"end":{"line":21,"column":null}}},"1":{"name":"(anonymous_1)","decl":{"start":{"line":12,"column":33},"end":{"line":12,"column":34}},"loc":{"start":{"line":12,"column":46},"end":{"line":20,"column":null}}}},"branchMap":{"0":{"loc":{"start":{"line":14,"column":10},"end":{"line":14,"column":null}},"type":"binary-expr","locations":[{"start":{"line":14,"column":10},"end":{"line":14,"column":19}},{"start":{"line":14,"column":31},"end":{"line":14,"column":null}}]},"1":{"loc":{"start":{"line":16,"column":4},"end":{"line":18,"column":null}},"type":"if","locations":[{"start":{"line":16,"column":4},"end":{"line":18,"column":null}}]}},"s":{"0":2,"1":8,"2":8,"3":8,"4":8,"5":4,"6":8,"7":7,"8":7},"f":{"0":2,"1":8},"b":{"0":[8,0],"1":[4]}}
,"/home/runner/work/spore-tskit/spore-tskit/src/str/sizeOfUTF8String.ts": {"path":"/home/runner/work/spore-tskit/spore-tskit/src/str/sizeOfUTF8String.ts","statementMap":{"0":{"start":{"line":12,"column":2},"end":{"line":12,"column":null}},"1":{"start":{"line":11,"column":0},"end":{"line":11,"column":16}},"2":{"start":{"line":19,"column":0},"end":{"line":19,"column":15}}},"fnMap":{"0":{"name":"sizeOfUTF8String","decl":{"start":{"line":11,"column":16},"end":{"line":11,"column":33}},"loc":{"start":{"line":11,"column":44},"end":{"line":17,"column":null}}}},"branchMap":{"0":{"loc":{"start":{"line":13,"column":4},"end":{"line":15,"column":null}},"type":"cond-expr","locations":[{"start":{"line":14,"column":8},"end":{"line":14,"column":null}},{"start":{"line":15,"column":8},"end":{"line":15,"column":null}}]}},"s":{"0":1,"1":7,"2":7},"f":{"0":1},"b":{"0":[1,0]}}
,"/home/runner/work/spore-tskit/spore-tskit/src/time/CountDown.ts": {"path":"/home/runner/work/spore-tskit/spore-tskit/src/time/CountDown.ts","statementMap":{"0":{"start":{"line":42,"column":0},"end":{"line":42,"column":null}},"1":{"start":{"line":43,"column":0},"end":{"line":43,"column":null}},"2":{"start":{"line":61,"column":13},"end":{"line":61,"column":44}},"3":{"start":{"line":62,"column":13},"end":{"line":62,"column":29}},"4":{"start":{"line":64,"column":0},"end":{"line":64,"column":13}},"5":{"start":{"line":72,"column":4},"end":{"line":72,"column":9}},"6":{"start":{"line":73,"column":4},"end":{"line":73,"column":9}},"7":{"start":{"line":74,"column":4},"end":{"line":74,"column":9}},"8":{"start":{"line":77,"column":2},"end":{"line":77,"column":null}},"9":{"start":{"line":78,"column":16},"end":{"line":78,"column":20}},"10":{"start":{"line":79,"column":23},"end":{"line":79,"column":null}},"11":{"start":{"line":81,"column":4},"end":{"line":88,"column":null}},"12":{"start":{"line":82,"column":6},"end":{"line":82,"column":11}},"13":{"start":{"line":83,"column":8},"end":{"line":83,"column":10}},"14":{"start":{"line":86,"column":6},"end":{"line":86,"column":19}},"15":{"start":{"line":87,"column":6},"end":{"line":87,"column":11}},"16":{"start":{"line":91,"column":2},"end":{"line":91,"column":null}},"17":{"start":{"line":92,"column":29},"end":{"line":92,"column":11}},"18":{"start":{"line":93,"column":4},"end":{"line":98,"column":null}},"19":{"start":{"line":94,"column":6},"end":{"line":94,"column":11}},"20":{"start":{"line":101,"column":2},"end":{"line":101,"column":6}},"21":{"start":{"line":102,"column":4},"end":{"line":102,"column":9}},"22":{"start":{"line":103,"column":4},"end":{"line":103,"column":9}},"23":{"start":{"line":106,"column":2},"end":{"line":106,"column":9}},"24":{"start":{"line":107,"column":4},"end":{"line":107,"column":9}},"25":{"start":{"line":109,"column":0},"end":{"line":109,"column":1}},"26":{"start":{"line":64,"column":13},"end":{"line":64,"column":null}},"27":{"start":{"line":111,"column":0},"end":{"line":111,"column":13}},"28":{"start":{"line":136,"column":4},"end":{"line":136,"column":9}},"29":{"start":{"line":144,"column":21},"end":{"line":144,"column":11}},"30":{"start":{"line":145,"column":4},"end":{"line":145,"column":9}},"31":{"start":{"line":146,"column":4},"end":{"line":146,"column":9}},"32":{"start":{"line":147,"column":4},"end":{"line":147,"column":9}},"33":{"start":{"line":148,"column":4},"end":{"line":148,"column":9}},"34":{"start":{"line":149,"column":4},"end":{"line":149,"column":9}},"35":{"start":{"line":150,"column":4},"end":{"line":150,"column":9}},"36":{"start":{"line":152,"column":4},"end":{"line":152,"column":9}},"37":{"start":{"line":153,"column":4},"end":{"line":153,"column":9}},"38":{"start":{"line":156,"column":2},"end":{"line":156,"column":null}},"39":{"start":{"line":157,"column":21},"end":{"line":157,"column":11}},"40":{"start":{"line":158,"column":4},"end":{"line":158,"column":9}},"41":{"start":{"line":159,"column":4},"end":{"line":161,"column":null}},"42":{"start":{"line":160,"column":6},"end":{"line":160,"column":11}},"43":{"start":{"line":162,"column":4},"end":{"line":162,"column":9}},"44":{"start":{"line":165,"column":2},"end":{"line":165,"column":null}},"45":{"start":{"line":166,"column":25},"end":{"line":166,"column":11}},"46":{"start":{"line":170,"column":23},"end":{"line":170,"column":null}},"47":{"start":{"line":171,"column":4},"end":{"line":177,"column":null}},"48":{"start":{"line":172,"column":6},"end":{"line":172,"column":18}},"49":{"start":{"line":173,"column":11},"end":{"line":177,"column":null}},"50":{"start":{"line":174,"column":6},"end":{"line":174,"column":18}},"51":{"start":{"line":176,"column":6},"end":{"line":176,"column":18}},"52":{"start":{"line":178,"column":4},"end":{"line":178,"column":9}},"53":{"start":{"line":180,"column":17},"end":{"line":180,"column":null}},"54":{"start":{"line":181,"column":18},"end":{"line":181,"column":30}},"55":{"start":{"line":182,"column":4},"end":{"line":185,"column":null}},"56":{"start":{"line":183,"column":6},"end":{"line":183,"column":13}},"57":{"start":{"line":184,"column":6},"end":{"line":184,"column":18}},"58":{"start":{"line":186,"column":4},"end":{"line":186,"column":9}},"59":{"start":{"line":187,"column":4},"end":{"line":187,"column":11}},"60":{"start":{"line":190,"column":2},"end":{"line":190,"column":9}},"61":{"start":{"line":196,"column":8},"end":{"line":196,"column":null}},"62":{"start":{"line":192,"column":12},"end":{"line":192,"column":null}},"63":{"start":{"line":193,"column":14},"end":{"line":193,"column":null}},"64":{"start":{"line":194,"column":13},"end":{"line":194,"column":null}},"65":{"start":{"line":195,"column":10},"end":{"line":195,"column":null}},"66":{"start":{"line":198,"column":4},"end":{"line":198,"column":9}},"67":{"start":{"line":202,"column":17},"end":{"line":202,"column":21}},"68":{"start":{"line":203,"column":4},"end":{"line":208,"column":null}},"69":{"start":{"line":204,"column":6},"end":{"line":204,"column":11}},"70":{"start":{"line":205,"column":6},"end":{"line":207,"column":null}},"71":{"start":{"line":206,"column":8},"end":{"line":206,"column":12}},"72":{"start":{"line":220,"column":2},"end":{"line":220,"column":12}},"73":{"start":{"line":221,"column":4},"end":{"line":221,"column":9}},"74":{"start":{"line":235,"column":2},"end":{"line":235,"column":10}},"75":{"start":{"line":236,"column":16},"end":{"line":236,"column":64}},"76":{"start":{"line":237,"column":23},"end":{"line":237,"column":null}},"77":{"start":{"line":238,"column":4},"end":{"line":240,"column":null}},"78":{"start":{"line":239,"column":6},"end":{"line":239,"column":11}},"79":{"start":{"line":243,"column":2},"end":{"line":243,"column":8}},"80":{"start":{"line":244,"column":25},"end":{"line":244,"column":11}},"81":{"start":{"line":245,"column":16},"end":{"line":245,"column":null}},"82":{"start":{"line":246,"column":4},"end":{"line":246,"column":9}},"83":{"start":{"line":247,"column":4},"end":{"line":249,"column":null}},"84":{"start":{"line":248,"column":6},"end":{"line":248,"column":11}},"85":{"start":{"line":260,"column":2},"end":{"line":260,"column":null}},"86":{"start":{"line":264,"column":8},"end":{"line":264,"column":null}},"87":{"start":{"line":262,"column":10},"end":{"line":262,"column":null}},"88":{"start":{"line":263,"column":11},"end":{"line":263,"column":null}},"89":{"start":{"line":265,"column":4},"end":{"line":267,"column":null}},"90":{"start":{"line":266,"column":6},"end":{"line":266,"column":11}},"91":{"start":{"line":270,"column":4},"end":{"line":272,"column":null}},"92":{"start":{"line":271,"column":6},"end":{"line":271,"column":10}},"93":{"start":{"line":283,"column":2},"end":{"line":283,"column":null}},"94":{"start":{"line":284,"column":21},"end":{"line":284,"column":11}},"95":{"start":{"line":285,"column":4},"end":{"line":285,"column":8}},"96":{"start":{"line":286,"column":4},"end":{"line":286,"column":8}},"97":{"start":{"line":287,"column":4},"end":{"line":287,"column":9}},"98":{"start":{"line":289,"column":0},"end":{"line":289,"column":1}},"99":{"start":{"line":111,"column":13},"end":{"line":111,"column":null}},"100":{"start":{"line":291,"column":0},"end":{"line":291,"column":15}}},"fnMap":{"0":{"name":"(anonymous_3)","decl":{"start":{"line":64,"column":0},"end":{"line":64,"column":13}},"loc":{"start":{"line":64,"column":0},"end":{"line":109,"column":null}}},"1":{"name":"CountDownMonitor","decl":{"start":{"line":71,"column":2},"end":{"line":71,"column":14}},"loc":{"start":{"line":71,"column":34},"end":{"line":75,"column":null}}},"2":{"name":"(anonymous_5)","decl":{"start":{"line":77,"column":2},"end":{"line":77,"column":null}},"loc":{"start":{"line":77,"column":2},"end":{"line":89,"column":null}}},"3":{"name":"(anonymous_6)","decl":{"start":{"line":82,"column":25},"end":{"line":82,"column":26}},"loc":{"start":{"line":82,"column":28},"end":{"line":84,"column":null}}},"4":{"name":"(anonymous_7)","decl":{"start":{"line":91,"column":2},"end":{"line":91,"column":null}},"loc":{"start":{"line":91,"column":2},"end":{"line":99,"column":null}}},"5":{"name":"(anonymous_8)","decl":{"start":{"line":101,"column":2},"end":{"line":101,"column":6}},"loc":{"start":{"line":101,"column":18},"end":{"line":104,"column":null}}},"6":{"name":"(anonymous_9)","decl":{"start":{"line":106,"column":2},"end":{"line":106,"column":9}},"loc":{"start":{"line":106,"column":21},"end":{"line":108,"column":null}}},"7":{"name":"(anonymous_10)","decl":{"start":{"line":111,"column":0},"end":{"line":111,"column":13}},"loc":{"start":{"line":111,"column":0},"end":{"line":289,"column":null}}},"8":{"name":"CountDown","decl":{"start":{"line":130,"column":2},"end":{"line":130,"column":14}},"loc":{"start":{"line":130,"column":40},"end":{"line":154,"column":null}}},"9":{"name":"(anonymous_12)","decl":{"start":{"line":156,"column":2},"end":{"line":156,"column":null}},"loc":{"start":{"line":156,"column":2},"end":{"line":163,"column":null}}},"10":{"name":"(anonymous_13)","decl":{"start":{"line":165,"column":2},"end":{"line":165,"column":null}},"loc":{"start":{"line":165,"column":2},"end":{"line":188,"column":null}}},"11":{"name":"(anonymous_14)","decl":{"start":{"line":190,"column":2},"end":{"line":190,"column":9}},"loc":{"start":{"line":190,"column":20},"end":{"line":209,"column":null}}},"12":{"name":"(anonymous_15)","decl":{"start":{"line":220,"column":2},"end":{"line":220,"column":12}},"loc":{"start":{"line":220,"column":26},"end":{"line":222,"column":null}}},"13":{"name":"(anonymous_16)","decl":{"start":{"line":235,"column":2},"end":{"line":235,"column":10}},"loc":{"start":{"line":235,"column":52},"end":{"line":241,"column":null}}},"14":{"name":"(anonymous_17)","decl":{"start":{"line":243,"column":2},"end":{"line":243,"column":8}},"loc":{"start":{"line":243,"column":26},"end":{"line":250,"column":null}}},"15":{"name":"(anonymous_18)","decl":{"start":{"line":260,"column":2},"end":{"line":260,"column":null}},"loc":{"start":{"line":260,"column":2},"end":{"line":273,"column":null}}},"16":{"name":"(anonymous_19)","decl":{"start":{"line":283,"column":2},"end":{"line":283,"column":null}},"loc":{"start":{"line":283,"column":2},"end":{"line":288,"column":null}}}},"branchMap":{"0":{"loc":{"start":{"line":81,"column":4},"end":{"line":88,"column":null}},"type":"if","locations":[{"start":{"line":81,"column":4},"end":{"line":88,"column":null}},{"start":{"line":85,"column":11},"end":{"line":88,"column":null}}]},"1":{"loc":{"start":{"line":93,"column":4},"end":{"line":98,"column":null}},"type":"if","locations":[{"start":{"line":93,"column":4},"end":{"line":98,"column":null}}]},"2":{"loc":{"start":{"line":146,"column":20},"end":{"line":146,"column":null}},"type":"binary-expr","locations":[{"start":{"line":146,"column":20},"end":{"line":146,"column":37}},{"start":{"line":146,"column":37},"end":{"line":146,"column":null}}]},"3":{"loc":{"start":{"line":159,"column":4},"end":{"line":161,"column":null}},"type":"if","locations":[{"start":{"line":159,"column":4},"end":{"line":161,"column":null}}]},"4":{"loc":{"start":{"line":171,"column":4},"end":{"line":177,"column":null}},"type":"if","locations":[{"start":{"line":171,"column":4},"end":{"line":177,"column":null}},{"start":{"line":173,"column":11},"end":{"line":177,"column":null}}]},"5":{"loc":{"start":{"line":173,"column":11},"end":{"line":177,"column":null}},"type":"if","locations":[{"start":{"line":173,"column":11},"end":{"line":177,"column":null}},{"start":{"line":175,"column":11},"end":{"line":177,"column":null}}]},"6":{"loc":{"start":{"line":182,"column":4},"end":{"line":185,"column":null}},"type":"if","locations":[{"start":{"line":182,"column":4},"end":{"line":185,"column":null}}]},"7":{"loc":{"start":{"line":203,"column":4},"end":{"line":208,"column":null}},"type":"if","locations":[{"start":{"line":203,"column":4},"end":{"line":208,"column":null}}]},"8":{"loc":{"start":{"line":205,"column":6},"end":{"line":207,"column":null}},"type":"if","locations":[{"start":{"line":205,"column":6},"end":{"line":207,"column":null}}]},"9":{"loc":{"start":{"line":236,"column":16},"end":{"line":236,"column":64}},"type":"cond-expr","locations":[{"start":{"line":236,"column":28},"end":{"line":236,"column":32}},{"start":{"line":236,"column":60},"end":{"line":236,"column":64}}]},"10":{"loc":{"start":{"line":237,"column":23},"end":{"line":237,"column":null}},"type":"cond-expr","locations":[{"start":{"line":237,"column":36},"end":{"line":237,"column":40}},{"start":{"line":237,"column":69},"end":{"line":237,"column":null}}]},"11":{"loc":{"start":{"line":238,"column":4},"end":{"line":240,"column":null}},"type":"if","locations":[{"start":{"line":238,"column":4},"end":{"line":240,"column":null}}]},"12":{"loc":{"start":{"line":247,"column":4},"end":{"line":249,"column":null}},"type":"if","locations":[{"start":{"line":247,"column":4},"end":{"line":249,"column":null}}]},"13":{"loc":{"start":{"line":265,"column":4},"end":{"line":267,"column":null}},"type":"if","locations":[{"start":{"line":265,"column":4},"end":{"line":267,"column":null}}]},"14":{"loc":{"start":{"line":270,"column":4},"end":{"line":272,"column":null}},"type":"if","locations":[{"start":{"line":270,"column":4},"end":{"line":272,"column":null}}]}},"s":{"0":7,"1":7,"2":7,"3":7,"4":7,"5":1,"6":1,"7":1,"8":7,"9":75,"10":75,"11":75,"12":72,"13":72,"14":3,"15":3,"16":7,"17":5,"18":5,"19":4,"20":7,"21":5,"22":5,"23":7,"24":5,"25":7,"26":7,"27":7,"28":5,"29":5,"30":5,"31":5,"32":5,"33":5,"34":5,"35":5,"36":5,"37":5,"38":7,"39":5,"40":5,"41":5,"42":1,"43":5,"44":7,"45":5,"46":5,"47":5,"48":5,"49":0,"50":0,"51":0,"52":5,"53":5,"54":5,"55":5,"56":1,"57":1,"58":5,"59":5,"60":7,"61":72,"62":72,"63":72,"64":72,"65":72,"66":72,"67":72,"68":72,"69":19,"70":19,"71":19,"72":7,"73":6,"74":7,"75":1,"76":1,"77":1,"78":1,"79":7,"80":72,"81":72,"82":72,"83":72,"84":3,"85":7,"86":5,"87":5,"88":5,"89":5,"90":5,"91":5,"92":4,"93":7,"94":1,"95":1,"96":1,"97":1,"98":7,"99":7,"100":7},"f":{"0":7,"1":1,"2":75,"3":72,"4":5,"5":5,"6":5,"7":7,"8":5,"9":5,"10":5,"11":72,"12":6,"13":1,"14":72,"15":5,"16":1},"b":{"0":[72,3],"1":[4],"2":[5,0],"3":[1],"4":[5,0],"5":[0,0],"6":[1],"7":[19],"8":[19],"9":[0,1],"10":[1,0],"11":[1],"12":[3],"13":[5],"14":[4]}}
,"/home/runner/work/spore-tskit/spore-tskit/src/time/delay.ts": {"path":"/home/runner/work/spore-tskit/spore-tskit/src/time/delay.ts","statementMap":{"0":{"start":{"line":15,"column":2},"end":{"line":15,"column":9}},"1":{"start":{"line":16,"column":4},"end":{"line":16,"column":14}},"2":{"start":{"line":14,"column":0},"end":{"line":14,"column":16}},"3":{"start":{"line":20,"column":0},"end":{"line":20,"column":15}}},"fnMap":{"0":{"name":"delay","decl":{"start":{"line":14,"column":16},"end":{"line":14,"column":22}},"loc":{"start":{"line":14,"column":34},"end":{"line":18,"column":null}}},"1":{"name":"(anonymous_1)","decl":{"start":{"line":15,"column":21},"end":{"line":15,"column":22}},"loc":{"start":{"line":15,"column":29},"end":{"line":17,"column":null}}}},"branchMap":{},"s":{"0":9,"1":9,"2":7,"3":7},"f":{"0":9,"1":9},"b":{}}
,"/home/runner/work/spore-tskit/spore-tskit/src/time/formatDate.ts": {"path":"/home/runner/work/spore-tskit/spore-tskit/src/time/formatDate.ts","statementMap":{"0":{"start":{"line":47,"column":0},"end":{"line":47,"column":null}},"1":{"start":{"line":48,"column":0},"end":{"line":48,"column":null}},"2":{"start":{"line":83,"column":17},"end":{"line":83,"column":27}},"3":{"start":{"line":84,"column":15},"end":{"line":84,"column":null}},"4":{"start":{"line":84,"column":45},"end":{"line":84,"column":48}},"5":{"start":{"line":87,"column":14},"end":{"line":87,"column":23}},"6":{"start":{"line":88,"column":16},"end":{"line":88,"column":null}},"7":{"start":{"line":89,"column":2},"end":{"line":89,"column":9}},"8":{"start":{"line":96,"column":29},"end":{"line":96,"column":null}},"9":{"start":{"line":97,"column":12},"end":{"line":97,"column":null}},"10":{"start":{"line":105,"column":18},"end":{"line":105,"column":29}},"11":{"start":{"line":106,"column":2},"end":{"line":106,"column":6}},"12":{"start":{"line":107,"column":2},"end":{"line":107,"column":6}},"13":{"start":{"line":108,"column":2},"end":{"line":108,"column":6}},"14":{"start":{"line":109,"column":2},"end":{"line":109,"column":6}},"15":{"start":{"line":110,"column":2},"end":{"line":110,"column":6}},"16":{"start":{"line":111,"column":2},"end":{"line":111,"column":6}},"17":{"start":{"line":112,"column":2},"end":{"line":112,"column":6}},"18":{"start":{"line":113,"column":2},"end":{"line":113,"column":6}},"19":{"start":{"line":115,"column":2},"end":{"line":115,"column":6}},"20":{"start":{"line":116,"column":2},"end":{"line":116,"column":6}},"21":{"start":{"line":117,"column":2},"end":{"line":117,"column":6}},"22":{"start":{"line":119,"column":2},"end":{"line":119,"column":6}},"23":{"start":{"line":120,"column":2},"end":{"line":120,"column":6}},"24":{"start":{"line":122,"column":2},"end":{"line":122,"column":6}},"25":{"start":{"line":123,"column":2},"end":{"line":123,"column":6}},"26":{"start":{"line":125,"column":2},"end":{"line":125,"column":6}},"27":{"start":{"line":127,"column":2},"end":{"line":127,"column":6}},"28":{"start":{"line":128,"column":2},"end":{"line":128,"column":6}},"29":{"start":{"line":130,"column":2},"end":{"line":130,"column":6}},"30":{"start":{"line":131,"column":2},"end":{"line":131,"column":6}},"31":{"start":{"line":133,"column":2},"end":{"line":133,"column":6}},"32":{"start":{"line":134,"column":2},"end":{"line":134,"column":6}},"33":{"start":{"line":136,"column":2},"end":{"line":136,"column":6}},"34":{"start":{"line":137,"column":2},"end":{"line":137,"column":6}},"35":{"start":{"line":139,"column":2},"end":{"line":139,"column":9}},"36":{"start":{"line":92,"column":0},"end":{"line":92,"column":16}},"37":{"start":{"line":142,"column":0},"end":{"line":142,"column":15}}},"fnMap":{"0":{"name":"(anonymous_3)","decl":{"start":{"line":84,"column":15},"end":{"line":84,"column":16}},"loc":{"start":{"line":84,"column":32},"end":{"line":84,"column":null}}},"1":{"name":"rightLimit","decl":{"start":{"line":86,"column":9},"end":{"line":86,"column":20}},"loc":{"start":{"line":86,"column":46},"end":{"line":90,"column":null}}},"2":{"name":"formatDate","decl":{"start":{"line":92,"column":16},"end":{"line":92,"column":null}},"loc":{"start":{"line":94,"column":30},"end":{"line":140,"column":null}}}},"branchMap":{"0":{"loc":{"start":{"line":89,"column":9},"end":{"line":89,"column":null}},"type":"cond-expr","locations":[{"start":{"line":89,"column":21},"end":{"line":89,"column":24}},{"start":{"line":89,"column":41},"end":{"line":89,"column":null}}]}},"s":{"0":7,"1":7,"2":7,"3":7,"4":1,"5":4,"6":4,"7":4,"8":2,"9":2,"10":2,"11":2,"12":2,"13":2,"14":2,"15":2,"16":2,"17":2,"18":2,"19":2,"20":2,"21":2,"22":2,"23":2,"24":2,"25":2,"26":2,"27":2,"28":2,"29":2,"30":2,"31":2,"32":2,"33":2,"34":2,"35":2,"36":7,"37":7},"f":{"0":1,"1":4,"2":2},"b":{"0":[2,2]}}
,"/home/runner/work/spore-tskit/spore-tskit/src/time/getLastStartTime.ts": {"path":"/home/runner/work/spore-tskit/spore-tskit/src/time/getLastStartTime.ts","statementMap":{"0":{"start":{"line":18,"column":0},"end":{"line":18,"column":null}},"1":{"start":{"line":19,"column":0},"end":{"line":19,"column":null}},"2":{"start":{"line":32,"column":2},"end":{"line":32,"column":null}},"3":{"start":{"line":32,"column":2},"end":{"line":32,"column":28}},"4":{"start":{"line":33,"column":2},"end":{"line":33,"column":null}},"5":{"start":{"line":33,"column":2},"end":{"line":33,"column":19}},"6":{"start":{"line":35,"column":20},"end":{"line":35,"column":24}},"7":{"start":{"line":36,"column":18},"end":{"line":36,"column":29}},"8":{"start":{"line":38,"column":14},"end":{"line":38,"column":null}},"9":{"start":{"line":44,"column":2},"end":{"line":46,"column":null}},"10":{"start":{"line":45,"column":4},"end":{"line":45,"column":10}},"11":{"start":{"line":48,"column":2},"end":{"line":70,"column":null}},"12":{"start":{"line":49,"column":4},"end":{"line":49,"column":8}},"13":{"start":{"line":50,"column":4},"end":{"line":50,"column":8}},"14":{"start":{"line":51,"column":4},"end":{"line":51,"column":9}},"15":{"start":{"line":52,"column":9},"end":{"line":70,"column":null}},"16":{"start":{"line":53,"column":4},"end":{"line":53,"column":8}},"17":{"start":{"line":54,"column":4},"end":{"line":54,"column":9}},"18":{"start":{"line":55,"column":4},"end":{"line":55,"column":13}},"19":{"start":{"line":56,"column":4},"end":{"line":56,"column":8}},"20":{"start":{"line":57,"column":4},"end":{"line":57,"column":9}},"21":{"start":{"line":58,"column":4},"end":{"line":58,"column":9}},"22":{"start":{"line":59,"column":4},"end":{"line":59,"column":9}},"23":{"start":{"line":61,"column":4},"end":{"line":61,"column":8}},"24":{"start":{"line":62,"column":4},"end":{"line":64,"column":null}},"25":{"start":{"line":63,"column":6},"end":{"line":63,"column":10}},"26":{"start":{"line":65,"column":4},"end":{"line":67,"column":null}},"27":{"start":{"line":66,"column":6},"end":{"line":66,"column":10}},"28":{"start":{"line":68,"column":25},"end":{"line":68,"column":null}},"29":{"start":{"line":69,"column":4},"end":{"line":69,"column":9}},"30":{"start":{"line":72,"column":2},"end":{"line":72,"column":9}},"31":{"start":{"line":30,"column":0},"end":{"line":30,"column":16}},"32":{"start":{"line":75,"column":0},"end":{"line":75,"column":15}}},"fnMap":{"0":{"name":"getLastStartTime","decl":{"start":{"line":30,"column":16},"end":{"line":30,"column":null}},"loc":{"start":{"line":33,"column":19},"end":{"line":73,"column":null}}}},"branchMap":{"0":{"loc":{"start":{"line":32,"column":2},"end":{"line":32,"column":null}},"type":"if","locations":[{"start":{"line":32,"column":2},"end":{"line":32,"column":null}}]},"1":{"loc":{"start":{"line":33,"column":2},"end":{"line":33,"column":null}},"type":"if","locations":[{"start":{"line":33,"column":2},"end":{"line":33,"column":null}}]},"2":{"loc":{"start":{"line":44,"column":2},"end":{"line":46,"column":null}},"type":"if","locations":[{"start":{"line":44,"column":2},"end":{"line":46,"column":null}}]},"3":{"loc":{"start":{"line":48,"column":2},"end":{"line":70,"column":null}},"type":"if","locations":[{"start":{"line":48,"column":2},"end":{"line":70,"column":null}},{"start":{"line":52,"column":9},"end":{"line":70,"column":null}}]},"4":{"loc":{"start":{"line":52,"column":9},"end":{"line":70,"column":null}},"type":"if","locations":[{"start":{"line":52,"column":9},"end":{"line":70,"column":null}},{"start":{"line":60,"column":9},"end":{"line":70,"column":null}}]},"5":{"loc":{"start":{"line":62,"column":4},"end":{"line":64,"column":null}},"type":"if","locations":[{"start":{"line":62,"column":4},"end":{"line":64,"column":null}}]},"6":{"loc":{"start":{"line":65,"column":4},"end":{"line":67,"column":null}},"type":"if","locations":[{"start":{"line":65,"column":4},"end":{"line":67,"column":null}}]}},"s":{"0":7,"1":7,"2":5,"3":0,"4":5,"5":4,"6":5,"7":5,"8":5,"9":5,"10":0,"11":5,"12":1,"13":1,"14":1,"15":4,"16":1,"17":1,"18":1,"19":1,"20":1,"21":1,"22":1,"23":3,"24":3,"25":2,"26":3,"27":1,"28":3,"29":3,"30":5,"31":7,"32":7},"f":{"0":5},"b":{"0":[0],"1":[4],"2":[0],"3":[1,4],"4":[1,3],"5":[2],"6":[1]}}
,"/home/runner/work/spore-tskit/spore-tskit/src/time/getTimeSplit.ts": {"path":"/home/runner/work/spore-tskit/spore-tskit/src/time/getTimeSplit.ts","statementMap":{"0":{"start":{"line":25,"column":0},"end":{"line":25,"column":null}},"1":{"start":{"line":28,"column":12},"end":{"line":28,"column":null}},"2":{"start":{"line":30,"column":13},"end":{"line":30,"column":25}},"3":{"start":{"line":42,"column":2},"end":{"line":42,"column":null}},"4":{"start":{"line":42,"column":2},"end":{"line":42,"column":28}},"5":{"start":{"line":44,"column":20},"end":{"line":44,"column":24}},"6":{"start":{"line":45,"column":16},"end":{"line":45,"column":27}},"7":{"start":{"line":48,"column":12},"end":{"line":48,"column":19}},"8":{"start":{"line":49,"column":2},"end":{"line":49,"column":5}},"9":{"start":{"line":51,"column":16},"end":{"line":51,"column":26}},"10":{"start":{"line":52,"column":2},"end":{"line":54,"column":null}},"11":{"start":{"line":53,"column":4},"end":{"line":53,"column":11}},"12":{"start":{"line":55,"column":15},"end":{"line":55,"column":25}},"13":{"start":{"line":56,"column":14},"end":{"line":56,"column":17}},"14":{"start":{"line":57,"column":13},"end":{"line":57,"column":23}},"15":{"start":{"line":58,"column":13},"end":{"line":58,"column":23}},"16":{"start":{"line":59,"column":16},"end":{"line":59,"column":26}},"17":{"start":{"line":61,"column":2},"end":{"line":63,"column":null}},"18":{"start":{"line":62,"column":4},"end":{"line":62,"column":11}},"19":{"start":{"line":64,"column":2},"end":{"line":66,"column":null}},"20":{"start":{"line":65,"column":4},"end":{"line":65,"column":8}},"21":{"start":{"line":67,"column":2},"end":{"line":69,"column":null}},"22":{"start":{"line":68,"column":4},"end":{"line":68,"column":8}},"23":{"start":{"line":70,"column":2},"end":{"line":72,"column":null}},"24":{"start":{"line":71,"column":4},"end":{"line":71,"column":9}},"25":{"start":{"line":74,"column":14},"end":{"line":74,"column":null}},"26":{"start":{"line":79,"column":2},"end":{"line":79,"column":9}},"27":{"start":{"line":40,"column":0},"end":{"line":40,"column":16}},"28":{"start":{"line":82,"column":0},"end":{"line":82,"column":15}}},"fnMap":{"0":{"name":"getTimeSplit","decl":{"start":{"line":40,"column":16},"end":{"line":40,"column":null}},"loc":{"start":{"line":42,"column":28},"end":{"line":80,"column":null}}}},"branchMap":{"0":{"loc":{"start":{"line":42,"column":2},"end":{"line":42,"column":null}},"type":"if","locations":[{"start":{"line":42,"column":2},"end":{"line":42,"column":null}}]},"1":{"loc":{"start":{"line":49,"column":8},"end":{"line":49,"column":null}},"type":"cond-expr","locations":[{"start":{"line":49,"column":20},"end":{"line":49,"column":24}},{"start":{"line":49,"column":24},"end":{"line":49,"column":null}}]},"2":{"loc":{"start":{"line":52,"column":2},"end":{"line":54,"column":null}},"type":"if","locations":[{"start":{"line":52,"column":2},"end":{"line":54,"column":null}}]},"3":{"loc":{"start":{"line":61,"column":2},"end":{"line":63,"column":null}},"type":"if","locations":[{"start":{"line":61,"column":2},"end":{"line":63,"column":null}}]},"4":{"loc":{"start":{"line":64,"column":2},"end":{"line":66,"column":null}},"type":"if","locations":[{"start":{"line":64,"column":2},"end":{"line":66,"column":null}}]},"5":{"loc":{"start":{"line":67,"column":2},"end":{"line":69,"column":null}},"type":"if","locations":[{"start":{"line":67,"column":2},"end":{"line":69,"column":null}}]},"6":{"loc":{"start":{"line":70,"column":2},"end":{"line":72,"column":null}},"type":"if","locations":[{"start":{"line":70,"column":2},"end":{"line":72,"column":null}}]}},"s":{"0":7,"1":7,"2":7,"3":5,"4":0,"5":5,"6":5,"7":5,"8":5,"9":5,"10":5,"11":1,"12":5,"13":5,"14":5,"15":5,"16":5,"17":5,"18":5,"19":5,"20":5,"21":5,"22":2,"23":5,"24":1,"25":5,"26":5,"27":7,"28":7},"f":{"0":5},"b":{"0":[0],"1":[0,5],"2":[1],"3":[5],"4":[5],"5":[2],"6":[1]}}
,"/home/runner/work/spore-tskit/spore-tskit/src/time/getUTCDate.ts": {"path":"/home/runner/work/spore-tskit/spore-tskit/src/time/getUTCDate.ts","statementMap":{"0":{"start":{"line":19,"column":31},"end":{"line":19,"column":null}},"1":{"start":{"line":20,"column":18},"end":{"line":20,"column":22}},"2":{"start":{"line":21,"column":2},"end":{"line":21,"column":9}},"3":{"start":{"line":18,"column":0},"end":{"line":18,"column":16}},"4":{"start":{"line":24,"column":0},"end":{"line":24,"column":15}}},"fnMap":{"0":{"name":"getUTCDate","decl":{"start":{"line":18,"column":16},"end":{"line":18,"column":27}},"loc":{"start":{"line":18,"column":41},"end":{"line":22,"column":null}}}},"branchMap":{},"s":{"0":12,"1":12,"2":12,"3":7,"4":7},"f":{"0":12},"b":{}}
,"/home/runner/work/spore-tskit/spore-tskit/src/time/index.ts": {"path":"/home/runner/work/spore-tskit/spore-tskit/src/time/index.ts","statementMap":{"0":{"start":{"line":6,"column":0},"end":{"line":6,"column":9}},"1":{"start":{"line":6,"column":9},"end":{"line":6,"column":14}},"2":{"start":{"line":7,"column":0},"end":{"line":7,"column":9}},"3":{"start":{"line":7,"column":9},"end":{"line":7,"column":19}},"4":{"start":{"line":8,"column":0},"end":{"line":8,"column":9}},"5":{"start":{"line":8,"column":9},"end":{"line":8,"column":25}},"6":{"start":{"line":9,"column":0},"end":{"line":9,"column":9}},"7":{"start":{"line":9,"column":9},"end":{"line":9,"column":21}},"8":{"start":{"line":10,"column":0},"end":{"line":10,"column":9}},"9":{"start":{"line":10,"column":9},"end":{"line":10,"column":19}},"10":{"start":{"line":11,"column":0},"end":{"line":11,"column":9}},"11":{"start":{"line":11,"column":9},"end":{"line":11,"column":22}},"12":{"start":{"line":12,"column":0},"end":{"line":12,"column":9}},"13":{"start":{"line":12,"column":9},"end":{"line":12,"column":18}}},"fnMap":{"0":{"name":"(anonymous_0)","decl":{"start":{"line":6,"column":9},"end":{"line":6,"column":14}},"loc":{"start":{"line":6,"column":9},"end":{"line":6,"column":null}}},"1":{"name":"(anonymous_1)","decl":{"start":{"line":7,"column":9},"end":{"line":7,"column":19}},"loc":{"start":{"line":7,"column":9},"end":{"line":7,"column":null}}},"2":{"name":"(anonymous_2)","decl":{"start":{"line":8,"column":9},"end":{"line":8,"column":25}},"loc":{"start":{"line":8,"column":9},"end":{"line":8,"column":null}}},"3":{"name":"(anonymous_3)","decl":{"start":{"line":9,"column":9},"end":{"line":9,"column":21}},"loc":{"start":{"line":9,"column":9},"end":{"line":9,"column":null}}},"4":{"name":"(anonymous_4)","decl":{"start":{"line":10,"column":9},"end":{"line":10,"column":19}},"loc":{"start":{"line":10,"column":9},"end":{"line":10,"column":null}}},"5":{"name":"(anonymous_5)","decl":{"start":{"line":11,"column":9},"end":{"line":11,"column":22}},"loc":{"start":{"line":11,"column":9},"end":{"line":11,"column":null}}},"6":{"name":"(anonymous_6)","decl":{"start":{"line":12,"column":9},"end":{"line":12,"column":18}},"loc":{"start":{"line":12,"column":9},"end":{"line":12,"column":null}}}},"branchMap":{},"s":{"0":7,"1":16,"2":7,"3":9,"4":7,"5":12,"6":7,"7":9,"8":7,"9":7,"10":7,"11":8,"12":7,"13":12},"f":{"0":9,"1":2,"2":5,"3":2,"4":0,"5":1,"6":5},"b":{}}
,"/home/runner/work/spore-tskit/spore-tskit/src/time/parseUnitTime.ts": {"path":"/home/runner/work/spore-tskit/spore-tskit/src/time/parseUnitTime.ts","statementMap":{"0":{"start":{"line":18,"column":18},"end":{"line":18,"column":null}},"1":{"start":{"line":43,"column":12},"end":{"line":43,"column":null}},"2":{"start":{"line":48,"column":33},"end":{"line":48,"column":null}},"3":{"start":{"line":56,"column":18},"end":{"line":56,"column":25}},"4":{"start":{"line":57,"column":15},"end":{"line":57,"column":null}},"5":{"start":{"line":58,"column":16},"end":{"line":58,"column":null}},"6":{"start":{"line":59,"column":18},"end":{"line":59,"column":null}},"7":{"start":{"line":60,"column":18},"end":{"line":60,"column":null}},"8":{"start":{"line":62,"column":26},"end":{"line":62,"column":33}},"9":{"start":{"line":64,"column":2},"end":{"line":66,"column":null}},"10":{"start":{"line":65,"column":4},"end":{"line":65,"column":8}},"11":{"start":{"line":68,"column":2},"end":{"line":71,"column":null}},"12":{"start":{"line":69,"column":4},"end":{"line":69,"column":13}},"13":{"start":{"line":70,"column":4},"end":{"line":70,"column":8}},"14":{"start":{"line":73,"column":2},"end":{"line":76,"column":null}},"15":{"start":{"line":74,"column":4},"end":{"line":74,"column":13}},"16":{"start":{"line":75,"column":4},"end":{"line":75,"column":8}},"17":{"start":{"line":78,"column":2},"end":{"line":81,"column":null}},"18":{"start":{"line":79,"column":4},"end":{"line":79,"column":13}},"19":{"start":{"line":80,"column":4},"end":{"line":80,"column":8}},"20":{"start":{"line":83,"column":2},"end":{"line":83,"column":6}},"21":{"start":{"line":85,"column":2},"end":{"line":85,"column":9}},"22":{"start":{"line":39,"column":0},"end":{"line":39,"column":16}},"23":{"start":{"line":88,"column":0},"end":{"line":88,"column":15}}},"fnMap":{"0":{"name":"parseUnitTime","decl":{"start":{"line":39,"column":16},"end":{"line":39,"column":null}},"loc":{"start":{"line":41,"column":33},"end":{"line":86,"column":null}}}},"branchMap":{"0":{"loc":{"start":{"line":64,"column":2},"end":{"line":66,"column":null}},"type":"if","locations":[{"start":{"line":64,"column":2},"end":{"line":66,"column":null}}]},"1":{"loc":{"start":{"line":68,"column":2},"end":{"line":71,"column":null}},"type":"if","locations":[{"start":{"line":68,"column":2},"end":{"line":71,"column":null}}]},"2":{"loc":{"start":{"line":73,"column":2},"end":{"line":76,"column":null}},"type":"if","locations":[{"start":{"line":73,"column":2},"end":{"line":76,"column":null}}]},"3":{"loc":{"start":{"line":78,"column":2},"end":{"line":81,"column":null}},"type":"if","locations":[{"start":{"line":78,"column":2},"end":{"line":81,"column":null}}]}},"s":{"0":7,"1":1,"2":1,"3":1,"4":1,"5":1,"6":1,"7":1,"8":1,"9":1,"10":1,"11":1,"12":1,"13":1,"14":1,"15":1,"16":1,"17":1,"18":1,"19":1,"20":1,"21":1,"22":7,"23":7},"f":{"0":1},"b":{"0":[1],"1":[1],"2":[1],"3":[1]}}
,"/home/runner/work/spore-tskit/spore-tskit/src/util/abToHex.ts": {"path":"/home/runner/work/spore-tskit/spore-tskit/src/util/abToHex.ts","statementMap":{"0":{"start":{"line":16,"column":2},"end":{"line":16,"column":9}},"1":{"start":{"line":20,"column":16},"end":{"line":20,"column":20}},"2":{"start":{"line":21,"column":2},"end":{"line":21,"column":9}},"3":{"start":{"line":19,"column":0},"end":{"line":19,"column":16}},"4":{"start":{"line":24,"column":0},"end":{"line":24,"column":15}}},"fnMap":{"0":{"name":"iterator","decl":{"start":{"line":15,"column":9},"end":{"line":15,"column":18}},"loc":{"start":{"line":15,"column":29},"end":{"line":17,"column":null}}},"1":{"name":"abToHex","decl":{"start":{"line":19,"column":16},"end":{"line":19,"column":24}},"loc":{"start":{"line":19,"column":43},"end":{"line":22,"column":null}}}},"branchMap":{},"s":{"0":2,"1":1,"2":1,"3":7,"4":7},"f":{"0":2,"1":1},"b":{}}
,"/home/runner/work/spore-tskit/spore-tskit/src/util/ascToHex.ts": {"path":"/home/runner/work/spore-tskit/spore-tskit/src/util/ascToHex.ts","statementMap":{"0":{"start":{"line":13,"column":2},"end":{"line":15,"column":null}},"1":{"start":{"line":14,"column":4},"end":{"line":14,"column":11}},"2":{"start":{"line":16,"column":12},"end":{"line":16,"column":null}},"3":{"start":{"line":18,"column":14},"end":{"line":18,"column":null}},"4":{"start":{"line":19,"column":2},"end":{"line":23,"column":null}},"5":{"start":{"line":20,"column":16},"end":{"line":20,"column":19}},"6":{"start":{"line":21,"column":18},"end":{"line":21,"column":3}},"7":{"start":{"line":22,"column":4},"end":{"line":22,"column":7}},"8":{"start":{"line":24,"column":2},"end":{"line":24,"column":9}},"9":{"start":{"line":12,"column":0},"end":{"line":12,"column":16}},"10":{"start":{"line":27,"column":0},"end":{"line":27,"column":15}}},"fnMap":{"0":{"name":"ascToHex","decl":{"start":{"line":12,"column":16},"end":{"line":12,"column":25}},"loc":{"start":{"line":12,"column":36},"end":{"line":25,"column":null}}}},"branchMap":{"0":{"loc":{"start":{"line":13,"column":2},"end":{"line":15,"column":null}},"type":"if","locations":[{"start":{"line":13,"column":2},"end":{"line":15,"column":null}}]}},"s":{"0":2,"1":1,"2":1,"3":1,"4":1,"5":2,"6":2,"7":2,"8":1,"9":7,"10":7},"f":{"0":2},"b":{"0":[1]}}
,"/home/runner/work/spore-tskit/spore-tskit/src/util/getType.ts": {"path":"/home/runner/work/spore-tskit/spore-tskit/src/util/getType.ts","statementMap":{"0":{"start":{"line":26,"column":2},"end":{"line":26,"column":9}},"1":{"start":{"line":25,"column":0},"end":{"line":25,"column":16}},"2":{"start":{"line":32,"column":0},"end":{"line":32,"column":15}}},"fnMap":{"0":{"name":"getType","decl":{"start":{"line":25,"column":16},"end":{"line":25,"column":24}},"loc":{"start":{"line":25,"column":37},"end":{"line":30,"column":null}}}},"branchMap":{},"s":{"0":1,"1":7,"2":7},"f":{"0":1},"b":{}}
,"/home/runner/work/spore-tskit/spore-tskit/src/util/hexToAb.ts": {"path":"/home/runner/work/spore-tskit/spore-tskit/src/util/hexToAb.ts","statementMap":{"0":{"start":{"line":19,"column":2},"end":{"line":21,"column":null}},"1":{"start":{"line":20,"column":4},"end":{"line":20,"column":11}},"2":{"start":{"line":22,"column":17},"end":{"line":22,"column":21}},"3":{"start":{"line":23,"column":19},"end":{"line":23,"column":23}},"4":{"start":{"line":24,"column":14},"end":{"line":24,"column":null}},"5":{"start":{"line":26,"column":14},"end":{"line":26,"column":null}},"6":{"start":{"line":27,"column":2},"end":{"line":31,"column":null}},"7":{"start":{"line":28,"column":17},"end":{"line":28,"column":26}},"8":{"start":{"line":29,"column":4},"end":{"line":29,"column":12}},"9":{"start":{"line":30,"column":4},"end":{"line":30,"column":9}},"10":{"start":{"line":32,"column":2},"end":{"line":32,"column":9}},"11":{"start":{"line":18,"column":0},"end":{"line":18,"column":16}},"12":{"start":{"line":35,"column":0},"end":{"line":35,"column":15}}},"fnMap":{"0":{"name":"hexToAb","decl":{"start":{"line":18,"column":16},"end":{"line":18,"column":24}},"loc":{"start":{"line":18,"column":35},"end":{"line":33,"column":null}}}},"branchMap":{"0":{"loc":{"start":{"line":19,"column":2},"end":{"line":21,"column":null}},"type":"if","locations":[{"start":{"line":19,"column":2},"end":{"line":21,"column":null}}]}},"s":{"0":2,"1":1,"2":1,"3":1,"4":1,"5":1,"6":1,"7":2,"8":2,"9":2,"10":1,"11":7,"12":7},"f":{"0":2},"b":{"0":[1]}}
,"/home/runner/work/spore-tskit/spore-tskit/src/util/hexToAsc.ts": {"path":"/home/runner/work/spore-tskit/spore-tskit/src/util/hexToAsc.ts","statementMap":{"0":{"start":{"line":13,"column":2},"end":{"line":15,"column":null}},"1":{"start":{"line":14,"column":4},"end":{"line":14,"column":11}},"2":{"start":{"line":16,"column":2},"end":{"line":16,"column":9}},"3":{"start":{"line":17,"column":16},"end":{"line":17,"column":25}},"4":{"start":{"line":18,"column":4},"end":{"line":18,"column":11}},"5":{"start":{"line":12,"column":0},"end":{"line":12,"column":16}},"6":{"start":{"line":22,"column":0},"end":{"line":22,"column":15}}},"fnMap":{"0":{"name":"hexToAsc","decl":{"start":{"line":12,"column":16},"end":{"line":12,"column":25}},"loc":{"start":{"line":12,"column":36},"end":{"line":20,"column":null}}},"1":{"name":"(anonymous_1)","decl":{"start":{"line":16,"column":37},"end":{"line":16,"column":38}},"loc":{"start":{"line":16,"column":43},"end":{"line":19,"column":null}}}},"branchMap":{"0":{"loc":{"start":{"line":13,"column":2},"end":{"line":15,"column":null}},"type":"if","locations":[{"start":{"line":13,"column":2},"end":{"line":15,"column":null}}]}},"s":{"0":2,"1":1,"2":1,"3":2,"4":2,"5":7,"6":7},"f":{"0":2,"1":2},"b":{"0":[1]}}
,"/home/runner/work/spore-tskit/spore-tskit/src/util/hslToRgb.ts": {"path":"/home/runner/work/spore-tskit/spore-tskit/src/util/hslToRgb.ts","statementMap":{"0":{"start":{"line":19,"column":11},"end":{"line":19,"column":null}},"1":{"start":{"line":20,"column":2},"end":{"line":20,"column":16}},"2":{"start":{"line":20,"column":14},"end":{"line":20,"column":16}},"3":{"start":{"line":21,"column":2},"end":{"line":21,"column":16}},"4":{"start":{"line":21,"column":14},"end":{"line":21,"column":16}},"5":{"start":{"line":22,"column":2},"end":{"line":22,"column":25}},"6":{"start":{"line":22,"column":18},"end":{"line":22,"column":25}},"7":{"start":{"line":23,"column":2},"end":{"line":23,"column":25}},"8":{"start":{"line":23,"column":18},"end":{"line":23,"column":25}},"9":{"start":{"line":24,"column":2},"end":{"line":24,"column":25}},"10":{"start":{"line":24,"column":18},"end":{"line":24,"column":25}},"11":{"start":{"line":25,"column":2},"end":{"line":25,"column":9}},"12":{"start":{"line":37,"column":2},"end":{"line":48,"column":null}},"13":{"start":{"line":39,"column":4},"end":{"line":39,"column":5}},"14":{"start":{"line":40,"column":4},"end":{"line":40,"column":5}},"15":{"start":{"line":41,"column":4},"end":{"line":41,"column":5}},"16":{"start":{"line":43,"column":14},"end":{"line":43,"column":null}},"17":{"start":{"line":44,"column":14},"end":{"line":44,"column":null}},"18":{"start":{"line":45,"column":4},"end":{"line":45,"column":5}},"19":{"start":{"line":46,"column":4},"end":{"line":46,"column":5}},"20":{"start":{"line":47,"column":4},"end":{"line":47,"column":5}},"21":{"start":{"line":49,"column":2},"end":{"line":49,"column":9}},"22":{"start":{"line":28,"column":0},"end":{"line":28,"column":16}},"23":{"start":{"line":52,"column":0},"end":{"line":52,"column":15}}},"fnMap":{"0":{"name":"hueToRgb","decl":{"start":{"line":18,"column":9},"end":{"line":18,"column":18}},"loc":{"start":{"line":18,"column":49},"end":{"line":26,"column":null}}},"1":{"name":"hslToRgb","decl":{"start":{"line":28,"column":16},"end":{"line":28,"column":null}},"loc":{"start":{"line":31,"column":11},"end":{"line":50,"column":null}}}},"branchMap":{"0":{"loc":{"start":{"line":20,"column":2},"end":{"line":20,"column":16}},"type":"if","locations":[{"start":{"line":20,"column":2},"end":{"line":20,"column":16}}]},"1":{"loc":{"start":{"line":21,"column":2},"end":{"line":21,"column":16}},"type":"if","locations":[{"start":{"line":21,"column":2},"end":{"line":21,"column":16}}]},"2":{"loc":{"start":{"line":22,"column":2},"end":{"line":22,"column":25}},"type":"if","locations":[{"start":{"line":22,"column":2},"end":{"line":22,"column":25}}]},"3":{"loc":{"start":{"line":23,"column":2},"end":{"line":23,"column":25}},"type":"if","locations":[{"start":{"line":23,"column":2},"end":{"line":23,"column":25}}]},"4":{"loc":{"start":{"line":24,"column":2},"end":{"line":24,"column":25}},"type":"if","locations":[{"start":{"line":24,"column":2},"end":{"line":24,"column":25}}]},"5":{"loc":{"start":{"line":37,"column":2},"end":{"line":48,"column":null}},"type":"if","locations":[{"start":{"line":37,"column":2},"end":{"line":48,"column":null}},{"start":{"line":42,"column":9},"end":{"line":48,"column":null}}]},"6":{"loc":{"start":{"line":43,"column":14},"end":{"line":43,"column":null}},"type":"cond-expr","locations":[{"start":{"line":43,"column":24},"end":{"line":43,"column":29}},{"start":{"line":43,"column":38},"end":{"line":43,"column":null}}]}},"s":{"0":3,"1":3,"2":0,"3":3,"4":0,"5":3,"6":0,"7":3,"8":1,"9":2,"10":1,"11":1,"12":4,"13":3,"14":3,"15":3,"16":1,"17":1,"18":1,"19":1,"20":1,"21":4,"22":7,"23":7},"f":{"0":3,"1":4},"b":{"0":[0],"1":[0],"2":[0],"3":[1],"4":[1],"5":[3,1],"6":[0,1]}}
,"/home/runner/work/spore-tskit/spore-tskit/src/util/index.ts": {"path":"/home/runner/work/spore-tskit/spore-tskit/src/util/index.ts","statementMap":{"0":{"start":{"line":7,"column":0},"end":{"line":7,"column":9}},"1":{"start":{"line":7,"column":9},"end":{"line":7,"column":16}},"2":{"start":{"line":8,"column":0},"end":{"line":8,"column":9}},"3":{"start":{"line":8,"column":9},"end":{"line":8,"column":17}},"4":{"start":{"line":9,"column":0},"end":{"line":9,"column":9}},"5":{"start":{"line":9,"column":9},"end":{"line":9,"column":16}},"6":{"start":{"line":10,"column":0},"end":{"line":10,"column":9}},"7":{"start":{"line":10,"column":9},"end":{"line":10,"column":16}},"8":{"start":{"line":11,"column":0},"end":{"line":11,"column":9}},"9":{"start":{"line":11,"column":9},"end":{"line":11,"column":17}},"10":{"start":{"line":12,"column":0},"end":{"line":12,"column":9}},"11":{"start":{"line":12,"column":9},"end":{"line":12,"column":17}},"12":{"start":{"line":13,"column":0},"end":{"line":13,"column":9}},"13":{"start":{"line":13,"column":9},"end":{"line":13,"column":24}},"14":{"start":{"line":14,"column":0},"end":{"line":14,"column":9}},"15":{"start":{"line":14,"column":9},"end":{"line":14,"column":17}}},"fnMap":{"0":{"name":"(anonymous_0)","decl":{"start":{"line":7,"column":9},"end":{"line":7,"column":16}},"loc":{"start":{"line":7,"column":9},"end":{"line":7,"column":null}}},"1":{"name":"(anonymous_1)","decl":{"start":{"line":8,"column":9},"end":{"line":8,"column":17}},"loc":{"start":{"line":8,"column":9},"end":{"line":8,"column":null}}},"2":{"name":"(anonymous_2)","decl":{"start":{"line":9,"column":9},"end":{"line":9,"column":16}},"loc":{"start":{"line":9,"column":9},"end":{"line":9,"column":null}}},"3":{"name":"(anonymous_3)","decl":{"start":{"line":10,"column":9},"end":{"line":10,"column":16}},"loc":{"start":{"line":10,"column":9},"end":{"line":10,"column":null}}},"4":{"name":"(anonymous_4)","decl":{"start":{"line":11,"column":9},"end":{"line":11,"column":17}},"loc":{"start":{"line":11,"column":9},"end":{"line":11,"column":null}}},"5":{"name":"(anonymous_5)","decl":{"start":{"line":12,"column":9},"end":{"line":12,"column":17}},"loc":{"start":{"line":12,"column":9},"end":{"line":12,"column":null}}},"6":{"name":"(anonymous_6)","decl":{"start":{"line":13,"column":9},"end":{"line":13,"column":24}},"loc":{"start":{"line":13,"column":9},"end":{"line":13,"column":null}}},"7":{"name":"(anonymous_7)","decl":{"start":{"line":14,"column":9},"end":{"line":14,"column":17}},"loc":{"start":{"line":14,"column":9},"end":{"line":14,"column":null}}}},"branchMap":{},"s":{"0":7,"1":8,"2":7,"3":9,"4":7,"5":8,"6":7,"7":9,"8":7,"9":9,"10":7,"11":11,"12":7,"13":8,"14":7,"15":11},"f":{"0":1,"1":2,"2":1,"3":2,"4":2,"5":4,"6":1,"7":4},"b":{}}
,"/home/runner/work/spore-tskit/spore-tskit/src/util/measureDistance.ts": {"path":"/home/runner/work/spore-tskit/spore-tskit/src/util/measureDistance.ts","statementMap":{"0":{"start":{"line":20,"column":19},"end":{"line":20,"column":null}},"1":{"start":{"line":21,"column":19},"end":{"line":21,"column":null}},"2":{"start":{"line":22,"column":12},"end":{"line":22,"column":null}},"3":{"start":{"line":23,"column":13},"end":{"line":23,"column":null}},"4":{"start":{"line":24,"column":17},"end":{"line":24,"column":21}},"5":{"start":{"line":25,"column":17},"end":{"line":25,"column":62}},"6":{"start":{"line":26,"column":18},"end":{"line":26,"column":22}},"7":{"start":{"line":27,"column":10},"end":{"line":27,"column":18}},"8":{"start":{"line":29,"column":2},"end":{"line":29,"column":3}},"9":{"start":{"line":30,"column":2},"end":{"line":30,"column":9}},"10":{"start":{"line":14,"column":0},"end":{"line":14,"column":16}},"11":{"start":{"line":33,"column":0},"end":{"line":33,"column":15}}},"fnMap":{"0":{"name":"measureDistance","decl":{"start":{"line":14,"column":16},"end":{"line":14,"column":null}},"loc":{"start":{"line":18,"column":14},"end":{"line":31,"column":null}}}},"branchMap":{},"s":{"0":1,"1":1,"2":1,"3":1,"4":1,"5":1,"6":1,"7":1,"8":1,"9":1,"10":7,"11":7},"f":{"0":1},"b":{}}
,"/home/runner/work/spore-tskit/spore-tskit/src/util/rgbToHsl.ts": {"path":"/home/runner/work/spore-tskit/spore-tskit/src/util/rgbToHsl.ts","statementMap":{"0":{"start":{"line":23,"column":12},"end":{"line":23,"column":null}},"1":{"start":{"line":24,"column":12},"end":{"line":24,"column":null}},"2":{"start":{"line":25,"column":12},"end":{"line":25,"column":null}},"3":{"start":{"line":26,"column":14},"end":{"line":26,"column":18}},"4":{"start":{"line":27,"column":14},"end":{"line":27,"column":18}},"5":{"start":{"line":30,"column":12},"end":{"line":30,"column":null}},"6":{"start":{"line":32,"column":2},"end":{"line":47,"column":null}},"7":{"start":{"line":34,"column":4},"end":{"line":34,"column":5}},"8":{"start":{"line":35,"column":4},"end":{"line":35,"column":5}},"9":{"start":{"line":37,"column":14},"end":{"line":37,"column":null}},"10":{"start":{"line":38,"column":4},"end":{"line":38,"column":5}},"11":{"start":{"line":39,"column":4},"end":{"line":45,"column":null}},"12":{"start":{"line":40,"column":6},"end":{"line":40,"column":7}},"13":{"start":{"line":41,"column":11},"end":{"line":45,"column":null}},"14":{"start":{"line":42,"column":6},"end":{"line":42,"column":7}},"15":{"start":{"line":44,"column":6},"end":{"line":44,"column":7}},"16":{"start":{"line":46,"column":4},"end":{"line":46,"column":5}},"17":{"start":{"line":49,"column":2},"end":{"line":49,"column":9}},"18":{"start":{"line":18,"column":0},"end":{"line":18,"column":16}},"19":{"start":{"line":52,"column":0},"end":{"line":52,"column":15}}},"fnMap":{"0":{"name":"rgbToHsl","decl":{"start":{"line":18,"column":16},"end":{"line":18,"column":null}},"loc":{"start":{"line":21,"column":12},"end":{"line":50,"column":null}}}},"branchMap":{"0":{"loc":{"start":{"line":32,"column":2},"end":{"line":47,"column":null}},"type":"if","locations":[{"start":{"line":32,"column":2},"end":{"line":47,"column":null}},{"start":{"line":36,"column":9},"end":{"line":47,"column":null}}]},"1":{"loc":{"start":{"line":38,"column":8},"end":{"line":38,"column":45}},"type":"cond-expr","locations":[{"start":{"line":38,"column":18},"end":{"line":38,"column":23}},{"start":{"line":38,"column":40},"end":{"line":38,"column":45}}]},"2":{"loc":{"start":{"line":39,"column":4},"end":{"line":45,"column":null}},"type":"if","locations":[{"start":{"line":39,"column":4},"end":{"line":45,"column":null}},{"start":{"line":41,"column":11},"end":{"line":45,"column":null}}]},"3":{"loc":{"start":{"line":40,"column":25},"end":{"line":40,"column":null}},"type":"cond-expr","locations":[{"start":{"line":40,"column":33},"end":{"line":40,"column":37}},{"start":{"line":40,"column":37},"end":{"line":40,"column":null}}]},"4":{"loc":{"start":{"line":41,"column":11},"end":{"line":45,"column":null}},"type":"if","locations":[{"start":{"line":41,"column":11},"end":{"line":45,"column":null}},{"start":{"line":43,"column":11},"end":{"line":45,"column":null}}]}},"s":{"0":4,"1":4,"2":4,"3":4,"4":4,"5":4,"6":4,"7":3,"8":3,"9":1,"10":1,"11":1,"12":0,"13":1,"14":0,"15":1,"16":1,"17":4,"18":7,"19":7},"f":{"0":4},"b":{"0":[3,1],"1":[1,0],"2":[0,1],"3":[0,0],"4":[0,1]}}
}
