{"/home/runner/work/spore-tskit/spore-tskit/src/dom/eventOccurInside.ts": {"path":"/home/runner/work/spore-tskit/spore-tskit/src/dom/eventOccurInside.ts","statementMap":{"0":{"start":{"line":19,"column":15},"end":{"line":19,"column":42}},"1":{"start":{"line":21,"column":4},"end":{"line":21,"column":null}},"2":{"start":{"line":23,"column":2},"end":{"line":23,"column":null}},"3":{"start":{"line":17,"column":0},"end":{"line":17,"column":16}},"4":{"start":{"line":26,"column":0},"end":{"line":26,"column":null}}},"fnMap":{"0":{"name":"eventOccurInside","decl":{"start":{"line":17,"column":16},"end":{"line":17,"column":32}},"loc":{"start":{"line":17,"column":64},"end":{"line":24,"column":null}}}},"branchMap":{"0":{"loc":{"start":{"line":18,"column":6},"end":{"line":18,"column":35}},"type":"binary-expr","locations":[{"start":{"line":18,"column":6},"end":{"line":18,"column":10}},{"start":{"line":18,"column":14},"end":{"line":18,"column":19}},{"start":{"line":18,"column":23},"end":{"line":18,"column":35}}]}},"s":{"0":2,"1":2,"2":0,"3":1,"4":1},"f":{"0":2},"b":{"0":[2,2,2]}}
,"/home/runner/work/spore-tskit/spore-tskit/src/dom/index.ts": {"path":"/home/runner/work/spore-tskit/spore-tskit/src/dom/index.ts","statementMap":{"0":{"start":{"line":7,"column":0},"end":{"line":7,"column":9}},"1":{"start":{"line":7,"column":9},"end":{"line":7,"column":null}},"2":{"start":{"line":8,"column":0},"end":{"line":8,"column":9}},"3":{"start":{"line":8,"column":9},"end":{"line":8,"column":null}}},"fnMap":{"0":{"name":"(anonymous_0)","decl":{"start":{"line":7,"column":9},"end":{"line":7,"column":25}},"loc":{"start":{"line":7,"column":9},"end":{"line":7,"column":null}}},"1":{"name":"(anonymous_1)","decl":{"start":{"line":8,"column":9},"end":{"line":8,"column":22}},"loc":{"start":{"line":8,"column":9},"end":{"line":8,"column":null}}}},"branchMap":{},"s":{"0":1,"1":3,"2":1,"3":3},"f":{"0":2,"1":2},"b":{}}
,"/home/runner/work/spore-tskit/spore-tskit/src/dom/isHTMLElement.ts": {"path":"/home/runner/work/spore-tskit/spore-tskit/src/dom/isHTMLElement.ts","statementMap":{"0":{"start":{"line":11,"column":15},"end":{"line":11,"column":34}},"1":{"start":{"line":12,"column":2},"end":{"line":16,"column":null}},"2":{"start":{"line":10,"column":0},"end":{"line":10,"column":16}},"3":{"start":{"line":19,"column":0},"end":{"line":19,"column":null}}},"fnMap":{"0":{"name":"isHTMLElement","decl":{"start":{"line":10,"column":16},"end":{"line":10,"column":29}},"loc":{"start":{"line":10,"column":43},"end":{"line":17,"column":null}}}},"branchMap":{"0":{"loc":{"start":{"line":13,"column":4},"end":{"line":15,"column":20}},"type":"binary-expr","locations":[{"start":{"line":13,"column":4},"end":{"line":13,"column":8}},{"start":{"line":14,"column":7},"end":{"line":14,"column":20}},{"start":{"line":15,"column":7},"end":{"line":15,"column":20}}]}},"s":{"0":2,"1":2,"2":1,"3":1},"f":{"0":2},"b":{"0":[2,2,1]}}
,"/home/runner/work/spore-tskit/spore-tskit/src/fn/index.ts": {"path":"/home/runner/work/spore-tskit/spore-tskit/src/fn/index.ts","statementMap":{"0":{"start":{"line":7,"column":0},"end":{"line":7,"column":9}},"1":{"start":{"line":7,"column":9},"end":{"line":7,"column":null}},"2":{"start":{"line":8,"column":0},"end":{"line":8,"column":9}},"3":{"start":{"line":8,"column":9},"end":{"line":8,"column":null}},"4":{"start":{"line":9,"column":0},"end":{"line":9,"column":9}},"5":{"start":{"line":9,"column":9},"end":{"line":9,"column":null}},"6":{"start":{"line":10,"column":0},"end":{"line":10,"column":9}},"7":{"start":{"line":10,"column":9},"end":{"line":10,"column":null}},"8":{"start":{"line":11,"column":0},"end":{"line":11,"column":9}},"9":{"start":{"line":11,"column":9},"end":{"line":11,"column":null}}},"fnMap":{"0":{"name":"(anonymous_0)","decl":{"start":{"line":7,"column":9},"end":{"line":7,"column":16}},"loc":{"start":{"line":7,"column":9},"end":{"line":7,"column":null}}},"1":{"name":"(anonymous_1)","decl":{"start":{"line":8,"column":9},"end":{"line":8,"column":19}},"loc":{"start":{"line":8,"column":9},"end":{"line":8,"column":null}}},"2":{"name":"(anonymous_2)","decl":{"start":{"line":9,"column":9},"end":{"line":9,"column":24}},"loc":{"start":{"line":9,"column":9},"end":{"line":9,"column":null}}},"3":{"name":"(anonymous_3)","decl":{"start":{"line":10,"column":9},"end":{"line":10,"column":17}},"loc":{"start":{"line":10,"column":9},"end":{"line":10,"column":null}}},"4":{"name":"(anonymous_4)","decl":{"start":{"line":11,"column":9},"end":{"line":11,"column":19}},"loc":{"start":{"line":11,"column":9},"end":{"line":11,"column":null}}}},"branchMap":{},"s":{"0":1,"1":2,"2":1,"3":2,"4":1,"5":4,"6":1,"7":2,"8":1,"9":2},"f":{"0":1,"1":1,"2":3,"3":1,"4":1},"b":{}}
,"/home/runner/work/spore-tskit/spore-tskit/src/fn/setLock.ts": {"path":"/home/runner/work/spore-tskit/spore-tskit/src/fn/setLock.ts","statementMap":{"0":{"start":{"line":23,"column":27},"end":{"line":23,"column":31}},"1":{"start":{"line":24,"column":2},"end":{"line":30,"column":null}},"2":{"start":{"line":24,"column":10},"end":{"line":24,"column":28}},"3":{"start":{"line":25,"column":4},"end":{"line":25,"column":null}},"4":{"start":{"line":25,"column":15},"end":{"line":25,"column":null}},"5":{"start":{"line":26,"column":4},"end":{"line":28,"column":null}},"6":{"start":{"line":27,"column":6},"end":{"line":27,"column":null}},"7":{"start":{"line":29,"column":4},"end":{"line":29,"column":null}},"8":{"start":{"line":19,"column":0},"end":{"line":19,"column":16}},"9":{"start":{"line":33,"column":0},"end":{"line":33,"column":null}}},"fnMap":{"0":{"name":"setLock","decl":{"start":{"line":19,"column":16},"end":{"line":19,"column":23}},"loc":{"start":{"line":21,"column":15},"end":{"line":31,"column":null}}},"1":{"name":"(anonymous_1)","decl":{"start":{"line":24,"column":9},"end":{"line":24,"column":10}},"loc":{"start":{"line":24,"column":9},"end":{"line":30,"column":3}}},"2":{"name":"(anonymous_2)","decl":{"start":{"line":26,"column":23},"end":{"line":26,"column":null}},"loc":{"start":{"line":26,"column":23},"end":{"line":28,"column":5}}}},"branchMap":{"0":{"loc":{"start":{"line":25,"column":4},"end":{"line":25,"column":null}},"type":"if","locations":[{"start":{"line":25,"column":4},"end":{"line":25,"column":null}}]}},"s":{"0":1,"1":1,"2":6,"3":3,"4":1,"5":2,"6":2,"7":2,"8":1,"9":1},"f":{"0":1,"1":3,"2":2},"b":{"0":[1]}}
,"/home/runner/work/spore-tskit/spore-tskit/src/fn/setPrepare.ts": {"path":"/home/runner/work/spore-tskit/spore-tskit/src/fn/setPrepare.ts","statementMap":{"0":{"start":{"line":57,"column":28},"end":{"line":57,"column":30}},"1":{"start":{"line":58,"column":18},"end":{"line":58,"column":23}},"2":{"start":{"line":61,"column":18},"end":{"line":67,"column":3}},"3":{"start":{"line":63,"column":6},"end":{"line":63,"column":null}},"4":{"start":{"line":65,"column":6},"end":{"line":65,"column":null}},"5":{"start":{"line":69,"column":2},"end":{"line":76,"column":null}},"6":{"start":{"line":70,"column":4},"end":{"line":70,"column":null}},"7":{"start":{"line":71,"column":4},"end":{"line":71,"column":null}},"8":{"start":{"line":73,"column":17},"end":{"line":73,"column":30}},"9":{"start":{"line":74,"column":6},"end":{"line":74,"column":null}},"10":{"start":{"line":78,"column":2},"end":{"line":78,"column":null}},"11":{"start":{"line":56,"column":0},"end":{"line":56,"column":16}},"12":{"start":{"line":81,"column":0},"end":{"line":81,"column":null}}},"fnMap":{"0":{"name":"setPrepare","decl":{"start":{"line":56,"column":16},"end":{"line":56,"column":26}},"loc":{"start":{"line":56,"column":26},"end":{"line":79,"column":null}}},"1":{"name":"(anonymous_1)","decl":{"start":{"line":61,"column":18},"end":{"line":61,"column":19}},"loc":{"start":{"line":61,"column":31},"end":{"line":67,"column":3}}},"2":{"name":"(anonymous_2)","decl":{"start":{"line":69,"column":17},"end":{"line":69,"column":18}},"loc":{"start":{"line":69,"column":31},"end":{"line":76,"column":3}}}},"branchMap":{},"s":{"0":1,"1":1,"2":1,"3":1,"4":2,"5":1,"6":1,"7":1,"8":2,"9":2,"10":1,"11":1,"12":1},"f":{"0":1,"1":3,"2":1},"b":{}}
,"/home/runner/work/spore-tskit/spore-tskit/src/fn/setPromiseCache.ts": {"path":"/home/runner/work/spore-tskit/spore-tskit/src/fn/setPromiseCache.ts","statementMap":{"0":{"start":{"line":29,"column":0},"end":{"line":29,"column":16}},"1":{"start":{"line":31,"column":2},"end":{"line":31,"column":null}},"2":{"start":{"line":33,"column":25},"end":{"line":33,"column":29}},"3":{"start":{"line":34,"column":26},"end":{"line":34,"column":30}},"4":{"start":{"line":35,"column":2},"end":{"line":50,"column":null}},"5":{"start":{"line":35,"column":17},"end":{"line":35,"column":31}},"6":{"start":{"line":36,"column":8},"end":{"line":36,"column":null}},"7":{"start":{"line":37,"column":10},"end":{"line":37,"column":null}},"8":{"start":{"line":42,"column":6},"end":{"line":42,"column":null}},"9":{"start":{"line":45,"column":6},"end":{"line":45,"column":null}},"10":{"start":{"line":46,"column":6},"end":{"line":46,"column":null}},"11":{"start":{"line":48,"column":9},"end":{"line":48,"column":null}},"12":{"start":{"line":48,"column":4},"end":{"line":48,"column":null}},"13":{"start":{"line":49,"column":4},"end":{"line":49,"column":null}},"14":{"start":{"line":53,"column":0},"end":{"line":53,"column":null}}},"fnMap":{"0":{"name":"setPromiseCache","decl":{"start":{"line":29,"column":16},"end":{"line":29,"column":31}},"loc":{"start":{"line":31,"column":23},"end":{"line":51,"column":null}}},"1":{"name":"(anonymous_14)","decl":{"start":{"line":35,"column":10},"end":{"line":35,"column":17}},"loc":{"start":{"line":35,"column":10},"end":{"line":50,"column":null}}}},"branchMap":{"0":{"loc":{"start":{"line":31,"column":2},"end":{"line":31,"column":null}},"type":"if","locations":[{"start":{"line":31,"column":2},"end":{"line":31,"column":null}}]},"1":{"loc":{"start":{"line":39,"column":6},"end":{"line":40,"column":38}},"type":"binary-expr","locations":[{"start":{"line":39,"column":6},"end":{"line":39,"column":20}},{"start":{"line":40,"column":10},"end":{"line":40,"column":38}}]}},"s":{"0":4,"1":5,"2":3,"3":3,"4":3,"5":16,"6":8,"7":8,"8":5,"9":5,"10":5,"11":8,"12":8,"13":8,"14":1},"f":{"0":3,"1":8},"b":{"0":[2],"1":[8,8]}}
,"/home/runner/work/spore-tskit/spore-tskit/src/fn/setQueue.ts": {"path":"/home/runner/work/spore-tskit/spore-tskit/src/fn/setQueue.ts","statementMap":{"0":{"start":{"line":23,"column":28},"end":{"line":23,"column":32}},"1":{"start":{"line":24,"column":26},"end":{"line":24,"column":28}},"2":{"start":{"line":25,"column":2},"end":{"line":41,"column":null}},"3":{"start":{"line":25,"column":10},"end":{"line":25,"column":28}},"4":{"start":{"line":26,"column":4},"end":{"line":30,"column":null}},"5":{"start":{"line":28,"column":8},"end":{"line":28,"column":null}},"6":{"start":{"line":32,"column":6},"end":{"line":39,"column":null}},"7":{"start":{"line":34,"column":10},"end":{"line":34,"column":null}},"8":{"start":{"line":35,"column":10},"end":{"line":35,"column":null}},"9":{"start":{"line":37,"column":10},"end":{"line":37,"column":null}},"10":{"start":{"line":22,"column":0},"end":{"line":22,"column":16}},"11":{"start":{"line":44,"column":0},"end":{"line":44,"column":null}}},"fnMap":{"0":{"name":"setQueue","decl":{"start":{"line":22,"column":16},"end":{"line":22,"column":24}},"loc":{"start":{"line":22,"column":52},"end":{"line":42,"column":null}}},"1":{"name":"(anonymous_1)","decl":{"start":{"line":25,"column":9},"end":{"line":25,"column":10}},"loc":{"start":{"line":25,"column":9},"end":{"line":41,"column":3}}},"2":{"name":"(anonymous_2)","decl":{"start":{"line":26,"column":13},"end":{"line":26,"column":null}},"loc":{"start":{"line":26,"column":13},"end":{"line":30,"column":5}}},"3":{"name":"(anonymous_3)","decl":{"start":{"line":32,"column":26},"end":{"line":32,"column":null}},"loc":{"start":{"line":32,"column":26},"end":{"line":39,"column":7}}}},"branchMap":{},"s":{"0":1,"1":1,"2":1,"3":4,"4":2,"5":2,"6":1,"7":1,"8":1,"9":2,"10":1,"11":1},"f":{"0":1,"1":2,"2":2,"3":3},"b":{}}
,"/home/runner/work/spore-tskit/spore-tskit/src/fn/setRegular.ts": {"path":"/home/runner/work/spore-tskit/spore-tskit/src/fn/setRegular.ts","statementMap":{"0":{"start":{"line":27,"column":15},"end":{"line":27,"column":19}},"1":{"start":{"line":28,"column":28},"end":{"line":28,"column":32}},"2":{"start":{"line":29,"column":2},"end":{"line":43,"column":null}},"3":{"start":{"line":29,"column":10},"end":{"line":29,"column":28}},"4":{"start":{"line":30,"column":4},"end":{"line":30,"column":null}},"5":{"start":{"line":32,"column":6},"end":{"line":41,"column":null}},"6":{"start":{"line":34,"column":10},"end":{"line":34,"column":null}},"7":{"start":{"line":37,"column":10},"end":{"line":37,"column":null}},"8":{"start":{"line":38,"column":10},"end":{"line":38,"column":null}},"9":{"start":{"line":40,"column":8},"end":{"line":40,"column":null}},"10":{"start":{"line":26,"column":0},"end":{"line":26,"column":16}},"11":{"start":{"line":46,"column":0},"end":{"line":46,"column":null}}},"fnMap":{"0":{"name":"setRegular","decl":{"start":{"line":26,"column":16},"end":{"line":26,"column":26}},"loc":{"start":{"line":26,"column":54},"end":{"line":44,"column":null}}},"1":{"name":"(anonymous_1)","decl":{"start":{"line":29,"column":9},"end":{"line":29,"column":10}},"loc":{"start":{"line":29,"column":9},"end":{"line":43,"column":3}}},"2":{"name":"(anonymous_2)","decl":{"start":{"line":32,"column":26},"end":{"line":32,"column":null}},"loc":{"start":{"line":32,"column":26},"end":{"line":41,"column":7}}}},"branchMap":{},"s":{"0":1,"1":1,"2":1,"3":22,"4":11,"5":1,"6":3,"7":0,"8":0,"9":3,"10":1,"11":1},"f":{"0":1,"1":11,"2":3},"b":{}}
,"/home/runner/work/spore-tskit/spore-tskit/src/io/getScript.ts": {"path":"/home/runner/work/spore-tskit/spore-tskit/src/io/getScript.ts","statementMap":{"0":{"start":{"line":23,"column":2},"end":{"line":45,"column":null}},"1":{"start":{"line":24,"column":14},"end":{"line":26,"column":null}},"2":{"start":{"line":29,"column":19},"end":{"line":29,"column":51}},"3":{"start":{"line":30,"column":4},"end":{"line":30,"column":null}},"4":{"start":{"line":31,"column":4},"end":{"line":31,"column":null}},"5":{"start":{"line":34,"column":6},"end":{"line":34,"column":null}},"6":{"start":{"line":38,"column":4},"end":{"line":41,"column":null}},"7":{"start":{"line":39,"column":6},"end":{"line":39,"column":null}},"8":{"start":{"line":40,"column":6},"end":{"line":40,"column":null}},"9":{"start":{"line":43,"column":17},"end":{"line":43,"column":47}},"10":{"start":{"line":44,"column":4},"end":{"line":44,"column":null}},"11":{"start":{"line":19,"column":0},"end":{"line":19,"column":16}},"12":{"start":{"line":48,"column":0},"end":{"line":48,"column":null}}},"fnMap":{"0":{"name":"getScript","decl":{"start":{"line":19,"column":16},"end":{"line":19,"column":25}},"loc":{"start":{"line":21,"column":32},"end":{"line":46,"column":null}}},"1":{"name":"(anonymous_3)","decl":{"start":{"line":23,"column":21},"end":{"line":23,"column":22}},"loc":{"start":{"line":23,"column":29},"end":{"line":45,"column":3}}},"2":{"name":"(anonymous_4)","decl":{"start":{"line":38,"column":20},"end":{"line":38,"column":null}},"loc":{"start":{"line":38,"column":20},"end":{"line":41,"column":5}}}},"branchMap":{},"s":{"0":2,"1":2,"2":2,"3":2,"4":2,"5":0,"6":2,"7":2,"8":2,"9":2,"10":2,"11":1,"12":1},"f":{"0":2,"1":2,"2":2},"b":{}}
,"/home/runner/work/spore-tskit/spore-tskit/src/io/index.ts": {"path":"/home/runner/work/spore-tskit/spore-tskit/src/io/index.ts","statementMap":{"0":{"start":{"line":7,"column":0},"end":{"line":7,"column":9}},"1":{"start":{"line":7,"column":9},"end":{"line":7,"column":null}},"2":{"start":{"line":8,"column":0},"end":{"line":8,"column":9}},"3":{"start":{"line":8,"column":9},"end":{"line":8,"column":null}}},"fnMap":{"0":{"name":"(anonymous_0)","decl":{"start":{"line":7,"column":9},"end":{"line":7,"column":18}},"loc":{"start":{"line":7,"column":9},"end":{"line":7,"column":null}}},"1":{"name":"(anonymous_1)","decl":{"start":{"line":8,"column":9},"end":{"line":8,"column":16}},"loc":{"start":{"line":8,"column":9},"end":{"line":8,"column":null}}}},"branchMap":{},"s":{"0":1,"1":2,"2":1,"3":3},"f":{"0":1,"1":2},"b":{}}
,"/home/runner/work/spore-tskit/spore-tskit/src/io/loadSdk.ts": {"path":"/home/runner/work/spore-tskit/spore-tskit/src/io/loadSdk.ts","statementMap":{"0":{"start":{"line":18,"column":0},"end":{"line":18,"column":null}},"1":{"start":{"line":19,"column":0},"end":{"line":19,"column":null}},"2":{"start":{"line":20,"column":0},"end":{"line":20,"column":null}},"3":{"start":{"line":32,"column":19},"end":{"line":32,"column":38}},"4":{"start":{"line":34,"column":28},"end":{"line":34,"column":32}},"5":{"start":{"line":37,"column":2},"end":{"line":37,"column":null}},"6":{"start":{"line":39,"column":2},"end":{"line":39,"column":null}},"7":{"start":{"line":41,"column":4},"end":{"line":41,"column":null}},"8":{"start":{"line":42,"column":4},"end":{"line":42,"column":null}},"9":{"start":{"line":47,"column":12},"end":{"line":51,"column":null}},"10":{"start":{"line":58,"column":6},"end":{"line":58,"column":null}},"11":{"start":{"line":60,"column":11},"end":{"line":60,"column":22}},"12":{"start":{"line":62,"column":4},"end":{"line":62,"column":null}},"13":{"start":{"line":65,"column":2},"end":{"line":67,"column":null}},"14":{"start":{"line":67,"column":16},"end":{"line":67,"column":34}},"15":{"start":{"line":68,"column":2},"end":{"line":68,"column":null}},"16":{"start":{"line":70,"column":2},"end":{"line":70,"column":null}},"17":{"start":{"line":46,"column":0},"end":{"line":46,"column":16}},"18":{"start":{"line":73,"column":0},"end":{"line":73,"column":null}}},"fnMap":{"0":{"name":"loadSdk","decl":{"start":{"line":46,"column":16},"end":{"line":46,"column":23}},"loc":{"start":{"line":46,"column":51},"end":{"line":71,"column":null}}},"1":{"name":"(anonymous_4)","decl":{"start":{"line":67,"column":10},"end":{"line":67,"column":16}},"loc":{"start":{"line":67,"column":10},"end":{"line":67,"column":19}}}},"branchMap":{},"s":{"0":1,"1":1,"2":1,"3":1,"4":1,"5":0,"6":1,"7":1,"8":1,"9":2,"10":6,"11":2,"12":1,"13":1,"14":1,"15":1,"16":1,"17":1,"18":1},"f":{"0":2,"1":1},"b":{}}
,"/home/runner/work/spore-tskit/spore-tskit/src/num/commaFormat.ts": {"path":"/home/runner/work/spore-tskit/spore-tskit/src/num/commaFormat.ts","statementMap":{"0":{"start":{"line":14,"column":16},"end":{"line":14,"column":41}},"1":{"start":{"line":16,"column":4},"end":{"line":16,"column":null}},"2":{"start":{"line":19,"column":4},"end":{"line":19,"column":null}},"3":{"start":{"line":21,"column":2},"end":{"line":21,"column":null}},"4":{"start":{"line":13,"column":0},"end":{"line":13,"column":16}},"5":{"start":{"line":24,"column":0},"end":{"line":24,"column":null}}},"fnMap":{"0":{"name":"commaFormat","decl":{"start":{"line":13,"column":16},"end":{"line":13,"column":27}},"loc":{"start":{"line":13,"column":39},"end":{"line":22,"column":null}}}},"branchMap":{},"s":{"0":3,"1":3,"2":1,"3":3,"4":1,"5":1},"f":{"0":3},"b":{}}
,"/home/runner/work/spore-tskit/spore-tskit/src/num/fixAccuracy.ts": {"path":"/home/runner/work/spore-tskit/spore-tskit/src/num/fixAccuracy.ts","statementMap":{"0":{"start":{"line":16,"column":2},"end":{"line":16,"column":null}},"1":{"start":{"line":18,"column":2},"end":{"line":18,"column":null}},"2":{"start":{"line":14,"column":0},"end":{"line":14,"column":16}},"3":{"start":{"line":21,"column":0},"end":{"line":21,"column":null}}},"fnMap":{"0":{"name":"fixAccuracy","decl":{"start":{"line":14,"column":16},"end":{"line":14,"column":27}},"loc":{"start":{"line":16,"column":23},"end":{"line":19,"column":null}}}},"branchMap":{"0":{"loc":{"start":{"line":16,"column":2},"end":{"line":16,"column":null}},"type":"if","locations":[{"start":{"line":16,"column":2},"end":{"line":16,"column":null}}]}},"s":{"0":4,"1":2,"2":1,"3":1},"f":{"0":2},"b":{"0":[2]}}
,"/home/runner/work/spore-tskit/spore-tskit/src/num/index.ts": {"path":"/home/runner/work/spore-tskit/spore-tskit/src/num/index.ts","statementMap":{"0":{"start":{"line":7,"column":0},"end":{"line":7,"column":9}},"1":{"start":{"line":7,"column":9},"end":{"line":7,"column":null}},"2":{"start":{"line":8,"column":0},"end":{"line":8,"column":9}},"3":{"start":{"line":8,"column":9},"end":{"line":8,"column":null}}},"fnMap":{"0":{"name":"(anonymous_0)","decl":{"start":{"line":7,"column":9},"end":{"line":7,"column":20}},"loc":{"start":{"line":7,"column":9},"end":{"line":7,"column":null}}},"1":{"name":"(anonymous_1)","decl":{"start":{"line":8,"column":9},"end":{"line":8,"column":20}},"loc":{"start":{"line":8,"column":9},"end":{"line":8,"column":null}}}},"branchMap":{},"s":{"0":1,"1":4,"2":1,"3":3},"f":{"0":3,"1":2},"b":{}}
,"/home/runner/work/spore-tskit/spore-tskit/src/str/byteLength.ts": {"path":"/home/runner/work/spore-tskit/spore-tskit/src/str/byteLength.ts","statementMap":{"0":{"start":{"line":13,"column":15},"end":{"line":13,"column":19}},"1":{"start":{"line":15,"column":4},"end":{"line":15,"column":null}},"2":{"start":{"line":17,"column":2},"end":{"line":17,"column":null}},"3":{"start":{"line":18,"column":2},"end":{"line":18,"column":null}},"4":{"start":{"line":12,"column":0},"end":{"line":12,"column":16}},"5":{"start":{"line":21,"column":0},"end":{"line":21,"column":null}}},"fnMap":{"0":{"name":"byteLength","decl":{"start":{"line":12,"column":16},"end":{"line":12,"column":26}},"loc":{"start":{"line":12,"column":38},"end":{"line":19,"column":null}}}},"branchMap":{"0":{"loc":{"start":{"line":18,"column":24},"end":{"line":18,"column":51}},"type":"cond-expr","locations":[{"start":{"line":18,"column":34},"end":{"line":18,"column":35}},{"start":{"line":18,"column":38},"end":{"line":18,"column":51}}]}},"s":{"0":9,"1":1,"2":8,"3":8,"4":1,"5":1},"f":{"0":9},"b":{"0":[1,7]}}
,"/home/runner/work/spore-tskit/spore-tskit/src/str/dbcToSbc.ts": {"path":"/home/runner/work/spore-tskit/spore-tskit/src/str/dbcToSbc.ts","statementMap":{"0":{"start":{"line":12,"column":2},"end":{"line":15,"column":null}},"1":{"start":{"line":14,"column":27},"end":{"line":14,"column":73}},"2":{"start":{"line":11,"column":0},"end":{"line":11,"column":16}},"3":{"start":{"line":18,"column":0},"end":{"line":18,"column":null}}},"fnMap":{"0":{"name":"dbcToSbc","decl":{"start":{"line":11,"column":16},"end":{"line":11,"column":24}},"loc":{"start":{"line":11,"column":36},"end":{"line":16,"column":null}}},"1":{"name":"(anonymous_1)","decl":{"start":{"line":14,"column":4},"end":{"line":14,"column":5}},"loc":{"start":{"line":14,"column":14},"end":{"line":14,"column":28}}}},"branchMap":{},"s":{"0":1,"1":10,"2":1,"3":1},"f":{"0":1,"1":10},"b":{}}
,"/home/runner/work/spore-tskit/spore-tskit/src/str/decodeHTML.ts": {"path":"/home/runner/work/spore-tskit/spore-tskit/src/str/decodeHTML.ts","statementMap":{"0":{"start":{"line":12,"column":2},"end":{"line":18,"column":null}},"1":{"start":{"line":11,"column":0},"end":{"line":11,"column":16}},"2":{"start":{"line":21,"column":0},"end":{"line":21,"column":null}}},"fnMap":{"0":{"name":"decodeHTML","decl":{"start":{"line":11,"column":16},"end":{"line":11,"column":26}},"loc":{"start":{"line":11,"column":38},"end":{"line":19,"column":null}}}},"branchMap":{},"s":{"0":1,"1":1,"2":1},"f":{"0":1},"b":{}}
,"/home/runner/work/spore-tskit/spore-tskit/src/str/encodeHTML.ts": {"path":"/home/runner/work/spore-tskit/spore-tskit/src/str/encodeHTML.ts","statementMap":{"0":{"start":{"line":13,"column":2},"end":{"line":19,"column":null}},"1":{"start":{"line":12,"column":0},"end":{"line":12,"column":16}},"2":{"start":{"line":22,"column":0},"end":{"line":22,"column":null}}},"fnMap":{"0":{"name":"encodeHTML","decl":{"start":{"line":12,"column":16},"end":{"line":12,"column":26}},"loc":{"start":{"line":12,"column":38},"end":{"line":20,"column":null}}}},"branchMap":{},"s":{"0":1,"1":1,"2":1},"f":{"0":1},"b":{}}
,"/home/runner/work/spore-tskit/spore-tskit/src/str/getLeftByteString.ts": {"path":"/home/runner/work/spore-tskit/spore-tskit/src/str/getLeftByteString.ts","statementMap":{"0":{"start":{"line":14,"column":0},"end":{"line":14,"column":null}},"1":{"start":{"line":17,"column":19},"end":{"line":18,"column":35}},"2":{"start":{"line":19,"column":22},"end":{"line":21,"column":30}},"3":{"start":{"line":22,"column":11},"end":{"line":22,"column":36}},"4":{"start":{"line":24,"column":4},"end":{"line":24,"column":null}},"5":{"start":{"line":26,"column":2},"end":{"line":26,"column":null}},"6":{"start":{"line":16,"column":0},"end":{"line":16,"column":16}},"7":{"start":{"line":29,"column":0},"end":{"line":29,"column":null}}},"fnMap":{"0":{"name":"getLeftByteString","decl":{"start":{"line":16,"column":16},"end":{"line":16,"column":33}},"loc":{"start":{"line":16,"column":59},"end":{"line":27,"column":null}}}},"branchMap":{"0":{"loc":{"start":{"line":23,"column":6},"end":{"line":23,"column":39}},"type":"binary-expr","locations":[{"start":{"line":23,"column":6},"end":{"line":23,"column":27}},{"start":{"line":23,"column":31},"end":{"line":23,"column":39}}]}},"s":{"0":1,"1":6,"2":6,"3":6,"4":0,"5":6,"6":1,"7":1},"f":{"0":6},"b":{"0":[6,0]}}
,"/home/runner/work/spore-tskit/spore-tskit/src/str/getRnd36.ts": {"path":"/home/runner/work/spore-tskit/spore-tskit/src/str/getRnd36.ts","statementMap":{"0":{"start":{"line":12,"column":18},"end":{"line":12,"column":38}},"1":{"start":{"line":13,"column":2},"end":{"line":13,"column":null}},"2":{"start":{"line":11,"column":0},"end":{"line":11,"column":16}},"3":{"start":{"line":16,"column":0},"end":{"line":16,"column":null}}},"fnMap":{"0":{"name":"getRnd36","decl":{"start":{"line":11,"column":16},"end":{"line":11,"column":24}},"loc":{"start":{"line":11,"column":37},"end":{"line":14,"column":null}}}},"branchMap":{"0":{"loc":{"start":{"line":12,"column":18},"end":{"line":12,"column":38}},"type":"binary-expr","locations":[{"start":{"line":12,"column":18},"end":{"line":12,"column":21}},{"start":{"line":12,"column":25},"end":{"line":12,"column":38}}]}},"s":{"0":3,"1":3,"2":1,"3":1},"f":{"0":3},"b":{"0":[3,2]}}
,"/home/runner/work/spore-tskit/spore-tskit/src/str/getTime36.ts": {"path":"/home/runner/work/spore-tskit/spore-tskit/src/str/getTime36.ts","statementMap":{"0":{"start":{"line":13,"column":17},"end":{"line":13,"column":71}},"1":{"start":{"line":14,"column":2},"end":{"line":14,"column":null}},"2":{"start":{"line":12,"column":0},"end":{"line":12,"column":16}},"3":{"start":{"line":17,"column":0},"end":{"line":17,"column":null}}},"fnMap":{"0":{"name":"getTime36","decl":{"start":{"line":12,"column":16},"end":{"line":12,"column":25}},"loc":{"start":{"line":12,"column":41},"end":{"line":15,"column":null}}}},"branchMap":{"0":{"loc":{"start":{"line":13,"column":17},"end":{"line":13,"column":71}},"type":"cond-expr","locations":[{"start":{"line":13,"column":24},"end":{"line":13,"column":48}},{"start":{"line":13,"column":51},"end":{"line":13,"column":71}}]}},"s":{"0":2,"1":2,"2":1,"3":1},"f":{"0":2},"b":{"0":[1,1]}}
,"/home/runner/work/spore-tskit/spore-tskit/src/str/index.ts": {"path":"/home/runner/work/spore-tskit/spore-tskit/src/str/index.ts","statementMap":{"0":{"start":{"line":6,"column":0},"end":{"line":6,"column":9}},"1":{"start":{"line":6,"column":9},"end":{"line":6,"column":null}},"2":{"start":{"line":7,"column":0},"end":{"line":7,"column":9}},"3":{"start":{"line":7,"column":9},"end":{"line":7,"column":null}},"4":{"start":{"line":8,"column":0},"end":{"line":8,"column":9}},"5":{"start":{"line":8,"column":9},"end":{"line":8,"column":null}},"6":{"start":{"line":9,"column":0},"end":{"line":9,"column":9}},"7":{"start":{"line":9,"column":9},"end":{"line":9,"column":null}},"8":{"start":{"line":10,"column":0},"end":{"line":10,"column":9}},"9":{"start":{"line":10,"column":9},"end":{"line":10,"column":null}},"10":{"start":{"line":11,"column":0},"end":{"line":11,"column":9}},"11":{"start":{"line":11,"column":9},"end":{"line":11,"column":null}},"12":{"start":{"line":12,"column":0},"end":{"line":12,"column":9}},"13":{"start":{"line":12,"column":9},"end":{"line":12,"column":null}},"14":{"start":{"line":13,"column":0},"end":{"line":13,"column":9}},"15":{"start":{"line":13,"column":9},"end":{"line":13,"column":null}},"16":{"start":{"line":14,"column":0},"end":{"line":14,"column":9}},"17":{"start":{"line":14,"column":9},"end":{"line":14,"column":null}},"18":{"start":{"line":15,"column":0},"end":{"line":15,"column":9}},"19":{"start":{"line":15,"column":9},"end":{"line":15,"column":null}}},"fnMap":{"0":{"name":"(anonymous_0)","decl":{"start":{"line":6,"column":9},"end":{"line":6,"column":19}},"loc":{"start":{"line":6,"column":9},"end":{"line":6,"column":null}}},"1":{"name":"(anonymous_1)","decl":{"start":{"line":7,"column":9},"end":{"line":7,"column":17}},"loc":{"start":{"line":7,"column":9},"end":{"line":7,"column":null}}},"2":{"name":"(anonymous_2)","decl":{"start":{"line":8,"column":9},"end":{"line":8,"column":19}},"loc":{"start":{"line":8,"column":9},"end":{"line":8,"column":null}}},"3":{"name":"(anonymous_3)","decl":{"start":{"line":9,"column":9},"end":{"line":9,"column":19}},"loc":{"start":{"line":9,"column":9},"end":{"line":9,"column":null}}},"4":{"name":"(anonymous_4)","decl":{"start":{"line":10,"column":9},"end":{"line":10,"column":26}},"loc":{"start":{"line":10,"column":9},"end":{"line":10,"column":null}}},"5":{"name":"(anonymous_5)","decl":{"start":{"line":11,"column":9},"end":{"line":11,"column":17}},"loc":{"start":{"line":11,"column":9},"end":{"line":11,"column":null}}},"6":{"name":"(anonymous_6)","decl":{"start":{"line":12,"column":9},"end":{"line":12,"column":18}},"loc":{"start":{"line":12,"column":9},"end":{"line":12,"column":null}}},"7":{"name":"(anonymous_7)","decl":{"start":{"line":13,"column":9},"end":{"line":13,"column":16}},"loc":{"start":{"line":13,"column":9},"end":{"line":13,"column":null}}},"8":{"name":"(anonymous_8)","decl":{"start":{"line":14,"column":9},"end":{"line":14,"column":25}},"loc":{"start":{"line":14,"column":9},"end":{"line":14,"column":null}}},"9":{"name":"(anonymous_9)","decl":{"start":{"line":15,"column":9},"end":{"line":15,"column":19}},"loc":{"start":{"line":15,"column":9},"end":{"line":15,"column":null}}}},"branchMap":{},"s":{"0":1,"1":4,"2":1,"3":2,"4":1,"5":2,"6":1,"7":2,"8":1,"9":7,"10":1,"11":4,"12":1,"13":3,"14":1,"15":3,"16":1,"17":3,"18":1,"19":3},"f":{"0":3,"1":1,"2":1,"3":1,"4":6,"5":3,"6":2,"7":2,"8":2,"9":2},"b":{}}
,"/home/runner/work/spore-tskit/spore-tskit/src/str/ipToHex.ts": {"path":"/home/runner/work/spore-tskit/spore-tskit/src/str/ipToHex.ts","statementMap":{"0":{"start":{"line":12,"column":2},"end":{"line":20,"column":null}},"1":{"start":{"line":13,"column":14},"end":{"line":13,"column":19}},"2":{"start":{"line":14,"column":4},"end":{"line":14,"column":null}},"3":{"start":{"line":15,"column":4},"end":{"line":15,"column":null}},"4":{"start":{"line":17,"column":6},"end":{"line":17,"column":null}},"5":{"start":{"line":19,"column":4},"end":{"line":19,"column":null}},"6":{"start":{"line":11,"column":0},"end":{"line":11,"column":16}},"7":{"start":{"line":23,"column":0},"end":{"line":23,"column":null}}},"fnMap":{"0":{"name":"ipToHex","decl":{"start":{"line":11,"column":16},"end":{"line":11,"column":23}},"loc":{"start":{"line":11,"column":34},"end":{"line":21,"column":null}}},"1":{"name":"(anonymous_1)","decl":{"start":{"line":12,"column":33},"end":{"line":12,"column":34}},"loc":{"start":{"line":12,"column":46},"end":{"line":20,"column":3}}}},"branchMap":{"0":{"loc":{"start":{"line":14,"column":10},"end":{"line":14,"column":32}},"type":"binary-expr","locations":[{"start":{"line":14,"column":10},"end":{"line":14,"column":27}},{"start":{"line":14,"column":31},"end":{"line":14,"column":32}}]}},"s":{"0":2,"1":8,"2":8,"3":8,"4":4,"5":8,"6":1,"7":1},"f":{"0":2,"1":8},"b":{"0":[8,0]}}
,"/home/runner/work/spore-tskit/spore-tskit/src/str/sizeOfUTF8String.ts": {"path":"/home/runner/work/spore-tskit/spore-tskit/src/str/sizeOfUTF8String.ts","statementMap":{"0":{"start":{"line":12,"column":14},"end":{"line":12,"column":24}},"1":{"start":{"line":13,"column":14},"end":{"line":13,"column":15}},"2":{"start":{"line":14,"column":15},"end":{"line":14,"column":16}},"3":{"start":{"line":17,"column":6},"end":{"line":17,"column":null}},"4":{"start":{"line":19,"column":6},"end":{"line":19,"column":null}},"5":{"start":{"line":22,"column":2},"end":{"line":22,"column":null}},"6":{"start":{"line":11,"column":0},"end":{"line":11,"column":16}},"7":{"start":{"line":25,"column":0},"end":{"line":25,"column":null}}},"fnMap":{"0":{"name":"sizeOfUTF8String","decl":{"start":{"line":11,"column":16},"end":{"line":11,"column":32}},"loc":{"start":{"line":11,"column":44},"end":{"line":23,"column":null}}}},"branchMap":{"0":{"loc":{"start":{"line":15,"column":8},"end":{"line":15,"column":57}},"type":"binary-expr","locations":[{"start":{"line":15,"column":8},"end":{"line":15,"column":30}},{"start":{"line":15,"column":34},"end":{"line":15,"column":57}}]}},"s":{"0":2,"1":2,"2":2,"3":7,"4":2,"5":2,"6":1,"7":1},"f":{"0":2},"b":{"0":[9,9]}}
,"/home/runner/work/spore-tskit/spore-tskit/src/str/substitute.ts": {"path":"/home/runner/work/spore-tskit/spore-tskit/src/str/substitute.ts","statementMap":{"0":{"start":{"line":16,"column":2},"end":{"line":20,"column":null}},"1":{"start":{"line":17,"column":4},"end":{"line":17,"column":null}},"2":{"start":{"line":17,"column":34},"end":{"line":17,"column":null}},"3":{"start":{"line":19,"column":4},"end":{"line":19,"column":null}},"4":{"start":{"line":15,"column":0},"end":{"line":15,"column":16}},"5":{"start":{"line":23,"column":0},"end":{"line":23,"column":null}}},"fnMap":{"0":{"name":"substitute","decl":{"start":{"line":15,"column":16},"end":{"line":15,"column":26}},"loc":{"start":{"line":15,"column":75},"end":{"line":21,"column":null}}},"1":{"name":"(anonymous_1)","decl":{"start":{"line":16,"column":54},"end":{"line":16,"column":55}},"loc":{"start":{"line":16,"column":82},"end":{"line":20,"column":3}}}},"branchMap":{"0":{"loc":{"start":{"line":16,"column":21},"end":{"line":16,"column":52}},"type":"binary-expr","locations":[{"start":{"line":16,"column":21},"end":{"line":16,"column":24}},{"start":{"line":16,"column":29},"end":{"line":16,"column":52}}]},"1":{"loc":{"start":{"line":17,"column":4},"end":{"line":17,"column":null}},"type":"if","locations":[{"start":{"line":17,"column":4},"end":{"line":17,"column":null}}]},"2":{"loc":{"start":{"line":19,"column":12},"end":{"line":19,"column":52}},"type":"cond-expr","locations":[{"start":{"line":19,"column":33},"end":{"line":19,"column":47}},{"start":{"line":19,"column":50},"end":{"line":19,"column":52}}]}},"s":{"0":2,"1":2,"2":0,"3":2,"4":1,"5":1},"f":{"0":2,"1":2},"b":{"0":[2,1],"1":[0],"2":[2,0]}}
,"/home/runner/work/spore-tskit/spore-tskit/src/time/CountDown.ts": {"path":"/home/runner/work/spore-tskit/spore-tskit/src/time/CountDown.ts","statementMap":{"0":{"start":{"line":42,"column":0},"end":{"line":42,"column":null}},"1":{"start":{"line":43,"column":0},"end":{"line":43,"column":null}},"2":{"start":{"line":61,"column":13},"end":{"line":61,"column":null}},"3":{"start":{"line":62,"column":13},"end":{"line":62,"column":null}},"4":{"start":{"line":64,"column":0},"end":{"line":64,"column":13}},"5":{"start":{"line":72,"column":4},"end":{"line":72,"column":null}},"6":{"start":{"line":73,"column":4},"end":{"line":73,"column":null}},"7":{"start":{"line":74,"column":4},"end":{"line":74,"column":null}},"8":{"start":{"line":77,"column":2},"end":{"line":89,"column":null}},"9":{"start":{"line":78,"column":16},"end":{"line":78,"column":26}},"10":{"start":{"line":79,"column":23},"end":{"line":79,"column":42}},"11":{"start":{"line":82,"column":6},"end":{"line":84,"column":null}},"12":{"start":{"line":83,"column":8},"end":{"line":83,"column":null}},"13":{"start":{"line":86,"column":6},"end":{"line":86,"column":null}},"14":{"start":{"line":87,"column":6},"end":{"line":87,"column":null}},"15":{"start":{"line":91,"column":2},"end":{"line":99,"column":null}},"16":{"start":{"line":92,"column":29},"end":{"line":92,"column":null}},"17":{"start":{"line":94,"column":6},"end":{"line":97,"column":null}},"18":{"start":{"line":101,"column":2},"end":{"line":104,"column":null}},"19":{"start":{"line":102,"column":4},"end":{"line":102,"column":null}},"20":{"start":{"line":103,"column":4},"end":{"line":103,"column":null}},"21":{"start":{"line":106,"column":2},"end":{"line":108,"column":null}},"22":{"start":{"line":107,"column":4},"end":{"line":107,"column":null}},"23":{"start":{"line":109,"column":0},"end":{"line":109,"column":null}},"24":{"start":{"line":64,"column":13},"end":{"line":64,"column":null}},"25":{"start":{"line":111,"column":0},"end":{"line":111,"column":13}},"26":{"start":{"line":136,"column":4},"end":{"line":143,"column":null}},"27":{"start":{"line":144,"column":21},"end":{"line":144,"column":null}},"28":{"start":{"line":145,"column":4},"end":{"line":145,"column":null}},"29":{"start":{"line":146,"column":4},"end":{"line":146,"column":null}},"30":{"start":{"line":147,"column":4},"end":{"line":147,"column":null}},"31":{"start":{"line":148,"column":4},"end":{"line":148,"column":null}},"32":{"start":{"line":149,"column":4},"end":{"line":149,"column":null}},"33":{"start":{"line":150,"column":4},"end":{"line":150,"column":null}},"34":{"start":{"line":152,"column":4},"end":{"line":152,"column":null}},"35":{"start":{"line":153,"column":4},"end":{"line":153,"column":null}},"36":{"start":{"line":156,"column":2},"end":{"line":163,"column":null}},"37":{"start":{"line":157,"column":21},"end":{"line":157,"column":null}},"38":{"start":{"line":158,"column":4},"end":{"line":158,"column":null}},"39":{"start":{"line":160,"column":6},"end":{"line":160,"column":null}},"40":{"start":{"line":162,"column":4},"end":{"line":162,"column":null}},"41":{"start":{"line":165,"column":2},"end":{"line":188,"column":null}},"42":{"start":{"line":166,"column":25},"end":{"line":166,"column":null}},"43":{"start":{"line":170,"column":23},"end":{"line":170,"column":31}},"44":{"start":{"line":172,"column":6},"end":{"line":172,"column":null}},"45":{"start":{"line":174,"column":6},"end":{"line":174,"column":null}},"46":{"start":{"line":176,"column":6},"end":{"line":176,"column":null}},"47":{"start":{"line":178,"column":4},"end":{"line":178,"column":null}},"48":{"start":{"line":180,"column":17},"end":{"line":180,"column":34}},"49":{"start":{"line":181,"column":18},"end":{"line":181,"column":35}},"50":{"start":{"line":183,"column":6},"end":{"line":183,"column":null}},"51":{"start":{"line":184,"column":6},"end":{"line":184,"column":null}},"52":{"start":{"line":186,"column":4},"end":{"line":186,"column":null}},"53":{"start":{"line":187,"column":4},"end":{"line":187,"column":null}},"54":{"start":{"line":190,"column":2},"end":{"line":209,"column":null}},"55":{"start":{"line":196,"column":8},"end":{"line":196,"column":12}},"56":{"start":{"line":192,"column":12},"end":{"line":192,"column":null}},"57":{"start":{"line":193,"column":14},"end":{"line":193,"column":null}},"58":{"start":{"line":194,"column":13},"end":{"line":194,"column":null}},"59":{"start":{"line":195,"column":10},"end":{"line":195,"column":null}},"60":{"start":{"line":198,"column":4},"end":{"line":198,"column":null}},"61":{"start":{"line":202,"column":17},"end":{"line":202,"column":49}},"62":{"start":{"line":204,"column":6},"end":{"line":204,"column":null}},"63":{"start":{"line":206,"column":8},"end":{"line":206,"column":null}},"64":{"start":{"line":220,"column":2},"end":{"line":222,"column":null}},"65":{"start":{"line":221,"column":4},"end":{"line":221,"column":null}},"66":{"start":{"line":235,"column":2},"end":{"line":241,"column":null}},"67":{"start":{"line":236,"column":16},"end":{"line":236,"column":80}},"68":{"start":{"line":237,"column":23},"end":{"line":237,"column":72}},"69":{"start":{"line":239,"column":6},"end":{"line":239,"column":null}},"70":{"start":{"line":243,"column":2},"end":{"line":250,"column":null}},"71":{"start":{"line":244,"column":25},"end":{"line":244,"column":null}},"72":{"start":{"line":245,"column":16},"end":{"line":245,"column":53}},"73":{"start":{"line":246,"column":4},"end":{"line":246,"column":null}},"74":{"start":{"line":248,"column":6},"end":{"line":248,"column":null}},"75":{"start":{"line":260,"column":2},"end":{"line":273,"column":null}},"76":{"start":{"line":264,"column":8},"end":{"line":264,"column":12}},"77":{"start":{"line":262,"column":10},"end":{"line":262,"column":null}},"78":{"start":{"line":263,"column":11},"end":{"line":263,"column":null}},"79":{"start":{"line":266,"column":6},"end":{"line":266,"column":null}},"80":{"start":{"line":271,"column":6},"end":{"line":271,"column":null}},"81":{"start":{"line":283,"column":2},"end":{"line":288,"column":null}},"82":{"start":{"line":284,"column":21},"end":{"line":284,"column":null}},"83":{"start":{"line":285,"column":4},"end":{"line":285,"column":null}},"84":{"start":{"line":286,"column":4},"end":{"line":286,"column":null}},"85":{"start":{"line":287,"column":4},"end":{"line":287,"column":null}},"86":{"start":{"line":289,"column":0},"end":{"line":289,"column":null}},"87":{"start":{"line":111,"column":13},"end":{"line":111,"column":null}},"88":{"start":{"line":291,"column":0},"end":{"line":291,"column":null}}},"fnMap":{"0":{"name":"(anonymous_3)","decl":{"start":{"line":64,"column":0},"end":{"line":64,"column":13}},"loc":{"start":{"line":64,"column":0},"end":{"line":109,"column":1}}},"1":{"name":"CountDownMonitor","decl":{"start":{"line":71,"column":2},"end":{"line":71,"column":14}},"loc":{"start":{"line":71,"column":34},"end":{"line":75,"column":null}}},"2":{"name":"(anonymous_5)","decl":{"start":{"line":77,"column":2},"end":{"line":77,"column":9}},"loc":{"start":{"line":77,"column":2},"end":{"line":89,"column":3}}},"3":{"name":"(anonymous_6)","decl":{"start":{"line":82,"column":25},"end":{"line":82,"column":26}},"loc":{"start":{"line":82,"column":28},"end":{"line":84,"column":7}}},"4":{"name":"(anonymous_7)","decl":{"start":{"line":91,"column":2},"end":{"line":91,"column":7}},"loc":{"start":{"line":91,"column":2},"end":{"line":99,"column":3}}},"5":{"name":"(anonymous_8)","decl":{"start":{"line":101,"column":2},"end":{"line":101,"column":5}},"loc":{"start":{"line":101,"column":18},"end":{"line":104,"column":3}}},"6":{"name":"(anonymous_9)","decl":{"start":{"line":106,"column":2},"end":{"line":106,"column":8}},"loc":{"start":{"line":106,"column":21},"end":{"line":108,"column":3}}},"7":{"name":"(anonymous_10)","decl":{"start":{"line":111,"column":0},"end":{"line":111,"column":13}},"loc":{"start":{"line":111,"column":0},"end":{"line":289,"column":1}}},"8":{"name":"CountDown","decl":{"start":{"line":130,"column":2},"end":{"line":130,"column":14}},"loc":{"start":{"line":130,"column":40},"end":{"line":154,"column":null}}},"9":{"name":"(anonymous_12)","decl":{"start":{"line":156,"column":2},"end":{"line":156,"column":7}},"loc":{"start":{"line":156,"column":2},"end":{"line":163,"column":3}}},"10":{"name":"(anonymous_13)","decl":{"start":{"line":165,"column":2},"end":{"line":165,"column":9}},"loc":{"start":{"line":165,"column":2},"end":{"line":188,"column":3}}},"11":{"name":"(anonymous_14)","decl":{"start":{"line":190,"column":2},"end":{"line":190,"column":8}},"loc":{"start":{"line":190,"column":20},"end":{"line":209,"column":3}}},"12":{"name":"(anonymous_15)","decl":{"start":{"line":220,"column":2},"end":{"line":220,"column":11}},"loc":{"start":{"line":220,"column":26},"end":{"line":222,"column":3}}},"13":{"name":"(anonymous_16)","decl":{"start":{"line":235,"column":2},"end":{"line":235,"column":9}},"loc":{"start":{"line":235,"column":52},"end":{"line":241,"column":3}}},"14":{"name":"(anonymous_17)","decl":{"start":{"line":243,"column":2},"end":{"line":243,"column":7}},"loc":{"start":{"line":243,"column":26},"end":{"line":250,"column":3}}},"15":{"name":"(anonymous_18)","decl":{"start":{"line":260,"column":2},"end":{"line":260,"column":6}},"loc":{"start":{"line":260,"column":2},"end":{"line":273,"column":3}}},"16":{"name":"(anonymous_19)","decl":{"start":{"line":283,"column":2},"end":{"line":283,"column":9}},"loc":{"start":{"line":283,"column":2},"end":{"line":288,"column":3}}}},"branchMap":{"0":{"loc":{"start":{"line":146,"column":20},"end":{"line":146,"column":38}},"type":"binary-expr","locations":[{"start":{"line":146,"column":20},"end":{"line":146,"column":33}},{"start":{"line":146,"column":37},"end":{"line":146,"column":38}}]},"1":{"loc":{"start":{"line":236,"column":16},"end":{"line":236,"column":80}},"type":"cond-expr","locations":[{"start":{"line":236,"column":28},"end":{"line":236,"column":57}},{"start":{"line":236,"column":60},"end":{"line":236,"column":80}}]},"2":{"loc":{"start":{"line":237,"column":23},"end":{"line":237,"column":72}},"type":"cond-expr","locations":[{"start":{"line":237,"column":36},"end":{"line":237,"column":66}},{"start":{"line":237,"column":69},"end":{"line":237,"column":72}}]}},"s":{"0":2,"1":2,"2":2,"3":2,"4":2,"5":1,"6":1,"7":1,"8":2,"9":75,"10":75,"11":72,"12":72,"13":3,"14":3,"15":2,"16":5,"17":4,"18":2,"19":5,"20":5,"21":2,"22":5,"23":2,"24":2,"25":2,"26":5,"27":5,"28":5,"29":5,"30":5,"31":5,"32":5,"33":5,"34":5,"35":5,"36":2,"37":5,"38":5,"39":1,"40":5,"41":2,"42":5,"43":5,"44":5,"45":0,"46":0,"47":5,"48":5,"49":5,"50":1,"51":1,"52":5,"53":5,"54":2,"55":72,"56":72,"57":72,"58":72,"59":72,"60":72,"61":72,"62":19,"63":19,"64":2,"65":6,"66":2,"67":1,"68":1,"69":1,"70":2,"71":72,"72":72,"73":72,"74":3,"75":2,"76":5,"77":5,"78":5,"79":5,"80":4,"81":2,"82":1,"83":1,"84":1,"85":1,"86":2,"87":2,"88":2},"f":{"0":2,"1":1,"2":75,"3":72,"4":5,"5":5,"6":5,"7":2,"8":5,"9":5,"10":5,"11":72,"12":6,"13":1,"14":72,"15":5,"16":1},"b":{"0":[5,0],"1":[0,1],"2":[1,0]}}
,"/home/runner/work/spore-tskit/spore-tskit/src/time/delay.ts": {"path":"/home/runner/work/spore-tskit/spore-tskit/src/time/delay.ts","statementMap":{"0":{"start":{"line":15,"column":2},"end":{"line":17,"column":null}},"1":{"start":{"line":16,"column":4},"end":{"line":16,"column":null}},"2":{"start":{"line":14,"column":0},"end":{"line":14,"column":16}},"3":{"start":{"line":20,"column":0},"end":{"line":20,"column":null}}},"fnMap":{"0":{"name":"delay","decl":{"start":{"line":14,"column":16},"end":{"line":14,"column":21}},"loc":{"start":{"line":14,"column":34},"end":{"line":18,"column":null}}},"1":{"name":"(anonymous_1)","decl":{"start":{"line":15,"column":21},"end":{"line":15,"column":22}},"loc":{"start":{"line":15,"column":39},"end":{"line":17,"column":3}}}},"branchMap":{},"s":{"0":9,"1":9,"2":2,"3":2},"f":{"0":9,"1":9},"b":{}}
,"/home/runner/work/spore-tskit/spore-tskit/src/time/formatDate.ts": {"path":"/home/runner/work/spore-tskit/spore-tskit/src/time/formatDate.ts","statementMap":{"0":{"start":{"line":47,"column":0},"end":{"line":47,"column":null}},"1":{"start":{"line":48,"column":0},"end":{"line":48,"column":null}},"2":{"start":{"line":83,"column":17},"end":{"line":83,"column":36}},"3":{"start":{"line":84,"column":15},"end":{"line":84,"column":48}},"4":{"start":{"line":84,"column":45},"end":{"line":84,"column":null}},"5":{"start":{"line":87,"column":14},"end":{"line":87,"column":39}},"6":{"start":{"line":88,"column":16},"end":{"line":88,"column":34}},"7":{"start":{"line":89,"column":2},"end":{"line":89,"column":null}},"8":{"start":{"line":96,"column":29},"end":{"line":96,"column":31}},"9":{"start":{"line":97,"column":12},"end":{"line":100,"column":null}},"10":{"start":{"line":105,"column":18},"end":{"line":105,"column":34}},"11":{"start":{"line":106,"column":2},"end":{"line":106,"column":null}},"12":{"start":{"line":107,"column":2},"end":{"line":107,"column":null}},"13":{"start":{"line":108,"column":2},"end":{"line":108,"column":null}},"14":{"start":{"line":109,"column":2},"end":{"line":109,"column":null}},"15":{"start":{"line":110,"column":2},"end":{"line":110,"column":null}},"16":{"start":{"line":111,"column":2},"end":{"line":111,"column":null}},"17":{"start":{"line":112,"column":2},"end":{"line":112,"column":null}},"18":{"start":{"line":113,"column":2},"end":{"line":113,"column":null}},"19":{"start":{"line":115,"column":2},"end":{"line":115,"column":null}},"20":{"start":{"line":116,"column":2},"end":{"line":116,"column":null}},"21":{"start":{"line":117,"column":2},"end":{"line":117,"column":null}},"22":{"start":{"line":119,"column":2},"end":{"line":119,"column":null}},"23":{"start":{"line":120,"column":2},"end":{"line":120,"column":null}},"24":{"start":{"line":122,"column":2},"end":{"line":122,"column":null}},"25":{"start":{"line":123,"column":2},"end":{"line":123,"column":null}},"26":{"start":{"line":125,"column":2},"end":{"line":125,"column":null}},"27":{"start":{"line":127,"column":2},"end":{"line":127,"column":null}},"28":{"start":{"line":128,"column":2},"end":{"line":128,"column":null}},"29":{"start":{"line":130,"column":2},"end":{"line":130,"column":null}},"30":{"start":{"line":131,"column":2},"end":{"line":131,"column":null}},"31":{"start":{"line":133,"column":2},"end":{"line":133,"column":null}},"32":{"start":{"line":134,"column":2},"end":{"line":134,"column":null}},"33":{"start":{"line":136,"column":2},"end":{"line":136,"column":null}},"34":{"start":{"line":137,"column":2},"end":{"line":137,"column":null}},"35":{"start":{"line":139,"column":2},"end":{"line":139,"column":null}},"36":{"start":{"line":92,"column":0},"end":{"line":92,"column":16}},"37":{"start":{"line":142,"column":0},"end":{"line":142,"column":null}}},"fnMap":{"0":{"name":"(anonymous_3)","decl":{"start":{"line":84,"column":15},"end":{"line":84,"column":16}},"loc":{"start":{"line":84,"column":32},"end":{"line":84,"column":48}}},"1":{"name":"rightLimit","decl":{"start":{"line":86,"column":9},"end":{"line":86,"column":19}},"loc":{"start":{"line":86,"column":46},"end":{"line":90,"column":null}}},"2":{"name":"formatDate","decl":{"start":{"line":92,"column":16},"end":{"line":92,"column":26}},"loc":{"start":{"line":94,"column":30},"end":{"line":140,"column":null}}}},"branchMap":{"0":{"loc":{"start":{"line":89,"column":9},"end":{"line":89,"column":44}},"type":"cond-expr","locations":[{"start":{"line":89,"column":21},"end":{"line":89,"column":38}},{"start":{"line":89,"column":41},"end":{"line":89,"column":44}}]}},"s":{"0":2,"1":2,"2":2,"3":2,"4":1,"5":4,"6":4,"7":4,"8":2,"9":2,"10":2,"11":2,"12":2,"13":2,"14":2,"15":2,"16":2,"17":2,"18":2,"19":2,"20":2,"21":2,"22":2,"23":2,"24":2,"25":2,"26":2,"27":2,"28":2,"29":2,"30":2,"31":2,"32":2,"33":2,"34":2,"35":2,"36":2,"37":2},"f":{"0":1,"1":4,"2":2},"b":{"0":[2,2]}}
,"/home/runner/work/spore-tskit/spore-tskit/src/time/getLastStartTime.ts": {"path":"/home/runner/work/spore-tskit/spore-tskit/src/time/getLastStartTime.ts","statementMap":{"0":{"start":{"line":18,"column":0},"end":{"line":18,"column":null}},"1":{"start":{"line":19,"column":0},"end":{"line":19,"column":null}},"2":{"start":{"line":32,"column":2},"end":{"line":32,"column":null}},"3":{"start":{"line":33,"column":2},"end":{"line":33,"column":null}},"4":{"start":{"line":35,"column":20},"end":{"line":35,"column":44}},"5":{"start":{"line":36,"column":18},"end":{"line":36,"column":34}},"6":{"start":{"line":38,"column":14},"end":{"line":38,"column":21}},"7":{"start":{"line":45,"column":4},"end":{"line":45,"column":null}},"8":{"start":{"line":49,"column":4},"end":{"line":49,"column":null}},"9":{"start":{"line":50,"column":4},"end":{"line":50,"column":null}},"10":{"start":{"line":51,"column":4},"end":{"line":51,"column":null}},"11":{"start":{"line":53,"column":4},"end":{"line":53,"column":null}},"12":{"start":{"line":54,"column":4},"end":{"line":54,"column":null}},"13":{"start":{"line":55,"column":4},"end":{"line":55,"column":null}},"14":{"start":{"line":56,"column":4},"end":{"line":56,"column":null}},"15":{"start":{"line":57,"column":4},"end":{"line":57,"column":null}},"16":{"start":{"line":58,"column":4},"end":{"line":58,"column":null}},"17":{"start":{"line":59,"column":4},"end":{"line":59,"column":null}},"18":{"start":{"line":61,"column":4},"end":{"line":61,"column":null}},"19":{"start":{"line":63,"column":6},"end":{"line":63,"column":null}},"20":{"start":{"line":66,"column":6},"end":{"line":66,"column":null}},"21":{"start":{"line":68,"column":25},"end":{"line":68,"column":49}},"22":{"start":{"line":69,"column":4},"end":{"line":69,"column":null}},"23":{"start":{"line":72,"column":2},"end":{"line":72,"column":null}},"24":{"start":{"line":30,"column":0},"end":{"line":30,"column":16}},"25":{"start":{"line":75,"column":0},"end":{"line":75,"column":null}}},"fnMap":{"0":{"name":"getLastStartTime","decl":{"start":{"line":30,"column":16},"end":{"line":30,"column":32}},"loc":{"start":{"line":33,"column":19},"end":{"line":73,"column":null}}}},"branchMap":{"0":{"loc":{"start":{"line":32,"column":2},"end":{"line":32,"column":null}},"type":"if","locations":[{"start":{"line":32,"column":2},"end":{"line":32,"column":null}}]},"1":{"loc":{"start":{"line":33,"column":2},"end":{"line":33,"column":null}},"type":"if","locations":[{"start":{"line":33,"column":2},"end":{"line":33,"column":null}}]}},"s":{"0":2,"1":2,"2":5,"3":9,"4":5,"5":5,"6":5,"7":0,"8":1,"9":1,"10":1,"11":1,"12":1,"13":1,"14":1,"15":1,"16":1,"17":1,"18":3,"19":2,"20":1,"21":3,"22":3,"23":5,"24":2,"25":2},"f":{"0":5},"b":{"0":[0],"1":[4]}}
,"/home/runner/work/spore-tskit/spore-tskit/src/time/getTimeSplit.ts": {"path":"/home/runner/work/spore-tskit/spore-tskit/src/time/getTimeSplit.ts","statementMap":{"0":{"start":{"line":25,"column":0},"end":{"line":25,"column":null}},"1":{"start":{"line":28,"column":12},"end":{"line":28,"column":31}},"2":{"start":{"line":30,"column":13},"end":{"line":36,"column":null}},"3":{"start":{"line":42,"column":2},"end":{"line":42,"column":null}},"4":{"start":{"line":44,"column":20},"end":{"line":44,"column":44}},"5":{"start":{"line":45,"column":16},"end":{"line":45,"column":32}},"6":{"start":{"line":48,"column":12},"end":{"line":48,"column":28}},"7":{"start":{"line":49,"column":2},"end":{"line":49,"column":null}},"8":{"start":{"line":51,"column":16},"end":{"line":51,"column":39}},"9":{"start":{"line":53,"column":4},"end":{"line":53,"column":null}},"10":{"start":{"line":55,"column":15},"end":{"line":55,"column":44}},"11":{"start":{"line":56,"column":14},"end":{"line":56,"column":44}},"12":{"start":{"line":57,"column":13},"end":{"line":57,"column":38}},"13":{"start":{"line":58,"column":13},"end":{"line":58,"column":39}},"14":{"start":{"line":59,"column":16},"end":{"line":59,"column":44}},"15":{"start":{"line":62,"column":4},"end":{"line":62,"column":null}},"16":{"start":{"line":65,"column":4},"end":{"line":65,"column":null}},"17":{"start":{"line":68,"column":4},"end":{"line":68,"column":null}},"18":{"start":{"line":71,"column":4},"end":{"line":71,"column":null}},"19":{"start":{"line":74,"column":14},"end":{"line":77,"column":13}},"20":{"start":{"line":79,"column":2},"end":{"line":79,"column":null}},"21":{"start":{"line":40,"column":0},"end":{"line":40,"column":16}},"22":{"start":{"line":82,"column":0},"end":{"line":82,"column":null}}},"fnMap":{"0":{"name":"getTimeSplit","decl":{"start":{"line":40,"column":16},"end":{"line":40,"column":28}},"loc":{"start":{"line":42,"column":28},"end":{"line":80,"column":null}}}},"branchMap":{"0":{"loc":{"start":{"line":42,"column":2},"end":{"line":42,"column":null}},"type":"if","locations":[{"start":{"line":42,"column":2},"end":{"line":42,"column":null}}]},"1":{"loc":{"start":{"line":49,"column":8},"end":{"line":49,"column":31}},"type":"cond-expr","locations":[{"start":{"line":49,"column":20},"end":{"line":49,"column":21}},{"start":{"line":49,"column":24},"end":{"line":49,"column":31}}]}},"s":{"0":2,"1":2,"2":2,"3":5,"4":5,"5":5,"6":5,"7":5,"8":5,"9":1,"10":5,"11":5,"12":5,"13":5,"14":5,"15":5,"16":5,"17":2,"18":1,"19":5,"20":5,"21":2,"22":2},"f":{"0":5},"b":{"0":[0],"1":[0,5]}}
,"/home/runner/work/spore-tskit/spore-tskit/src/time/getUTCDate.ts": {"path":"/home/runner/work/spore-tskit/spore-tskit/src/time/getUTCDate.ts","statementMap":{"0":{"start":{"line":19,"column":20},"end":{"line":19,"column":35}},"1":{"start":{"line":22,"column":31},"end":{"line":22,"column":69}},"2":{"start":{"line":23,"column":18},"end":{"line":23,"column":40}},"3":{"start":{"line":24,"column":2},"end":{"line":24,"column":null}},"4":{"start":{"line":21,"column":0},"end":{"line":21,"column":16}},"5":{"start":{"line":27,"column":0},"end":{"line":27,"column":null}}},"fnMap":{"0":{"name":"getUTCDate","decl":{"start":{"line":21,"column":16},"end":{"line":21,"column":26}},"loc":{"start":{"line":21,"column":41},"end":{"line":25,"column":null}}}},"branchMap":{},"s":{"0":2,"1":12,"2":12,"3":12,"4":2,"5":2},"f":{"0":12},"b":{}}
,"/home/runner/work/spore-tskit/spore-tskit/src/time/index.ts": {"path":"/home/runner/work/spore-tskit/spore-tskit/src/time/index.ts","statementMap":{"0":{"start":{"line":6,"column":0},"end":{"line":6,"column":9}},"1":{"start":{"line":6,"column":9},"end":{"line":6,"column":null}},"2":{"start":{"line":7,"column":0},"end":{"line":7,"column":9}},"3":{"start":{"line":7,"column":9},"end":{"line":7,"column":null}},"4":{"start":{"line":8,"column":0},"end":{"line":8,"column":9}},"5":{"start":{"line":8,"column":9},"end":{"line":8,"column":null}},"6":{"start":{"line":9,"column":0},"end":{"line":9,"column":9}},"7":{"start":{"line":9,"column":9},"end":{"line":9,"column":null}},"8":{"start":{"line":10,"column":0},"end":{"line":10,"column":9}},"9":{"start":{"line":10,"column":9},"end":{"line":10,"column":null}},"10":{"start":{"line":11,"column":0},"end":{"line":11,"column":9}},"11":{"start":{"line":11,"column":9},"end":{"line":11,"column":null}},"12":{"start":{"line":12,"column":0},"end":{"line":12,"column":9}},"13":{"start":{"line":12,"column":9},"end":{"line":12,"column":null}}},"fnMap":{"0":{"name":"(anonymous_0)","decl":{"start":{"line":6,"column":9},"end":{"line":6,"column":14}},"loc":{"start":{"line":6,"column":9},"end":{"line":6,"column":null}}},"1":{"name":"(anonymous_1)","decl":{"start":{"line":7,"column":9},"end":{"line":7,"column":19}},"loc":{"start":{"line":7,"column":9},"end":{"line":7,"column":null}}},"2":{"name":"(anonymous_2)","decl":{"start":{"line":8,"column":9},"end":{"line":8,"column":25}},"loc":{"start":{"line":8,"column":9},"end":{"line":8,"column":null}}},"3":{"name":"(anonymous_3)","decl":{"start":{"line":9,"column":9},"end":{"line":9,"column":21}},"loc":{"start":{"line":9,"column":9},"end":{"line":9,"column":null}}},"4":{"name":"(anonymous_4)","decl":{"start":{"line":10,"column":9},"end":{"line":10,"column":19}},"loc":{"start":{"line":10,"column":9},"end":{"line":10,"column":null}}},"5":{"name":"(anonymous_5)","decl":{"start":{"line":11,"column":9},"end":{"line":11,"column":22}},"loc":{"start":{"line":11,"column":9},"end":{"line":11,"column":null}}},"6":{"name":"(anonymous_6)","decl":{"start":{"line":12,"column":9},"end":{"line":12,"column":18}},"loc":{"start":{"line":12,"column":9},"end":{"line":12,"column":null}}}},"branchMap":{},"s":{"0":2,"1":11,"2":2,"3":4,"4":2,"5":7,"6":2,"7":4,"8":2,"9":2,"10":2,"11":3,"12":2,"13":7},"f":{"0":9,"1":2,"2":5,"3":2,"4":0,"5":1,"6":5},"b":{}}
,"/home/runner/work/spore-tskit/spore-tskit/src/time/parseUnitTime.ts": {"path":"/home/runner/work/spore-tskit/spore-tskit/src/time/parseUnitTime.ts","statementMap":{"0":{"start":{"line":18,"column":18},"end":{"line":23,"column":null}},"1":{"start":{"line":43,"column":12},"end":{"line":45,"column":null}},"2":{"start":{"line":48,"column":33},"end":{"line":54,"column":null}},"3":{"start":{"line":56,"column":18},"end":{"line":56,"column":49}},"4":{"start":{"line":57,"column":15},"end":{"line":57,"column":28}},"5":{"start":{"line":58,"column":16},"end":{"line":58,"column":30}},"6":{"start":{"line":59,"column":18},"end":{"line":59,"column":34}},"7":{"start":{"line":60,"column":18},"end":{"line":60,"column":34}},"8":{"start":{"line":62,"column":26},"end":{"line":62,"column":38}},"9":{"start":{"line":65,"column":4},"end":{"line":65,"column":null}},"10":{"start":{"line":69,"column":4},"end":{"line":69,"column":null}},"11":{"start":{"line":70,"column":4},"end":{"line":70,"column":null}},"12":{"start":{"line":74,"column":4},"end":{"line":74,"column":null}},"13":{"start":{"line":75,"column":4},"end":{"line":75,"column":null}},"14":{"start":{"line":79,"column":4},"end":{"line":79,"column":null}},"15":{"start":{"line":80,"column":4},"end":{"line":80,"column":null}},"16":{"start":{"line":83,"column":2},"end":{"line":83,"column":null}},"17":{"start":{"line":85,"column":2},"end":{"line":85,"column":null}},"18":{"start":{"line":39,"column":0},"end":{"line":39,"column":16}},"19":{"start":{"line":88,"column":0},"end":{"line":88,"column":null}}},"fnMap":{"0":{"name":"parseUnitTime","decl":{"start":{"line":39,"column":16},"end":{"line":39,"column":29}},"loc":{"start":{"line":41,"column":33},"end":{"line":86,"column":null}}}},"branchMap":{},"s":{"0":2,"1":1,"2":1,"3":1,"4":1,"5":1,"6":1,"7":1,"8":1,"9":1,"10":1,"11":1,"12":1,"13":1,"14":1,"15":1,"16":1,"17":1,"18":2,"19":2},"f":{"0":1},"b":{}}
,"/home/runner/work/spore-tskit/spore-tskit/src/url/getQuery.ts": {"path":"/home/runner/work/spore-tskit/spore-tskit/src/url/getQuery.ts","statementMap":{"0":{"start":{"line":21,"column":13},"end":{"line":21,"column":null}},"1":{"start":{"line":27,"column":14},"end":{"line":27,"column":48}},"2":{"start":{"line":29,"column":4},"end":{"line":29,"column":null}},"3":{"start":{"line":32,"column":14},"end":{"line":32,"column":33}},"4":{"start":{"line":34,"column":4},"end":{"line":34,"column":null}},"5":{"start":{"line":35,"column":24},"end":{"line":35,"column":40}},"6":{"start":{"line":37,"column":19},"end":{"line":37,"column":57}},"7":{"start":{"line":38,"column":6},"end":{"line":38,"column":null}},"8":{"start":{"line":39,"column":31},"end":{"line":39,"column":48}},"9":{"start":{"line":40,"column":6},"end":{"line":47,"column":null}},"10":{"start":{"line":41,"column":27},"end":{"line":41,"column":45}},"11":{"start":{"line":43,"column":22},"end":{"line":43,"column":48}},"12":{"start":{"line":44,"column":24},"end":{"line":44,"column":65}},"13":{"start":{"line":45,"column":10},"end":{"line":45,"column":null}},"14":{"start":{"line":48,"column":6},"end":{"line":48,"column":null}},"15":{"start":{"line":53,"column":4},"end":{"line":53,"column":null}},"16":{"start":{"line":56,"column":2},"end":{"line":56,"column":null}},"17":{"start":{"line":26,"column":0},"end":{"line":26,"column":16}},"18":{"start":{"line":59,"column":0},"end":{"line":59,"column":null}}},"fnMap":{"0":{"name":"getQuery","decl":{"start":{"line":26,"column":16},"end":{"line":26,"column":24}},"loc":{"start":{"line":26,"column":53},"end":{"line":57,"column":null}}},"1":{"name":"(anonymous_1)","decl":{"start":{"line":40,"column":21},"end":{"line":40,"column":22}},"loc":{"start":{"line":40,"column":35},"end":{"line":47,"column":7}}}},"branchMap":{"0":{"loc":{"start":{"line":27,"column":14},"end":{"line":27,"column":48}},"type":"binary-expr","locations":[{"start":{"line":27,"column":14},"end":{"line":27,"column":18}},{"start":{"line":27,"column":22},"end":{"line":27,"column":42}},{"start":{"line":27,"column":46},"end":{"line":27,"column":48}}]},"1":{"loc":{"start":{"line":27,"column":22},"end":{"line":27,"column":42}},"type":"cond-expr","locations":[{"start":{"line":27,"column":36},"end":{"line":27,"column":38}},{"start":{"line":27,"column":36},"end":{"line":27,"column":42}}]},"2":{"loc":{"start":{"line":27,"column":22},"end":{"line":27,"column":38}},"type":"binary-expr","locations":[{"start":{"line":27,"column":22},"end":{"line":27,"column":38}},{"start":{"line":27,"column":36},"end":{"line":27,"column":38}}]},"3":{"loc":{"start":{"line":27,"column":22},"end":{"line":27,"column":36}},"type":"cond-expr","locations":[{"start":{"line":27,"column":26},"end":{"line":27,"column":28}},{"start":{"line":27,"column":22},"end":{"line":27,"column":36}}]},"4":{"loc":{"start":{"line":27,"column":22},"end":{"line":27,"column":28}},"type":"binary-expr","locations":[{"start":{"line":27,"column":22},"end":{"line":27,"column":28}},{"start":{"line":27,"column":22},"end":{"line":27,"column":28}}]},"5":{"loc":{"start":{"line":53,"column":11},"end":{"line":53,"column":38}},"type":"binary-expr","locations":[{"start":{"line":53,"column":11},"end":{"line":53,"column":32}},{"start":{"line":53,"column":36},"end":{"line":53,"column":38}}]}},"s":{"0":1,"1":9,"2":1,"3":8,"4":6,"5":6,"6":4,"7":4,"8":4,"9":4,"10":5,"11":5,"12":5,"13":5,"14":4,"15":2,"16":6,"17":1,"18":1},"f":{"0":9,"1":5},"b":{"0":[9,1,1],"1":[1,0],"2":[1,1],"3":[1,0],"4":[1,1],"5":[2,1]}}
,"/home/runner/work/spore-tskit/spore-tskit/src/url/index.ts": {"path":"/home/runner/work/spore-tskit/spore-tskit/src/url/index.ts","statementMap":{"0":{"start":{"line":7,"column":0},"end":{"line":7,"column":9}},"1":{"start":{"line":7,"column":9},"end":{"line":7,"column":null}},"2":{"start":{"line":8,"column":0},"end":{"line":8,"column":9}},"3":{"start":{"line":8,"column":9},"end":{"line":8,"column":null}}},"fnMap":{"0":{"name":"(anonymous_0)","decl":{"start":{"line":7,"column":9},"end":{"line":7,"column":17}},"loc":{"start":{"line":7,"column":9},"end":{"line":7,"column":null}}},"1":{"name":"(anonymous_1)","decl":{"start":{"line":8,"column":9},"end":{"line":8,"column":17}},"loc":{"start":{"line":8,"column":9},"end":{"line":8,"column":null}}}},"branchMap":{},"s":{"0":1,"1":10,"2":1,"3":11},"f":{"0":9,"1":10},"b":{}}
,"/home/runner/work/spore-tskit/spore-tskit/src/url/setQuery.ts": {"path":"/home/runner/work/spore-tskit/spore-tskit/src/url/setQuery.ts","statementMap":{"0":{"start":{"line":23,"column":14},"end":{"line":23,"column":24}},"1":{"start":{"line":24,"column":16},"end":{"line":24,"column":null}},"2":{"start":{"line":26,"column":14},"end":{"line":26,"column":49}},"3":{"start":{"line":27,"column":2},"end":{"line":64,"column":null}},"4":{"start":{"line":28,"column":17},"end":{"line":28,"column":32}},"5":{"start":{"line":29,"column":4},"end":{"line":29,"column":null}},"6":{"start":{"line":31,"column":17},"end":{"line":41,"column":null}},"7":{"start":{"line":33,"column":20},"end":{"line":33,"column":24}},"8":{"start":{"line":34,"column":20},"end":{"line":34,"column":35}},"9":{"start":{"line":35,"column":22},"end":{"line":35,"column":null}},"10":{"start":{"line":37,"column":13},"end":{"line":37,"column":25}},"11":{"start":{"line":39,"column":8},"end":{"line":39,"column":null}},"12":{"start":{"line":44,"column":4},"end":{"line":51,"column":null}},"13":{"start":{"line":45,"column":20},"end":{"line":45,"column":30}},"14":{"start":{"line":47,"column":8},"end":{"line":47,"column":null}},"15":{"start":{"line":49,"column":8},"end":{"line":49,"column":null}},"16":{"start":{"line":53,"column":21},"end":{"line":53,"column":38}},"17":{"start":{"line":55,"column":6},"end":{"line":55,"column":null}},"18":{"start":{"line":57,"column":23},"end":{"line":59,"column":18}},"19":{"start":{"line":58,"column":22},"end":{"line":58,"column":44}},"20":{"start":{"line":60,"column":6},"end":{"line":60,"column":null}},"21":{"start":{"line":63,"column":4},"end":{"line":63,"column":null}},"22":{"start":{"line":22,"column":0},"end":{"line":22,"column":16}},"23":{"start":{"line":67,"column":0},"end":{"line":67,"column":null}}},"fnMap":{"0":{"name":"setQuery","decl":{"start":{"line":22,"column":16},"end":{"line":22,"column":24}},"loc":{"start":{"line":22,"column":62},"end":{"line":65,"column":null}}},"1":{"name":"(anonymous_1)","decl":{"start":{"line":27,"column":26},"end":{"line":27,"column":27}},"loc":{"start":{"line":27,"column":55},"end":{"line":64,"column":3}}},"2":{"name":"(anonymous_2)","decl":{"start":{"line":32,"column":6},"end":{"line":32,"column":7}},"loc":{"start":{"line":32,"column":42},"end":{"line":40,"column":7}}},"3":{"name":"(anonymous_3)","decl":{"start":{"line":44,"column":31},"end":{"line":44,"column":32}},"loc":{"start":{"line":44,"column":35},"end":{"line":51,"column":5}}},"4":{"name":"(anonymous_4)","decl":{"start":{"line":58,"column":13},"end":{"line":58,"column":14}},"loc":{"start":{"line":58,"column":17},"end":{"line":58,"column":25}}}},"branchMap":{"0":{"loc":{"start":{"line":23,"column":14},"end":{"line":23,"column":24}},"type":"binary-expr","locations":[{"start":{"line":23,"column":14},"end":{"line":23,"column":18}},{"start":{"line":23,"column":22},"end":{"line":23,"column":24}}]},"1":{"loc":{"start":{"line":28,"column":17},"end":{"line":28,"column":32}},"type":"binary-expr","locations":[{"start":{"line":28,"column":17},"end":{"line":28,"column":26}},{"start":{"line":28,"column":30},"end":{"line":28,"column":32}}]},"2":{"loc":{"start":{"line":46,"column":10},"end":{"line":46,"column":56}},"type":"binary-expr","locations":[{"start":{"line":46,"column":10},"end":{"line":46,"column":24}},{"start":{"line":46,"column":28},"end":{"line":46,"column":56}}]}},"s":{"0":10,"1":1,"2":9,"3":9,"4":9,"5":9,"6":9,"7":10,"8":10,"9":10,"10":6,"11":10,"12":9,"13":12,"14":1,"15":11,"16":9,"17":1,"18":8,"19":12,"20":8,"21":9,"22":1,"23":1},"f":{"0":10,"1":9,"2":10,"3":12,"4":12},"b":{"0":[10,1],"1":[9,4],"2":[12,11]}}
,"/home/runner/work/spore-tskit/spore-tskit/src/util/abToHex.ts": {"path":"/home/runner/work/spore-tskit/spore-tskit/src/util/abToHex.ts","statementMap":{"0":{"start":{"line":16,"column":2},"end":{"line":16,"column":null}},"1":{"start":{"line":20,"column":16},"end":{"line":20,"column":38}},"2":{"start":{"line":21,"column":2},"end":{"line":21,"column":null}},"3":{"start":{"line":19,"column":0},"end":{"line":19,"column":16}},"4":{"start":{"line":24,"column":0},"end":{"line":24,"column":null}}},"fnMap":{"0":{"name":"iterator","decl":{"start":{"line":15,"column":9},"end":{"line":15,"column":17}},"loc":{"start":{"line":15,"column":29},"end":{"line":17,"column":null}}},"1":{"name":"abToHex","decl":{"start":{"line":19,"column":16},"end":{"line":19,"column":23}},"loc":{"start":{"line":19,"column":43},"end":{"line":22,"column":null}}}},"branchMap":{},"s":{"0":2,"1":1,"2":1,"3":1,"4":1},"f":{"0":2,"1":1},"b":{}}
,"/home/runner/work/spore-tskit/spore-tskit/src/util/ascToHex.ts": {"path":"/home/runner/work/spore-tskit/spore-tskit/src/util/ascToHex.ts","statementMap":{"0":{"start":{"line":14,"column":4},"end":{"line":14,"column":null}},"1":{"start":{"line":16,"column":12},"end":{"line":16,"column":14}},"2":{"start":{"line":18,"column":14},"end":{"line":18,"column":24}},"3":{"start":{"line":20,"column":16},"end":{"line":20,"column":37}},"4":{"start":{"line":21,"column":18},"end":{"line":21,"column":35}},"5":{"start":{"line":22,"column":4},"end":{"line":22,"column":null}},"6":{"start":{"line":24,"column":2},"end":{"line":24,"column":null}},"7":{"start":{"line":12,"column":0},"end":{"line":12,"column":16}},"8":{"start":{"line":27,"column":0},"end":{"line":27,"column":null}}},"fnMap":{"0":{"name":"ascToHex","decl":{"start":{"line":12,"column":16},"end":{"line":12,"column":24}},"loc":{"start":{"line":12,"column":36},"end":{"line":25,"column":null}}}},"branchMap":{},"s":{"0":1,"1":1,"2":1,"3":2,"4":2,"5":2,"6":1,"7":1,"8":1},"f":{"0":2},"b":{}}
,"/home/runner/work/spore-tskit/spore-tskit/src/util/getType.ts": {"path":"/home/runner/work/spore-tskit/spore-tskit/src/util/getType.ts","statementMap":{"0":{"start":{"line":26,"column":2},"end":{"line":29,"column":null}},"1":{"start":{"line":25,"column":0},"end":{"line":25,"column":16}},"2":{"start":{"line":32,"column":0},"end":{"line":32,"column":null}}},"fnMap":{"0":{"name":"getType","decl":{"start":{"line":25,"column":16},"end":{"line":25,"column":23}},"loc":{"start":{"line":25,"column":37},"end":{"line":30,"column":null}}}},"branchMap":{},"s":{"0":1,"1":1,"2":1},"f":{"0":1},"b":{}}
,"/home/runner/work/spore-tskit/spore-tskit/src/util/hexToAb.ts": {"path":"/home/runner/work/spore-tskit/spore-tskit/src/util/hexToAb.ts","statementMap":{"0":{"start":{"line":20,"column":4},"end":{"line":20,"column":null}},"1":{"start":{"line":22,"column":17},"end":{"line":22,"column":59}},"2":{"start":{"line":23,"column":19},"end":{"line":23,"column":39}},"3":{"start":{"line":24,"column":14},"end":{"line":24,"column":15}},"4":{"start":{"line":26,"column":14},"end":{"line":26,"column":24}},"5":{"start":{"line":28,"column":17},"end":{"line":28,"column":47}},"6":{"start":{"line":29,"column":4},"end":{"line":29,"column":null}},"7":{"start":{"line":30,"column":4},"end":{"line":30,"column":null}},"8":{"start":{"line":32,"column":2},"end":{"line":32,"column":null}},"9":{"start":{"line":18,"column":0},"end":{"line":18,"column":16}},"10":{"start":{"line":35,"column":0},"end":{"line":35,"column":null}}},"fnMap":{"0":{"name":"hexToAb","decl":{"start":{"line":18,"column":16},"end":{"line":18,"column":23}},"loc":{"start":{"line":18,"column":35},"end":{"line":33,"column":null}}}},"branchMap":{},"s":{"0":1,"1":1,"2":1,"3":1,"4":1,"5":2,"6":2,"7":2,"8":1,"9":1,"10":1},"f":{"0":2},"b":{}}
,"/home/runner/work/spore-tskit/spore-tskit/src/util/hexToAsc.ts": {"path":"/home/runner/work/spore-tskit/spore-tskit/src/util/hexToAsc.ts","statementMap":{"0":{"start":{"line":14,"column":4},"end":{"line":14,"column":null}},"1":{"start":{"line":16,"column":2},"end":{"line":19,"column":null}},"2":{"start":{"line":17,"column":16},"end":{"line":17,"column":35}},"3":{"start":{"line":18,"column":4},"end":{"line":18,"column":null}},"4":{"start":{"line":12,"column":0},"end":{"line":12,"column":16}},"5":{"start":{"line":22,"column":0},"end":{"line":22,"column":null}}},"fnMap":{"0":{"name":"hexToAsc","decl":{"start":{"line":12,"column":16},"end":{"line":12,"column":24}},"loc":{"start":{"line":12,"column":36},"end":{"line":20,"column":null}}},"1":{"name":"(anonymous_1)","decl":{"start":{"line":16,"column":37},"end":{"line":16,"column":38}},"loc":{"start":{"line":16,"column":43},"end":{"line":19,"column":3}}}},"branchMap":{},"s":{"0":1,"1":1,"2":2,"3":2,"4":1,"5":1},"f":{"0":2,"1":2},"b":{}}
,"/home/runner/work/spore-tskit/spore-tskit/src/util/hslToRgb.ts": {"path":"/home/runner/work/spore-tskit/spore-tskit/src/util/hslToRgb.ts","statementMap":{"0":{"start":{"line":19,"column":11},"end":{"line":19,"column":12}},"1":{"start":{"line":20,"column":2},"end":{"line":20,"column":null}},"2":{"start":{"line":20,"column":14},"end":{"line":20,"column":null}},"3":{"start":{"line":21,"column":2},"end":{"line":21,"column":null}},"4":{"start":{"line":21,"column":14},"end":{"line":21,"column":null}},"5":{"start":{"line":22,"column":2},"end":{"line":22,"column":null}},"6":{"start":{"line":22,"column":18},"end":{"line":22,"column":null}},"7":{"start":{"line":23,"column":2},"end":{"line":23,"column":null}},"8":{"start":{"line":23,"column":18},"end":{"line":23,"column":null}},"9":{"start":{"line":24,"column":2},"end":{"line":24,"column":null}},"10":{"start":{"line":24,"column":18},"end":{"line":24,"column":null}},"11":{"start":{"line":25,"column":2},"end":{"line":25,"column":null}},"12":{"start":{"line":39,"column":4},"end":{"line":39,"column":null}},"13":{"start":{"line":40,"column":4},"end":{"line":40,"column":null}},"14":{"start":{"line":41,"column":4},"end":{"line":41,"column":null}},"15":{"start":{"line":43,"column":14},"end":{"line":43,"column":51}},"16":{"start":{"line":44,"column":14},"end":{"line":44,"column":23}},"17":{"start":{"line":45,"column":4},"end":{"line":45,"column":null}},"18":{"start":{"line":46,"column":4},"end":{"line":46,"column":null}},"19":{"start":{"line":47,"column":4},"end":{"line":47,"column":null}},"20":{"start":{"line":49,"column":2},"end":{"line":49,"column":null}},"21":{"start":{"line":28,"column":0},"end":{"line":28,"column":16}},"22":{"start":{"line":52,"column":0},"end":{"line":52,"column":null}}},"fnMap":{"0":{"name":"hueToRgb","decl":{"start":{"line":18,"column":9},"end":{"line":18,"column":17}},"loc":{"start":{"line":18,"column":49},"end":{"line":26,"column":null}}},"1":{"name":"hslToRgb","decl":{"start":{"line":28,"column":16},"end":{"line":28,"column":24}},"loc":{"start":{"line":31,"column":11},"end":{"line":50,"column":null}}}},"branchMap":{"0":{"loc":{"start":{"line":20,"column":2},"end":{"line":20,"column":null}},"type":"if","locations":[{"start":{"line":20,"column":2},"end":{"line":20,"column":null}}]},"1":{"loc":{"start":{"line":21,"column":2},"end":{"line":21,"column":null}},"type":"if","locations":[{"start":{"line":21,"column":2},"end":{"line":21,"column":null}}]},"2":{"loc":{"start":{"line":22,"column":2},"end":{"line":22,"column":null}},"type":"if","locations":[{"start":{"line":22,"column":2},"end":{"line":22,"column":null}}]},"3":{"loc":{"start":{"line":23,"column":2},"end":{"line":23,"column":null}},"type":"if","locations":[{"start":{"line":23,"column":2},"end":{"line":23,"column":null}}]},"4":{"loc":{"start":{"line":24,"column":2},"end":{"line":24,"column":null}},"type":"if","locations":[{"start":{"line":24,"column":2},"end":{"line":24,"column":null}}]},"5":{"loc":{"start":{"line":43,"column":14},"end":{"line":43,"column":51}},"type":"cond-expr","locations":[{"start":{"line":43,"column":24},"end":{"line":43,"column":35}},{"start":{"line":43,"column":38},"end":{"line":43,"column":51}}]}},"s":{"0":3,"1":3,"2":0,"3":3,"4":0,"5":3,"6":0,"7":3,"8":1,"9":2,"10":1,"11":1,"12":3,"13":3,"14":3,"15":1,"16":1,"17":1,"18":1,"19":1,"20":4,"21":1,"22":1},"f":{"0":3,"1":4},"b":{"0":[0],"1":[0],"2":[0],"3":[1],"4":[1],"5":[0,1]}}
,"/home/runner/work/spore-tskit/spore-tskit/src/util/index.ts": {"path":"/home/runner/work/spore-tskit/spore-tskit/src/util/index.ts","statementMap":{"0":{"start":{"line":7,"column":0},"end":{"line":7,"column":9}},"1":{"start":{"line":7,"column":9},"end":{"line":7,"column":null}},"2":{"start":{"line":8,"column":0},"end":{"line":8,"column":9}},"3":{"start":{"line":8,"column":9},"end":{"line":8,"column":null}},"4":{"start":{"line":9,"column":0},"end":{"line":9,"column":9}},"5":{"start":{"line":9,"column":9},"end":{"line":9,"column":null}},"6":{"start":{"line":10,"column":0},"end":{"line":10,"column":9}},"7":{"start":{"line":10,"column":9},"end":{"line":10,"column":null}},"8":{"start":{"line":11,"column":0},"end":{"line":11,"column":9}},"9":{"start":{"line":11,"column":9},"end":{"line":11,"column":null}},"10":{"start":{"line":12,"column":0},"end":{"line":12,"column":9}},"11":{"start":{"line":12,"column":9},"end":{"line":12,"column":null}},"12":{"start":{"line":13,"column":0},"end":{"line":13,"column":9}},"13":{"start":{"line":13,"column":9},"end":{"line":13,"column":null}},"14":{"start":{"line":14,"column":0},"end":{"line":14,"column":9}},"15":{"start":{"line":14,"column":9},"end":{"line":14,"column":null}},"16":{"start":{"line":15,"column":0},"end":{"line":15,"column":9}},"17":{"start":{"line":15,"column":9},"end":{"line":15,"column":null}},"18":{"start":{"line":16,"column":0},"end":{"line":16,"column":9}},"19":{"start":{"line":16,"column":9},"end":{"line":16,"column":null}}},"fnMap":{"0":{"name":"(anonymous_0)","decl":{"start":{"line":7,"column":9},"end":{"line":7,"column":16}},"loc":{"start":{"line":7,"column":9},"end":{"line":7,"column":null}}},"1":{"name":"(anonymous_1)","decl":{"start":{"line":8,"column":9},"end":{"line":8,"column":17}},"loc":{"start":{"line":8,"column":9},"end":{"line":8,"column":null}}},"2":{"name":"(anonymous_2)","decl":{"start":{"line":9,"column":9},"end":{"line":9,"column":16}},"loc":{"start":{"line":9,"column":9},"end":{"line":9,"column":null}}},"3":{"name":"(anonymous_3)","decl":{"start":{"line":10,"column":9},"end":{"line":10,"column":16}},"loc":{"start":{"line":10,"column":9},"end":{"line":10,"column":null}}},"4":{"name":"(anonymous_4)","decl":{"start":{"line":11,"column":9},"end":{"line":11,"column":17}},"loc":{"start":{"line":11,"column":9},"end":{"line":11,"column":null}}},"5":{"name":"(anonymous_5)","decl":{"start":{"line":12,"column":9},"end":{"line":12,"column":17}},"loc":{"start":{"line":12,"column":9},"end":{"line":12,"column":null}}},"6":{"name":"(anonymous_6)","decl":{"start":{"line":13,"column":9},"end":{"line":13,"column":24}},"loc":{"start":{"line":13,"column":9},"end":{"line":13,"column":null}}},"7":{"name":"(anonymous_7)","decl":{"start":{"line":14,"column":9},"end":{"line":14,"column":17}},"loc":{"start":{"line":14,"column":9},"end":{"line":14,"column":null}}},"8":{"name":"(anonymous_8)","decl":{"start":{"line":15,"column":9},"end":{"line":15,"column":21}},"loc":{"start":{"line":15,"column":9},"end":{"line":15,"column":null}}},"9":{"name":"(anonymous_9)","decl":{"start":{"line":16,"column":9},"end":{"line":16,"column":17}},"loc":{"start":{"line":16,"column":9},"end":{"line":16,"column":null}}}},"branchMap":{},"s":{"0":1,"1":2,"2":1,"3":3,"4":1,"5":2,"6":1,"7":3,"8":1,"9":3,"10":1,"11":5,"12":1,"13":2,"14":1,"15":5,"16":1,"17":5,"18":1,"19":4},"f":{"0":1,"1":2,"2":1,"3":2,"4":2,"5":4,"6":1,"7":4,"8":4,"9":3},"b":{}}
,"/home/runner/work/spore-tskit/spore-tskit/src/util/isLightColor.ts": {"path":"/home/runner/work/spore-tskit/spore-tskit/src/util/isLightColor.ts","statementMap":{"0":{"start":{"line":1,"column":0},"end":{"line":1,"column":null}},"1":{"start":{"line":15,"column":44},"end":{"line":15,"column":null}},"2":{"start":{"line":16,"column":21},"end":{"line":16,"column":26}},"3":{"start":{"line":18,"column":19},"end":{"line":18,"column":34}},"4":{"start":{"line":19,"column":18},"end":{"line":19,"column":80}},"5":{"start":{"line":20,"column":22},"end":{"line":20,"column":33}},"6":{"start":{"line":22,"column":6},"end":{"line":22,"column":null}},"7":{"start":{"line":25,"column":4},"end":{"line":25,"column":null}},"8":{"start":{"line":27,"column":2},"end":{"line":27,"column":null}},"9":{"start":{"line":15,"column":0},"end":{"line":15,"column":16}},"10":{"start":{"line":30,"column":0},"end":{"line":30,"column":null}}},"fnMap":{"0":{"name":"isLightColor","decl":{"start":{"line":15,"column":16},"end":{"line":15,"column":28}},"loc":{"start":{"line":15,"column":54},"end":{"line":28,"column":null}}}},"branchMap":{"0":{"loc":{"start":{"line":15,"column":44},"end":{"line":15,"column":null}},"type":"if","locations":[{"start":{"line":15,"column":44},"end":{"line":15,"column":null}}]}},"s":{"0":1,"1":8,"2":4,"3":4,"4":4,"5":4,"6":2,"7":0,"8":4,"9":1,"10":1},"f":{"0":4},"b":{"0":[4]}}
,"/home/runner/work/spore-tskit/spore-tskit/src/util/measureDistance.ts": {"path":"/home/runner/work/spore-tskit/spore-tskit/src/util/measureDistance.ts","statementMap":{"0":{"start":{"line":20,"column":19},"end":{"line":20,"column":42}},"1":{"start":{"line":21,"column":19},"end":{"line":21,"column":42}},"2":{"start":{"line":22,"column":12},"end":{"line":22,"column":29}},"3":{"start":{"line":23,"column":13},"end":{"line":23,"column":63}},"4":{"start":{"line":24,"column":17},"end":{"line":24,"column":null}},"5":{"start":{"line":25,"column":17},"end":{"line":25,"column":79}},"6":{"start":{"line":26,"column":18},"end":{"line":26,"column":44}},"7":{"start":{"line":27,"column":10},"end":{"line":27,"column":32}},"8":{"start":{"line":29,"column":2},"end":{"line":29,"column":null}},"9":{"start":{"line":30,"column":2},"end":{"line":30,"column":null}},"10":{"start":{"line":14,"column":0},"end":{"line":14,"column":16}},"11":{"start":{"line":33,"column":0},"end":{"line":33,"column":null}}},"fnMap":{"0":{"name":"measureDistance","decl":{"start":{"line":14,"column":16},"end":{"line":14,"column":31}},"loc":{"start":{"line":18,"column":14},"end":{"line":31,"column":null}}}},"branchMap":{},"s":{"0":1,"1":1,"2":1,"3":1,"4":1,"5":1,"6":1,"7":1,"8":1,"9":1,"10":1,"11":1},"f":{"0":1},"b":{}}
,"/home/runner/work/spore-tskit/spore-tskit/src/util/parseRGB.ts": {"path":"/home/runner/work/spore-tskit/spore-tskit/src/util/parseRGB.ts","statementMap":{"0":{"start":{"line":14,"column":16},"end":{"line":14,"column":54}},"1":{"start":{"line":17,"column":12},"end":{"line":17,"column":17}},"2":{"start":{"line":19,"column":4},"end":{"line":19,"column":null}},"3":{"start":{"line":22,"column":4},"end":{"line":22,"column":null}},"4":{"start":{"line":25,"column":2},"end":{"line":25,"column":null}},"5":{"start":{"line":26,"column":12},"end":{"line":26,"column":14}},"6":{"start":{"line":28,"column":4},"end":{"line":28,"column":null}},"7":{"start":{"line":28,"column":43},"end":{"line":28,"column":50}},"8":{"start":{"line":30,"column":4},"end":{"line":30,"column":null}},"9":{"start":{"line":32,"column":2},"end":{"line":32,"column":null}},"10":{"start":{"line":33,"column":2},"end":{"line":33,"column":null}},"11":{"start":{"line":33,"column":24},"end":{"line":33,"column":40}},"12":{"start":{"line":16,"column":0},"end":{"line":16,"column":16}},"13":{"start":{"line":36,"column":0},"end":{"line":36,"column":null}}},"fnMap":{"0":{"name":"parseRGB","decl":{"start":{"line":16,"column":16},"end":{"line":16,"column":24}},"loc":{"start":{"line":16,"column":38},"end":{"line":34,"column":null}}},"1":{"name":"(anonymous_1)","decl":{"start":{"line":28,"column":28},"end":{"line":28,"column":29}},"loc":{"start":{"line":28,"column":38},"end":{"line":28,"column":44}}},"2":{"name":"(anonymous_2)","decl":{"start":{"line":33,"column":17},"end":{"line":33,"column":18}},"loc":{"start":{"line":33,"column":19},"end":{"line":33,"column":32}}}},"branchMap":{},"s":{"0":1,"1":7,"2":0,"3":0,"4":7,"5":7,"6":2,"7":6,"8":5,"9":7,"10":7,"11":21,"12":1,"13":1},"f":{"0":7,"1":6,"2":21},"b":{}}
,"/home/runner/work/spore-tskit/spore-tskit/src/util/rgbToHsl.ts": {"path":"/home/runner/work/spore-tskit/spore-tskit/src/util/rgbToHsl.ts","statementMap":{"0":{"start":{"line":23,"column":12},"end":{"line":23,"column":20}},"1":{"start":{"line":24,"column":12},"end":{"line":24,"column":20}},"2":{"start":{"line":25,"column":12},"end":{"line":25,"column":20}},"3":{"start":{"line":26,"column":14},"end":{"line":26,"column":31}},"4":{"start":{"line":27,"column":14},"end":{"line":27,"column":31}},"5":{"start":{"line":30,"column":12},"end":{"line":30,"column":27}},"6":{"start":{"line":34,"column":4},"end":{"line":34,"column":null}},"7":{"start":{"line":35,"column":4},"end":{"line":35,"column":null}},"8":{"start":{"line":37,"column":14},"end":{"line":37,"column":23}},"9":{"start":{"line":38,"column":4},"end":{"line":38,"column":null}},"10":{"start":{"line":40,"column":6},"end":{"line":40,"column":null}},"11":{"start":{"line":42,"column":6},"end":{"line":42,"column":null}},"12":{"start":{"line":44,"column":6},"end":{"line":44,"column":null}},"13":{"start":{"line":46,"column":4},"end":{"line":46,"column":null}},"14":{"start":{"line":49,"column":2},"end":{"line":49,"column":null}},"15":{"start":{"line":18,"column":0},"end":{"line":18,"column":16}},"16":{"start":{"line":52,"column":0},"end":{"line":52,"column":null}}},"fnMap":{"0":{"name":"rgbToHsl","decl":{"start":{"line":18,"column":16},"end":{"line":18,"column":24}},"loc":{"start":{"line":21,"column":12},"end":{"line":50,"column":null}}}},"branchMap":{"0":{"loc":{"start":{"line":38,"column":8},"end":{"line":38,"column":55}},"type":"cond-expr","locations":[{"start":{"line":38,"column":18},"end":{"line":38,"column":37}},{"start":{"line":38,"column":40},"end":{"line":38,"column":55}}]},"1":{"loc":{"start":{"line":40,"column":25},"end":{"line":40,"column":38}},"type":"cond-expr","locations":[{"start":{"line":40,"column":33},"end":{"line":40,"column":34}},{"start":{"line":40,"column":37},"end":{"line":40,"column":38}}]}},"s":{"0":4,"1":4,"2":4,"3":4,"4":4,"5":4,"6":3,"7":3,"8":1,"9":1,"10":0,"11":0,"12":1,"13":1,"14":4,"15":1,"16":1},"f":{"0":4},"b":{"0":[1,0],"1":[0,0]}}
}
