TN:
SF:src/dom/eventOccurInside.ts
FN:17,eventOccurInside
FNF:1
FNH:1
FNDA:2,eventOccurInside
DA:17,1
DA:19,2
DA:21,2
DA:23,0
DA:26,1
LF:5
LH:4
BRDA:18,0,0,2
BRDA:18,0,1,2
BRDA:18,0,2,2
BRF:3
BRH:3
end_of_record
TN:
SF:src/dom/index.ts
FN:7,(anonymous_0)
FN:8,(anonymous_1)
FNF:2
FNH:2
FNDA:2,(anonymous_0)
FNDA:2,(anonymous_1)
DA:7,3
DA:8,3
LF:2
LH:2
BRF:0
BRH:0
end_of_record
TN:
SF:src/dom/isHTMLElement.ts
FN:10,isHTMLElement
FNF:1
FNH:1
FNDA:2,isHTMLElement
DA:10,1
DA:11,2
DA:12,2
DA:19,1
LF:4
LH:4
BRDA:13,0,0,2
BRDA:13,0,1,2
BRDA:13,0,2,1
BRF:3
BRH:3
end_of_record
TN:
SF:src/fn/index.ts
FN:7,(anonymous_0)
FN:8,(anonymous_1)
FN:9,(anonymous_2)
FN:10,(anonymous_3)
FN:11,(anonymous_4)
FNF:5
FNH:5
FNDA:1,(anonymous_0)
FNDA:1,(anonymous_1)
FNDA:3,(anonymous_2)
FNDA:1,(anonymous_3)
FNDA:1,(anonymous_4)
DA:7,2
DA:8,2
DA:9,4
DA:10,2
DA:11,2
LF:5
LH:5
BRF:0
BRH:0
end_of_record
TN:
SF:src/fn/setLock.ts
FN:19,setLock
FN:24,(anonymous_1)
FN:26,(anonymous_2)
FNF:3
FNH:3
FNDA:1,setLock
FNDA:3,(anonymous_1)
FNDA:2,(anonymous_2)
DA:19,1
DA:23,1
DA:24,6
DA:25,3
DA:26,2
DA:27,2
DA:29,2
DA:33,1
LF:8
LH:8
BRDA:25,0,0,1
BRF:1
BRH:1
end_of_record
TN:
SF:src/fn/setPrepare.ts
FN:56,setPrepare
FN:61,(anonymous_1)
FN:69,(anonymous_2)
FNF:3
FNH:3
FNDA:1,setPrepare
FNDA:3,(anonymous_1)
FNDA:1,(anonymous_2)
DA:56,1
DA:57,1
DA:58,1
DA:61,1
DA:63,1
DA:65,2
DA:69,1
DA:70,1
DA:71,1
DA:73,2
DA:74,2
DA:78,1
DA:81,1
LF:13
LH:13
BRF:0
BRH:0
end_of_record
TN:
SF:src/fn/setPromiseCache.ts
FN:29,setPromiseCache
FN:35,(anonymous_14)
FNF:2
FNH:2
FNDA:3,setPromiseCache
FNDA:8,(anonymous_14)
DA:29,4
DA:31,5
DA:33,3
DA:34,3
DA:35,16
DA:36,8
DA:37,8
DA:42,5
DA:45,5
DA:46,5
DA:48,8
DA:49,8
DA:53,1
LF:13
LH:13
BRDA:31,0,0,2
BRDA:39,1,0,8
BRDA:39,1,1,8
BRF:3
BRH:3
end_of_record
TN:
SF:src/fn/setQueue.ts
FN:22,setQueue
FN:25,(anonymous_1)
FN:26,(anonymous_2)
FN:32,(anonymous_3)
FNF:4
FNH:4
FNDA:1,setQueue
FNDA:2,(anonymous_1)
FNDA:2,(anonymous_2)
FNDA:3,(anonymous_3)
DA:22,1
DA:23,1
DA:24,1
DA:25,4
DA:26,2
DA:28,2
DA:32,1
DA:34,1
DA:35,1
DA:37,2
DA:44,1
LF:11
LH:11
BRF:0
BRH:0
end_of_record
TN:
SF:src/fn/setRegular.ts
FN:26,setRegular
FN:29,(anonymous_1)
FN:32,(anonymous_2)
FNF:3
FNH:3
FNDA:1,setRegular
FNDA:11,(anonymous_1)
FNDA:3,(anonymous_2)
DA:26,1
DA:27,1
DA:28,1
DA:29,22
DA:30,11
DA:32,1
DA:34,3
DA:37,0
DA:38,0
DA:40,3
DA:46,1
LF:11
LH:9
BRF:0
BRH:0
end_of_record
TN:
SF:src/io/getScript.ts
FN:19,getScript
FN:23,(anonymous_3)
FN:38,(anonymous_4)
FNF:3
FNH:3
FNDA:2,getScript
FNDA:2,(anonymous_3)
FNDA:2,(anonymous_4)
DA:19,1
DA:23,2
DA:24,2
DA:29,2
DA:30,2
DA:31,2
DA:34,0
DA:38,2
DA:39,2
DA:40,2
DA:43,2
DA:44,2
DA:48,1
LF:13
LH:12
BRF:0
BRH:0
end_of_record
TN:
SF:src/io/index.ts
FN:7,(anonymous_0)
FN:8,(anonymous_1)
FNF:2
FNH:2
FNDA:1,(anonymous_0)
FNDA:2,(anonymous_1)
DA:7,2
DA:8,3
LF:2
LH:2
BRF:0
BRH:0
end_of_record
TN:
SF:src/io/loadSdk.ts
FN:46,loadSdk
FN:67,(anonymous_4)
FNF:2
FNH:2
FNDA:2,loadSdk
FNDA:1,(anonymous_4)
DA:18,1
DA:19,1
DA:20,1
DA:32,1
DA:34,1
DA:37,0
DA:39,1
DA:41,1
DA:42,1
DA:46,1
DA:47,2
DA:58,6
DA:60,2
DA:62,1
DA:65,1
DA:67,1
DA:68,1
DA:70,1
DA:73,1
LF:19
LH:18
BRF:0
BRH:0
end_of_record
TN:
SF:src/num/commaFormat.ts
FN:13,commaFormat
FNF:1
FNH:1
FNDA:3,commaFormat
DA:13,1
DA:14,3
DA:16,3
DA:19,1
DA:21,3
DA:24,1
LF:6
LH:6
BRF:0
BRH:0
end_of_record
TN:
SF:src/num/fixAccuracy.ts
FN:14,fixAccuracy
FNF:1
FNH:1
FNDA:2,fixAccuracy
DA:14,1
DA:16,4
DA:18,2
DA:21,1
LF:4
LH:4
BRDA:16,0,0,2
BRF:1
BRH:1
end_of_record
TN:
SF:src/num/index.ts
FN:7,(anonymous_0)
FN:8,(anonymous_1)
FNF:2
FNH:2
FNDA:3,(anonymous_0)
FNDA:2,(anonymous_1)
DA:7,4
DA:8,3
LF:2
LH:2
BRF:0
BRH:0
end_of_record
TN:
SF:src/str/byteLength.ts
FN:12,byteLength
FNF:1
FNH:1
FNDA:9,byteLength
DA:12,1
DA:13,9
DA:15,1
DA:17,8
DA:18,8
DA:21,1
LF:6
LH:6
BRDA:18,0,0,1
BRDA:18,0,1,7
BRF:2
BRH:2
end_of_record
TN:
SF:src/str/dbcToSbc.ts
FN:11,dbcToSbc
FN:14,(anonymous_1)
FNF:2
FNH:2
FNDA:1,dbcToSbc
FNDA:10,(anonymous_1)
DA:11,1
DA:12,1
DA:14,10
DA:18,1
LF:4
LH:4
BRF:0
BRH:0
end_of_record
TN:
SF:src/str/decodeHTML.ts
FN:11,decodeHTML
FNF:1
FNH:1
FNDA:1,decodeHTML
DA:11,1
DA:12,1
DA:21,1
LF:3
LH:3
BRF:0
BRH:0
end_of_record
TN:
SF:src/str/encodeHTML.ts
FN:12,encodeHTML
FNF:1
FNH:1
FNDA:1,encodeHTML
DA:12,1
DA:13,1
DA:22,1
LF:3
LH:3
BRF:0
BRH:0
end_of_record
TN:
SF:src/str/getLeftByteString.ts
FN:16,getLeftByteString
FNF:1
FNH:1
FNDA:6,getLeftByteString
DA:14,1
DA:16,1
DA:17,6
DA:19,6
DA:22,6
DA:24,0
DA:26,6
DA:29,1
LF:8
LH:7
BRDA:23,0,0,6
BRDA:23,0,1,0
BRF:2
BRH:1
end_of_record
TN:
SF:src/str/getRnd36.ts
FN:11,getRnd36
FNF:1
FNH:1
FNDA:3,getRnd36
DA:11,1
DA:12,3
DA:13,3
DA:16,1
LF:4
LH:4
BRDA:12,0,0,3
BRDA:12,0,1,2
BRF:2
BRH:2
end_of_record
TN:
SF:src/str/getTime36.ts
FN:12,getTime36
FNF:1
FNH:1
FNDA:2,getTime36
DA:12,1
DA:13,2
DA:14,2
DA:17,1
LF:4
LH:4
BRDA:13,0,0,1
BRDA:13,0,1,1
BRF:2
BRH:2
end_of_record
TN:
SF:src/str/index.ts
FN:6,(anonymous_0)
FN:7,(anonymous_1)
FN:8,(anonymous_2)
FN:9,(anonymous_3)
FN:10,(anonymous_4)
FN:11,(anonymous_5)
FN:12,(anonymous_6)
FN:13,(anonymous_7)
FN:14,(anonymous_8)
FN:15,(anonymous_9)
FNF:10
FNH:10
FNDA:3,(anonymous_0)
FNDA:1,(anonymous_1)
FNDA:1,(anonymous_2)
FNDA:1,(anonymous_3)
FNDA:6,(anonymous_4)
FNDA:3,(anonymous_5)
FNDA:2,(anonymous_6)
FNDA:2,(anonymous_7)
FNDA:2,(anonymous_8)
FNDA:2,(anonymous_9)
DA:6,4
DA:7,2
DA:8,2
DA:9,2
DA:10,7
DA:11,4
DA:12,3
DA:13,3
DA:14,3
DA:15,3
LF:10
LH:10
BRF:0
BRH:0
end_of_record
TN:
SF:src/str/ipToHex.ts
FN:11,ipToHex
FN:12,(anonymous_1)
FNF:2
FNH:2
FNDA:2,ipToHex
FNDA:8,(anonymous_1)
DA:11,1
DA:12,2
DA:13,8
DA:14,8
DA:15,8
DA:17,4
DA:19,8
DA:23,1
LF:8
LH:8
BRDA:14,0,0,8
BRDA:14,0,1,0
BRF:2
BRH:1
end_of_record
TN:
SF:src/str/sizeOfUTF8String.ts
FN:11,sizeOfUTF8String
FNF:1
FNH:1
FNDA:2,sizeOfUTF8String
DA:11,1
DA:12,2
DA:13,2
DA:14,2
DA:17,7
DA:19,2
DA:22,2
DA:25,1
LF:8
LH:8
BRDA:15,0,0,9
BRDA:15,0,1,9
BRF:2
BRH:2
end_of_record
TN:
SF:src/str/substitute.ts
FN:15,substitute
FN:16,(anonymous_1)
FNF:2
FNH:2
FNDA:2,substitute
FNDA:2,(anonymous_1)
DA:15,1
DA:16,2
DA:17,2
DA:19,2
DA:23,1
LF:5
LH:5
BRDA:16,0,0,2
BRDA:16,0,1,1
BRDA:17,1,0,0
BRDA:19,2,0,2
BRDA:19,2,1,0
BRF:5
BRH:3
end_of_record
TN:
SF:src/time/CountDown.ts
FN:64,(anonymous_3)
FN:71,CountDownMonitor
FN:77,(anonymous_5)
FN:82,(anonymous_6)
FN:91,(anonymous_7)
FN:101,(anonymous_8)
FN:106,(anonymous_9)
FN:111,(anonymous_10)
FN:130,CountDown
FN:156,(anonymous_12)
FN:165,(anonymous_13)
FN:190,(anonymous_14)
FN:220,(anonymous_15)
FN:235,(anonymous_16)
FN:243,(anonymous_17)
FN:260,(anonymous_18)
FN:283,(anonymous_19)
FNF:17
FNH:17
FNDA:2,(anonymous_3)
FNDA:1,CountDownMonitor
FNDA:75,(anonymous_5)
FNDA:72,(anonymous_6)
FNDA:5,(anonymous_7)
FNDA:5,(anonymous_8)
FNDA:5,(anonymous_9)
FNDA:2,(anonymous_10)
FNDA:5,CountDown
FNDA:5,(anonymous_12)
FNDA:5,(anonymous_13)
FNDA:72,(anonymous_14)
FNDA:6,(anonymous_15)
FNDA:1,(anonymous_16)
FNDA:72,(anonymous_17)
FNDA:5,(anonymous_18)
FNDA:1,(anonymous_19)
DA:42,2
DA:43,2
DA:61,2
DA:62,2
DA:64,2
DA:72,1
DA:73,1
DA:74,1
DA:77,2
DA:78,75
DA:79,75
DA:82,72
DA:83,72
DA:86,3
DA:87,3
DA:91,2
DA:92,5
DA:94,4
DA:101,2
DA:102,5
DA:103,5
DA:106,2
DA:107,5
DA:109,2
DA:111,2
DA:136,5
DA:144,5
DA:145,5
DA:146,5
DA:147,5
DA:148,5
DA:149,5
DA:150,5
DA:152,5
DA:153,5
DA:156,2
DA:157,5
DA:158,5
DA:160,1
DA:162,5
DA:165,2
DA:166,5
DA:170,5
DA:172,5
DA:174,0
DA:176,0
DA:178,5
DA:180,5
DA:181,5
DA:183,1
DA:184,1
DA:186,5
DA:187,5
DA:190,2
DA:192,72
DA:193,72
DA:194,72
DA:195,72
DA:196,72
DA:198,72
DA:202,72
DA:204,19
DA:206,19
DA:220,2
DA:221,6
DA:235,2
DA:236,1
DA:237,1
DA:239,1
DA:243,2
DA:244,72
DA:245,72
DA:246,72
DA:248,3
DA:260,2
DA:262,5
DA:263,5
DA:264,5
DA:266,5
DA:271,4
DA:283,2
DA:284,1
DA:285,1
DA:286,1
DA:287,1
DA:289,2
DA:291,2
LF:87
LH:85
BRDA:146,0,0,5
BRDA:146,0,1,0
BRDA:236,1,0,0
BRDA:236,1,1,1
BRDA:237,2,0,1
BRDA:237,2,1,0
BRF:6
BRH:3
end_of_record
TN:
SF:src/time/delay.ts
FN:14,delay
FN:15,(anonymous_1)
FNF:2
FNH:2
FNDA:9,delay
FNDA:9,(anonymous_1)
DA:14,2
DA:15,9
DA:16,9
DA:20,2
LF:4
LH:4
BRF:0
BRH:0
end_of_record
TN:
SF:src/time/formatDate.ts
FN:84,(anonymous_3)
FN:86,rightLimit
FN:92,formatDate
FNF:3
FNH:3
FNDA:1,(anonymous_3)
FNDA:4,rightLimit
FNDA:2,formatDate
DA:47,2
DA:48,2
DA:83,2
DA:84,2
DA:87,4
DA:88,4
DA:89,4
DA:92,2
DA:96,2
DA:97,2
DA:105,2
DA:106,2
DA:107,2
DA:108,2
DA:109,2
DA:110,2
DA:111,2
DA:112,2
DA:113,2
DA:115,2
DA:116,2
DA:117,2
DA:119,2
DA:120,2
DA:122,2
DA:123,2
DA:125,2
DA:127,2
DA:128,2
DA:130,2
DA:131,2
DA:133,2
DA:134,2
DA:136,2
DA:137,2
DA:139,2
DA:142,2
LF:37
LH:37
BRDA:89,0,0,2
BRDA:89,0,1,2
BRF:2
BRH:2
end_of_record
TN:
SF:src/time/getLastStartTime.ts
FN:30,getLastStartTime
FNF:1
FNH:1
FNDA:5,getLastStartTime
DA:18,2
DA:19,2
DA:30,2
DA:32,5
DA:33,9
DA:35,5
DA:36,5
DA:38,5
DA:45,0
DA:49,1
DA:50,1
DA:51,1
DA:53,1
DA:54,1
DA:55,1
DA:56,1
DA:57,1
DA:58,1
DA:59,1
DA:61,3
DA:63,2
DA:66,1
DA:68,3
DA:69,3
DA:72,5
DA:75,2
LF:26
LH:25
BRDA:32,0,0,0
BRDA:33,1,0,4
BRF:2
BRH:1
end_of_record
TN:
SF:src/time/getTimeSplit.ts
FN:40,getTimeSplit
FNF:1
FNH:1
FNDA:5,getTimeSplit
DA:25,2
DA:28,2
DA:30,2
DA:40,2
DA:42,5
DA:44,5
DA:45,5
DA:48,5
DA:49,5
DA:51,5
DA:53,1
DA:55,5
DA:56,5
DA:57,5
DA:58,5
DA:59,5
DA:62,5
DA:65,5
DA:68,2
DA:71,1
DA:74,5
DA:79,5
DA:82,2
LF:23
LH:23
BRDA:42,0,0,0
BRDA:49,1,0,0
BRDA:49,1,1,5
BRF:3
BRH:1
end_of_record
TN:
SF:src/time/getUTCDate.ts
FN:21,getUTCDate
FNF:1
FNH:1
FNDA:12,getUTCDate
DA:19,2
DA:21,2
DA:22,12
DA:23,12
DA:24,12
DA:27,2
LF:6
LH:6
BRF:0
BRH:0
end_of_record
TN:
SF:src/time/index.ts
FN:6,(anonymous_0)
FN:7,(anonymous_1)
FN:8,(anonymous_2)
FN:9,(anonymous_3)
FN:10,(anonymous_4)
FN:11,(anonymous_5)
FN:12,(anonymous_6)
FNF:7
FNH:6
FNDA:9,(anonymous_0)
FNDA:2,(anonymous_1)
FNDA:5,(anonymous_2)
FNDA:2,(anonymous_3)
FNDA:0,(anonymous_4)
FNDA:1,(anonymous_5)
FNDA:5,(anonymous_6)
DA:6,11
DA:7,4
DA:8,7
DA:9,4
DA:10,2
DA:11,3
DA:12,7
LF:7
LH:7
BRF:0
BRH:0
end_of_record
TN:
SF:src/time/parseUnitTime.ts
FN:39,parseUnitTime
FNF:1
FNH:1
FNDA:1,parseUnitTime
DA:18,2
DA:39,2
DA:43,1
DA:48,1
DA:56,1
DA:57,1
DA:58,1
DA:59,1
DA:60,1
DA:62,1
DA:65,1
DA:69,1
DA:70,1
DA:74,1
DA:75,1
DA:79,1
DA:80,1
DA:83,1
DA:85,1
DA:88,2
LF:20
LH:20
BRF:0
BRH:0
end_of_record
TN:
SF:src/url/getQuery.ts
FN:26,getQuery
FN:40,(anonymous_1)
FNF:2
FNH:2
FNDA:9,getQuery
FNDA:5,(anonymous_1)
DA:21,1
DA:26,1
DA:27,9
DA:29,1
DA:32,8
DA:34,6
DA:35,6
DA:37,4
DA:38,4
DA:39,4
DA:40,4
DA:41,5
DA:43,5
DA:44,5
DA:45,5
DA:48,4
DA:53,2
DA:56,6
DA:59,1
LF:19
LH:19
BRDA:27,0,0,9
BRDA:27,0,1,1
BRDA:27,0,2,1
BRDA:27,1,0,1
BRDA:27,1,1,0
BRDA:27,2,0,1
BRDA:27,2,1,1
BRDA:27,3,0,1
BRDA:27,3,1,0
BRDA:27,4,0,1
BRDA:27,4,1,1
BRDA:53,5,0,2
BRDA:53,5,1,1
BRF:13
BRH:11
end_of_record
TN:
SF:src/url/index.ts
FN:7,(anonymous_0)
FN:8,(anonymous_1)
FNF:2
FNH:2
FNDA:9,(anonymous_0)
FNDA:10,(anonymous_1)
DA:7,10
DA:8,11
LF:2
LH:2
BRF:0
BRH:0
end_of_record
TN:
SF:src/url/setQuery.ts
FN:22,setQuery
FN:27,(anonymous_1)
FN:32,(anonymous_2)
FN:44,(anonymous_3)
FN:58,(anonymous_4)
FNF:5
FNH:5
FNDA:10,setQuery
FNDA:9,(anonymous_1)
FNDA:10,(anonymous_2)
FNDA:12,(anonymous_3)
FNDA:12,(anonymous_4)
DA:22,1
DA:23,10
DA:24,1
DA:26,9
DA:27,9
DA:28,9
DA:29,9
DA:31,9
DA:33,10
DA:34,10
DA:35,10
DA:37,6
DA:39,10
DA:44,9
DA:45,12
DA:47,1
DA:49,11
DA:53,9
DA:55,1
DA:57,8
DA:58,12
DA:60,8
DA:63,9
DA:67,1
LF:24
LH:24
BRDA:23,0,0,10
BRDA:23,0,1,1
BRDA:28,1,0,9
BRDA:28,1,1,4
BRDA:46,2,0,12
BRDA:46,2,1,11
BRF:6
BRH:6
end_of_record
TN:
SF:src/util/abToHex.ts
FN:15,iterator
FN:19,abToHex
FNF:2
FNH:2
FNDA:2,iterator
FNDA:1,abToHex
DA:16,2
DA:19,1
DA:20,1
DA:21,1
DA:24,1
LF:5
LH:5
BRF:0
BRH:0
end_of_record
TN:
SF:src/util/ascToHex.ts
FN:12,ascToHex
FNF:1
FNH:1
FNDA:2,ascToHex
DA:12,1
DA:14,1
DA:16,1
DA:18,1
DA:20,2
DA:21,2
DA:22,2
DA:24,1
DA:27,1
LF:9
LH:9
BRF:0
BRH:0
end_of_record
TN:
SF:src/util/getType.ts
FN:25,getType
FNF:1
FNH:1
FNDA:1,getType
DA:25,1
DA:26,1
DA:32,1
LF:3
LH:3
BRF:0
BRH:0
end_of_record
TN:
SF:src/util/hexToAb.ts
FN:18,hexToAb
FNF:1
FNH:1
FNDA:2,hexToAb
DA:18,1
DA:20,1
DA:22,1
DA:23,1
DA:24,1
DA:26,1
DA:28,2
DA:29,2
DA:30,2
DA:32,1
DA:35,1
LF:11
LH:11
BRF:0
BRH:0
end_of_record
TN:
SF:src/util/hexToAsc.ts
FN:12,hexToAsc
FN:16,(anonymous_1)
FNF:2
FNH:2
FNDA:2,hexToAsc
FNDA:2,(anonymous_1)
DA:12,1
DA:14,1
DA:16,1
DA:17,2
DA:18,2
DA:22,1
LF:6
LH:6
BRF:0
BRH:0
end_of_record
TN:
SF:src/util/hslToRgb.ts
FN:18,hueToRgb
FN:28,hslToRgb
FNF:2
FNH:2
FNDA:3,hueToRgb
FNDA:4,hslToRgb
DA:19,3
DA:20,3
DA:21,3
DA:22,3
DA:23,3
DA:24,2
DA:25,1
DA:28,1
DA:39,3
DA:40,3
DA:41,3
DA:43,1
DA:44,1
DA:45,1
DA:46,1
DA:47,1
DA:49,4
DA:52,1
LF:18
LH:18
BRDA:20,0,0,0
BRDA:21,1,0,0
BRDA:22,2,0,0
BRDA:23,3,0,1
BRDA:24,4,0,1
BRDA:43,5,0,0
BRDA:43,5,1,1
BRF:7
BRH:3
end_of_record
TN:
SF:src/util/index.ts
FN:7,(anonymous_0)
FN:8,(anonymous_1)
FN:9,(anonymous_2)
FN:10,(anonymous_3)
FN:11,(anonymous_4)
FN:12,(anonymous_5)
FN:13,(anonymous_6)
FN:14,(anonymous_7)
FN:15,(anonymous_8)
FN:16,(anonymous_9)
FNF:10
FNH:10
FNDA:1,(anonymous_0)
FNDA:2,(anonymous_1)
FNDA:1,(anonymous_2)
FNDA:2,(anonymous_3)
FNDA:2,(anonymous_4)
FNDA:4,(anonymous_5)
FNDA:1,(anonymous_6)
FNDA:4,(anonymous_7)
FNDA:4,(anonymous_8)
FNDA:3,(anonymous_9)
DA:7,2
DA:8,3
DA:9,2
DA:10,3
DA:11,3
DA:12,5
DA:13,2
DA:14,5
DA:15,5
DA:16,4
LF:10
LH:10
BRF:0
BRH:0
end_of_record
TN:
SF:src/util/isLightColor.ts
FN:15,isLightColor
FNF:1
FNH:1
FNDA:4,isLightColor
DA:1,1
DA:15,8
DA:16,4
DA:18,4
DA:19,4
DA:20,4
DA:22,2
DA:25,0
DA:27,4
DA:30,1
LF:10
LH:9
BRDA:15,0,0,4
BRF:1
BRH:1
end_of_record
TN:
SF:src/util/measureDistance.ts
FN:14,measureDistance
FNF:1
FNH:1
FNDA:1,measureDistance
DA:14,1
DA:20,1
DA:21,1
DA:22,1
DA:23,1
DA:24,1
DA:25,1
DA:26,1
DA:27,1
DA:29,1
DA:30,1
DA:33,1
LF:12
LH:12
BRF:0
BRH:0
end_of_record
TN:
SF:src/util/parseRGB.ts
FN:16,parseRGB
FN:28,(anonymous_1)
FN:33,(anonymous_2)
FNF:3
FNH:3
FNDA:7,parseRGB
FNDA:6,(anonymous_1)
FNDA:21,(anonymous_2)
DA:14,1
DA:16,1
DA:17,7
DA:19,0
DA:22,0
DA:25,7
DA:26,7
DA:28,6
DA:30,5
DA:32,7
DA:33,21
DA:36,1
LF:12
LH:10
BRF:0
BRH:0
end_of_record
TN:
SF:src/util/rgbToHsl.ts
FN:18,rgbToHsl
FNF:1
FNH:1
FNDA:4,rgbToHsl
DA:18,1
DA:23,4
DA:24,4
DA:25,4
DA:26,4
DA:27,4
DA:30,4
DA:34,3
DA:35,3
DA:37,1
DA:38,1
DA:40,0
DA:42,0
DA:44,1
DA:46,1
DA:49,4
DA:52,1
LF:17
LH:15
BRDA:38,0,0,1
BRDA:38,0,1,0
BRDA:40,1,0,0
BRDA:40,1,1,0
BRF:4
BRH:1
end_of_record
