TN:
SF:src/index.ts
FNF:0
FNH:0
DA:1,7
DA:2,7
DA:3,7
DA:4,7
DA:5,7
DA:6,7
DA:7,7
LF:7
LH:7
BRF:0
BRH:0
end_of_record
TN:
SF:src/dom/eventOccurInside.ts
FN:17,eventOccurInside
FNF:1
FNH:1
FNDA:2,eventOccurInside
DA:17,7
DA:18,2
DA:19,2
DA:21,2
DA:23,0
DA:26,7
LF:6
LH:5
BRDA:18,0,0,2
BRDA:18,1,0,2
BRDA:18,1,1,2
BRDA:18,1,2,2
BRF:4
BRH:4
end_of_record
TN:
SF:src/dom/index.ts
FN:7,(anonymous_0)
FN:8,(anonymous_1)
FNF:2
FNH:2
FNDA:2,(anonymous_0)
FNDA:2,(anonymous_1)
DA:7,9
DA:8,9
LF:2
LH:2
BRF:0
BRH:0
end_of_record
TN:
SF:src/dom/isHTMLElement.ts
FN:10,isHTMLElement
FNF:1
FNH:1
FNDA:2,isHTMLElement
DA:10,7
DA:11,2
DA:12,2
DA:19,7
LF:4
LH:4
BRDA:13,0,0,2
BRDA:13,0,1,2
BRDA:13,0,2,1
BRF:3
BRH:3
end_of_record
TN:
SF:src/fn/index.ts
FN:7,(anonymous_0)
FN:8,(anonymous_1)
FN:9,(anonymous_2)
FN:10,(anonymous_3)
FN:11,(anonymous_4)
FNF:5
FNH:5
FNDA:1,(anonymous_0)
FNDA:1,(anonymous_1)
FNDA:3,(anonymous_2)
FNDA:1,(anonymous_3)
FNDA:1,(anonymous_4)
DA:7,8
DA:8,8
DA:9,10
DA:10,8
DA:11,8
LF:5
LH:5
BRF:0
BRH:0
end_of_record
TN:
SF:src/fn/setLock.ts
FN:19,setLock
FN:24,(anonymous_1)
FN:26,(anonymous_2)
FNF:3
FNH:3
FNDA:1,setLock
FNDA:3,(anonymous_1)
FNDA:2,(anonymous_2)
DA:19,7
DA:23,1
DA:24,6
DA:25,3
DA:26,2
DA:27,2
DA:29,2
DA:33,7
LF:8
LH:8
BRDA:25,0,0,1
BRF:1
BRH:1
end_of_record
TN:
SF:src/fn/setPrepare.ts
FN:53,setPrepare
FN:58,(anonymous_1)
FN:66,(anonymous_2)
FNF:3
FNH:3
FNDA:1,setPrepare
FNDA:3,(anonymous_1)
FNDA:1,(anonymous_2)
DA:53,7
DA:54,1
DA:55,1
DA:58,1
DA:59,3
DA:60,1
DA:62,2
DA:66,1
DA:67,1
DA:68,1
DA:69,1
DA:70,2
DA:71,2
DA:75,1
DA:78,7
LF:15
LH:15
BRDA:59,0,0,1
BRDA:59,0,1,2
BRF:2
BRH:2
end_of_record
TN:
SF:src/fn/setPromiseCache.ts
FN:29,setPromiseCache
FN:35,(anonymous_14)
FNF:2
FNH:2
FNDA:3,setPromiseCache
FNDA:8,(anonymous_14)
DA:29,10
DA:31,3
DA:33,3
DA:34,3
DA:35,16
DA:36,8
DA:37,8
DA:38,8
DA:42,5
DA:44,8
DA:45,5
DA:46,5
DA:48,8
DA:49,8
DA:53,7
LF:15
LH:15
BRDA:31,0,0,2
BRDA:38,1,0,5
BRDA:39,2,0,8
BRDA:39,2,1,8
BRDA:44,3,0,5
BRF:5
BRH:5
end_of_record
TN:
SF:src/fn/setQueue.ts
FN:22,setQueue
FN:25,(anonymous_1)
FN:26,(anonymous_2)
FN:32,(anonymous_3)
FNF:4
FNH:4
FNDA:1,setQueue
FNDA:2,(anonymous_1)
FNDA:2,(anonymous_2)
FNDA:3,(anonymous_3)
DA:22,7
DA:23,1
DA:24,1
DA:25,4
DA:26,2
DA:27,2
DA:28,2
DA:31,2
DA:32,1
DA:33,3
DA:34,1
DA:35,1
DA:37,2
DA:44,7
LF:14
LH:14
BRDA:27,0,0,2
BRDA:31,1,0,1
BRDA:33,2,0,1
BRDA:33,2,1,2
BRF:4
BRH:4
end_of_record
TN:
SF:src/fn/setRegular.ts
FN:26,setRegular
FN:29,(anonymous_1)
FN:32,(anonymous_2)
FNF:3
FNH:3
FNDA:1,setRegular
FNDA:11,(anonymous_1)
FNDA:3,(anonymous_2)
DA:26,7
DA:27,1
DA:28,1
DA:29,22
DA:30,11
DA:31,11
DA:32,1
DA:33,3
DA:34,3
DA:36,3
DA:37,0
DA:38,0
DA:40,3
DA:46,7
LF:14
LH:12
BRDA:31,0,0,1
BRDA:33,1,0,3
BRDA:36,2,0,0
BRF:3
BRH:2
end_of_record
TN:
SF:src/io/getScript.ts
FN:19,getScript
FN:23,(anonymous_3)
FN:38,(anonymous_4)
FNF:3
FNH:3
FNDA:2,getScript
FNDA:2,(anonymous_3)
FNDA:2,(anonymous_4)
DA:19,7
DA:23,2
DA:24,2
DA:29,2
DA:30,2
DA:31,2
DA:33,2
DA:34,0
DA:38,2
DA:39,2
DA:40,2
DA:43,2
DA:44,2
DA:48,7
LF:14
LH:13
BRDA:33,0,0,0
BRF:1
BRH:0
end_of_record
TN:
SF:src/io/index.ts
FN:7,(anonymous_0)
FN:8,(anonymous_1)
FNF:2
FNH:2
FNDA:1,(anonymous_0)
FNDA:2,(anonymous_1)
DA:7,8
DA:8,9
LF:2
LH:2
BRF:0
BRH:0
end_of_record
TN:
SF:src/io/loadSdk.ts
FN:46,loadSdk
FN:67,(anonymous_4)
FNF:2
FNH:2
FNDA:2,loadSdk
FNDA:1,(anonymous_4)
DA:18,7
DA:19,7
DA:20,7
DA:32,7
DA:34,7
DA:36,7
DA:37,0
DA:39,7
DA:40,7
DA:41,7
DA:42,7
DA:46,7
DA:47,2
DA:58,2
DA:60,2
DA:61,2
DA:62,1
DA:65,1
DA:67,1
DA:68,1
DA:70,1
DA:73,7
LF:22
LH:21
BRDA:36,0,0,0
BRDA:36,0,1,7
BRDA:40,1,0,7
BRDA:61,2,0,1
BRF:4
BRH:3
end_of_record
TN:
SF:src/num/commaFormat.ts
FN:13,commaFormat
FNF:1
FNH:1
FNDA:3,commaFormat
DA:13,7
DA:14,3
DA:15,3
DA:16,3
DA:18,3
DA:19,1
DA:21,3
DA:24,7
LF:8
LH:8
BRDA:15,0,0,3
BRDA:18,1,0,1
BRF:2
BRH:2
end_of_record
TN:
SF:src/num/fixAccuracy.ts
FN:14,fixAccuracy
FNF:1
FNH:1
FNDA:2,fixAccuracy
DA:14,7
DA:16,2
DA:18,2
DA:21,7
LF:4
LH:4
BRDA:16,0,0,2
BRF:1
BRH:1
end_of_record
TN:
SF:src/num/index.ts
FN:7,(anonymous_0)
FN:8,(anonymous_1)
FNF:2
FNH:2
FNDA:3,(anonymous_0)
FNDA:2,(anonymous_1)
DA:7,10
DA:8,9
LF:2
LH:2
BRF:0
BRH:0
end_of_record
TN:
SF:src/str/byteLength.ts
FN:12,byteLength
FNF:1
FNH:1
FNDA:9,byteLength
DA:12,7
DA:13,9
DA:14,9
DA:15,1
DA:17,8
DA:18,8
DA:21,7
LF:7
LH:7
BRDA:14,0,0,1
BRDA:18,1,0,1
BRDA:18,1,1,7
BRF:3
BRH:3
end_of_record
TN:
SF:src/str/dbcToSbc.ts
FN:11,dbcToSbc
FN:14,(anonymous_1)
FNF:2
FNH:2
FNDA:1,dbcToSbc
FNDA:10,(anonymous_1)
DA:11,7
DA:12,1
DA:14,10
DA:18,7
LF:4
LH:4
BRF:0
BRH:0
end_of_record
TN:
SF:src/str/decodeHTML.ts
FN:11,decodeHTML
FNF:1
FNH:1
FNDA:1,decodeHTML
DA:11,7
DA:12,1
DA:21,7
LF:3
LH:3
BRF:0
BRH:0
end_of_record
TN:
SF:src/str/encodeHTML.ts
FN:12,encodeHTML
FNF:1
FNH:1
FNDA:1,encodeHTML
DA:12,7
DA:13,1
DA:22,7
LF:3
LH:3
BRF:0
BRH:0
end_of_record
TN:
SF:src/str/getLeftByteString.ts
FN:16,getLeftByteString
FNF:1
FNH:1
FNDA:6,getLeftByteString
DA:14,7
DA:16,7
DA:17,6
DA:19,6
DA:22,6
DA:23,6
DA:24,0
DA:26,6
DA:29,7
LF:9
LH:8
BRDA:23,0,0,0
BRDA:23,1,0,6
BRDA:23,1,1,0
BRF:3
BRH:1
end_of_record
TN:
SF:src/str/getRnd36.ts
FN:11,getRnd36
FNF:1
FNH:1
FNDA:3,getRnd36
DA:11,7
DA:12,3
DA:13,3
DA:16,7
LF:4
LH:4
BRDA:12,0,0,3
BRDA:12,0,1,2
BRF:2
BRH:2
end_of_record
TN:
SF:src/str/getTime36.ts
FN:12,getTime36
FNF:1
FNH:1
FNDA:2,getTime36
DA:12,7
DA:13,2
DA:14,2
DA:17,7
LF:4
LH:4
BRDA:13,0,0,1
BRDA:13,0,1,1
BRF:2
BRH:2
end_of_record
TN:
SF:src/str/index.ts
FN:6,(anonymous_0)
FN:7,(anonymous_1)
FN:8,(anonymous_2)
FN:9,(anonymous_3)
FN:10,(anonymous_4)
FN:11,(anonymous_5)
FN:12,(anonymous_6)
FN:13,(anonymous_7)
FN:14,(anonymous_8)
FNF:9
FNH:9
FNDA:3,(anonymous_0)
FNDA:1,(anonymous_1)
FNDA:1,(anonymous_2)
FNDA:1,(anonymous_3)
FNDA:6,(anonymous_4)
FNDA:3,(anonymous_5)
FNDA:2,(anonymous_6)
FNDA:2,(anonymous_7)
FNDA:1,(anonymous_8)
DA:6,10
DA:7,8
DA:8,8
DA:9,8
DA:10,13
DA:11,10
DA:12,9
DA:13,9
DA:14,8
LF:9
LH:9
BRF:0
BRH:0
end_of_record
TN:
SF:src/str/ipToHex.ts
FN:11,ipToHex
FN:12,(anonymous_1)
FNF:2
FNH:2
FNDA:2,ipToHex
FNDA:8,(anonymous_1)
DA:11,7
DA:12,2
DA:13,8
DA:14,8
DA:15,8
DA:16,8
DA:17,4
DA:19,8
DA:23,7
LF:9
LH:9
BRDA:14,0,0,8
BRDA:14,0,1,0
BRDA:16,1,0,4
BRF:3
BRH:2
end_of_record
TN:
SF:src/str/sizeOfUTF8String.ts
FN:11,sizeOfUTF8String
FNF:1
FNH:1
FNDA:1,sizeOfUTF8String
DA:11,7
DA:12,1
DA:19,7
LF:3
LH:3
BRDA:13,0,0,1
BRDA:13,0,1,0
BRF:2
BRH:1
end_of_record
TN:
SF:src/time/CountDown.ts
FN:64,(anonymous_3)
FN:71,CountDownMonitor
FN:77,(anonymous_5)
FN:82,(anonymous_6)
FN:91,(anonymous_7)
FN:101,(anonymous_8)
FN:106,(anonymous_9)
FN:111,(anonymous_10)
FN:130,CountDown
FN:156,(anonymous_12)
FN:165,(anonymous_13)
FN:190,(anonymous_14)
FN:220,(anonymous_15)
FN:235,(anonymous_16)
FN:243,(anonymous_17)
FN:260,(anonymous_18)
FN:283,(anonymous_19)
FNF:17
FNH:17
FNDA:7,(anonymous_3)
FNDA:1,CountDownMonitor
FNDA:75,(anonymous_5)
FNDA:72,(anonymous_6)
FNDA:5,(anonymous_7)
FNDA:5,(anonymous_8)
FNDA:5,(anonymous_9)
FNDA:7,(anonymous_10)
FNDA:5,CountDown
FNDA:5,(anonymous_12)
FNDA:5,(anonymous_13)
FNDA:72,(anonymous_14)
FNDA:6,(anonymous_15)
FNDA:1,(anonymous_16)
FNDA:72,(anonymous_17)
FNDA:5,(anonymous_18)
FNDA:1,(anonymous_19)
DA:42,7
DA:43,7
DA:61,7
DA:62,7
DA:64,7
DA:72,1
DA:73,1
DA:74,1
DA:77,7
DA:78,75
DA:79,75
DA:81,75
DA:82,72
DA:83,72
DA:86,3
DA:87,3
DA:91,7
DA:92,5
DA:93,5
DA:94,4
DA:101,7
DA:102,5
DA:103,5
DA:106,7
DA:107,5
DA:109,7
DA:111,7
DA:136,5
DA:144,5
DA:145,5
DA:146,5
DA:147,5
DA:148,5
DA:149,5
DA:150,5
DA:152,5
DA:153,5
DA:156,7
DA:157,5
DA:158,5
DA:159,5
DA:160,1
DA:162,5
DA:165,7
DA:166,5
DA:170,5
DA:171,5
DA:172,5
DA:173,0
DA:174,0
DA:176,0
DA:178,5
DA:180,5
DA:181,5
DA:182,5
DA:183,1
DA:184,1
DA:186,5
DA:187,5
DA:190,7
DA:192,72
DA:193,72
DA:194,72
DA:195,72
DA:196,72
DA:198,72
DA:202,72
DA:203,72
DA:204,19
DA:205,19
DA:206,19
DA:220,7
DA:221,6
DA:235,7
DA:236,1
DA:237,1
DA:238,1
DA:239,1
DA:243,7
DA:244,72
DA:245,72
DA:246,72
DA:247,72
DA:248,3
DA:260,7
DA:262,5
DA:263,5
DA:264,5
DA:265,5
DA:266,5
DA:270,5
DA:271,4
DA:283,7
DA:284,1
DA:285,1
DA:286,1
DA:287,1
DA:289,7
DA:291,7
LF:99
LH:96
BRDA:81,0,0,72
BRDA:81,0,1,3
BRDA:93,1,0,4
BRDA:146,2,0,5
BRDA:146,2,1,0
BRDA:159,3,0,1
BRDA:171,4,0,5
BRDA:171,4,1,0
BRDA:173,5,0,0
BRDA:173,5,1,0
BRDA:182,6,0,1
BRDA:203,7,0,19
BRDA:205,8,0,19
BRDA:236,9,0,0
BRDA:236,9,1,1
BRDA:237,10,0,1
BRDA:237,10,1,0
BRDA:238,11,0,1
BRDA:247,12,0,3
BRDA:265,13,0,5
BRDA:270,14,0,4
BRF:21
BRH:15
end_of_record
TN:
SF:src/time/delay.ts
FN:14,delay
FN:15,(anonymous_1)
FNF:2
FNH:2
FNDA:9,delay
FNDA:9,(anonymous_1)
DA:14,7
DA:15,9
DA:16,9
DA:20,7
LF:4
LH:4
BRF:0
BRH:0
end_of_record
TN:
SF:src/time/formatDate.ts
FN:84,(anonymous_3)
FN:86,rightLimit
FN:92,formatDate
FNF:3
FNH:3
FNDA:1,(anonymous_3)
FNDA:4,rightLimit
FNDA:2,formatDate
DA:47,7
DA:48,7
DA:83,7
DA:84,7
DA:87,4
DA:88,4
DA:89,4
DA:92,7
DA:96,2
DA:97,2
DA:105,2
DA:106,2
DA:107,2
DA:108,2
DA:109,2
DA:110,2
DA:111,2
DA:112,2
DA:113,2
DA:115,2
DA:116,2
DA:117,2
DA:119,2
DA:120,2
DA:122,2
DA:123,2
DA:125,2
DA:127,2
DA:128,2
DA:130,2
DA:131,2
DA:133,2
DA:134,2
DA:136,2
DA:137,2
DA:139,2
DA:142,7
LF:37
LH:37
BRDA:89,0,0,2
BRDA:89,0,1,2
BRF:2
BRH:2
end_of_record
TN:
SF:src/time/getLastStartTime.ts
FN:30,getLastStartTime
FNF:1
FNH:1
FNDA:5,getLastStartTime
DA:18,7
DA:19,7
DA:30,7
DA:32,5
DA:33,5
DA:35,5
DA:36,5
DA:38,5
DA:44,5
DA:45,0
DA:48,5
DA:49,1
DA:50,1
DA:51,1
DA:52,4
DA:53,1
DA:54,1
DA:55,1
DA:56,1
DA:57,1
DA:58,1
DA:59,1
DA:61,3
DA:62,3
DA:63,2
DA:65,3
DA:66,1
DA:68,3
DA:69,3
DA:72,5
DA:75,7
LF:31
LH:30
BRDA:32,0,0,0
BRDA:33,1,0,4
BRDA:44,2,0,0
BRDA:48,3,0,1
BRDA:48,3,1,4
BRDA:52,4,0,1
BRDA:52,4,1,3
BRDA:62,5,0,2
BRDA:65,6,0,1
BRF:9
BRH:7
end_of_record
TN:
SF:src/time/getTimeSplit.ts
FN:40,getTimeSplit
FNF:1
FNH:1
FNDA:5,getTimeSplit
DA:25,7
DA:28,7
DA:30,7
DA:40,7
DA:42,5
DA:44,5
DA:45,5
DA:48,5
DA:49,5
DA:51,5
DA:52,5
DA:53,1
DA:55,5
DA:56,5
DA:57,5
DA:58,5
DA:59,5
DA:61,5
DA:62,5
DA:64,5
DA:65,5
DA:67,5
DA:68,2
DA:70,5
DA:71,1
DA:74,5
DA:79,5
DA:82,7
LF:28
LH:28
BRDA:42,0,0,0
BRDA:49,1,0,0
BRDA:49,1,1,5
BRDA:52,2,0,1
BRDA:61,3,0,5
BRDA:64,4,0,5
BRDA:67,5,0,2
BRDA:70,6,0,1
BRF:8
BRH:6
end_of_record
TN:
SF:src/time/getUTCDate.ts
FN:18,getUTCDate
FNF:1
FNH:1
FNDA:12,getUTCDate
DA:18,7
DA:19,12
DA:20,12
DA:21,12
DA:24,7
LF:5
LH:5
BRF:0
BRH:0
end_of_record
TN:
SF:src/time/index.ts
FN:6,(anonymous_0)
FN:7,(anonymous_1)
FN:8,(anonymous_2)
FN:9,(anonymous_3)
FN:10,(anonymous_4)
FN:11,(anonymous_5)
FN:12,(anonymous_6)
FNF:7
FNH:6
FNDA:9,(anonymous_0)
FNDA:2,(anonymous_1)
FNDA:5,(anonymous_2)
FNDA:2,(anonymous_3)
FNDA:0,(anonymous_4)
FNDA:1,(anonymous_5)
FNDA:5,(anonymous_6)
DA:6,16
DA:7,9
DA:8,12
DA:9,9
DA:10,7
DA:11,8
DA:12,12
LF:7
LH:7
BRF:0
BRH:0
end_of_record
TN:
SF:src/time/parseUnitTime.ts
FN:39,parseUnitTime
FNF:1
FNH:1
FNDA:1,parseUnitTime
DA:18,7
DA:39,7
DA:43,1
DA:48,1
DA:56,1
DA:57,1
DA:58,1
DA:59,1
DA:60,1
DA:62,1
DA:64,1
DA:65,1
DA:68,1
DA:69,1
DA:70,1
DA:73,1
DA:74,1
DA:75,1
DA:78,1
DA:79,1
DA:80,1
DA:83,1
DA:85,1
DA:88,7
LF:24
LH:24
BRDA:64,0,0,1
BRDA:68,1,0,1
BRDA:73,2,0,1
BRDA:78,3,0,1
BRF:4
BRH:4
end_of_record
TN:
SF:src/util/abToHex.ts
FN:15,iterator
FN:19,abToHex
FNF:2
FNH:2
FNDA:2,iterator
FNDA:1,abToHex
DA:16,2
DA:19,7
DA:20,1
DA:21,1
DA:24,7
LF:5
LH:5
BRF:0
BRH:0
end_of_record
TN:
SF:src/util/ascToHex.ts
FN:12,ascToHex
FNF:1
FNH:1
FNDA:2,ascToHex
DA:12,7
DA:13,2
DA:14,1
DA:16,1
DA:18,1
DA:19,1
DA:20,2
DA:21,2
DA:22,2
DA:24,1
DA:27,7
LF:11
LH:11
BRDA:13,0,0,1
BRF:1
BRH:1
end_of_record
TN:
SF:src/util/getType.ts
FN:25,getType
FNF:1
FNH:1
FNDA:1,getType
DA:25,7
DA:26,1
DA:32,7
LF:3
LH:3
BRF:0
BRH:0
end_of_record
TN:
SF:src/util/hexToAb.ts
FN:18,hexToAb
FNF:1
FNH:1
FNDA:2,hexToAb
DA:18,7
DA:19,2
DA:20,1
DA:22,1
DA:23,1
DA:24,1
DA:26,1
DA:27,1
DA:28,2
DA:29,2
DA:30,2
DA:32,1
DA:35,7
LF:13
LH:13
BRDA:19,0,0,1
BRF:1
BRH:1
end_of_record
TN:
SF:src/util/hexToAsc.ts
FN:12,hexToAsc
FN:16,(anonymous_1)
FNF:2
FNH:2
FNDA:2,hexToAsc
FNDA:2,(anonymous_1)
DA:12,7
DA:13,2
DA:14,1
DA:16,1
DA:17,2
DA:18,2
DA:22,7
LF:7
LH:7
BRDA:13,0,0,1
BRF:1
BRH:1
end_of_record
TN:
SF:src/util/hslToRgb.ts
FN:18,hueToRgb
FN:28,hslToRgb
FNF:2
FNH:2
FNDA:3,hueToRgb
FNDA:4,hslToRgb
DA:19,3
DA:20,3
DA:21,3
DA:22,3
DA:23,3
DA:24,2
DA:25,1
DA:28,7
DA:37,4
DA:39,3
DA:40,3
DA:41,3
DA:43,1
DA:44,1
DA:45,1
DA:46,1
DA:47,1
DA:49,4
DA:52,7
LF:19
LH:19
BRDA:20,0,0,0
BRDA:21,1,0,0
BRDA:22,2,0,0
BRDA:23,3,0,1
BRDA:24,4,0,1
BRDA:37,5,0,3
BRDA:37,5,1,1
BRDA:43,6,0,0
BRDA:43,6,1,1
BRF:9
BRH:5
end_of_record
TN:
SF:src/util/index.ts
FN:7,(anonymous_0)
FN:8,(anonymous_1)
FN:9,(anonymous_2)
FN:10,(anonymous_3)
FN:11,(anonymous_4)
FN:12,(anonymous_5)
FN:13,(anonymous_6)
FN:14,(anonymous_7)
FNF:8
FNH:8
FNDA:1,(anonymous_0)
FNDA:2,(anonymous_1)
FNDA:1,(anonymous_2)
FNDA:2,(anonymous_3)
FNDA:2,(anonymous_4)
FNDA:4,(anonymous_5)
FNDA:1,(anonymous_6)
FNDA:4,(anonymous_7)
DA:7,8
DA:8,9
DA:9,8
DA:10,9
DA:11,9
DA:12,11
DA:13,8
DA:14,11
LF:8
LH:8
BRF:0
BRH:0
end_of_record
TN:
SF:src/util/measureDistance.ts
FN:14,measureDistance
FNF:1
FNH:1
FNDA:1,measureDistance
DA:14,7
DA:20,1
DA:21,1
DA:22,1
DA:23,1
DA:24,1
DA:25,1
DA:26,1
DA:27,1
DA:29,1
DA:30,1
DA:33,7
LF:12
LH:12
BRF:0
BRH:0
end_of_record
TN:
SF:src/util/rgbToHsl.ts
FN:18,rgbToHsl
FNF:1
FNH:1
FNDA:4,rgbToHsl
DA:18,7
DA:23,4
DA:24,4
DA:25,4
DA:26,4
DA:27,4
DA:30,4
DA:32,4
DA:34,3
DA:35,3
DA:37,1
DA:38,1
DA:39,1
DA:40,0
DA:41,1
DA:42,0
DA:44,1
DA:46,1
DA:49,4
DA:52,7
LF:20
LH:18
BRDA:32,0,0,3
BRDA:32,0,1,1
BRDA:38,1,0,1
BRDA:38,1,1,0
BRDA:39,2,0,0
BRDA:39,2,1,1
BRDA:40,3,0,0
BRDA:40,3,1,0
BRDA:41,4,0,0
BRDA:41,4,1,1
BRF:10
BRH:5
end_of_record
